#EXP	Sat Feb 26 14:57:56 2000		
X	Y	TIME	CLICK
512	384	0	0
512	384	0.1	0
512	364	0.2	0
512	364	0.3	0
512	364	0.4	0
512	364	0.5	0
512	364	0.6	0
512	364	0.7	0
510	359	0.8	0
510	358	0.9	0
510	357	1	0
510	357	1.1	0
510	357	1.2	0
510	357	1.3	0
510	357	1.4	0
510	357	1.5	0
510	357	1.6	0
510	357	1.7	0
510	357	1.8	0
510	357	1.9	0
510	357	2	0
510	357	2.1	0
511	357	2.2	0
511	357	2.3	0
511	357	2.4	0
511	357	2.5	0
511	357	2.6	0
511	357	2.7	0
511	357	2.8	0
511	357	2.9	0
511	357	3	0
511	357	3.1	0
511	357	3.2	0
511	357	3.3	0
511	357	3.4	0
511	357	3.5	0
511	357	3.6	0
511	357	3.7	0
511	357	3.8	0
511	357	3.9	0
511	357	4	0
511	357	4.1	0
511	357	4.2	0
511	357	4.3	0
511	357	4.4	0
511	357	4.5	0
511	357	4.6	0
511	357	4.7	0
511	354	4.8	0
509	342	4.9	0
507	340	5	0
507	340	5.1	0
507	340	5.2	0
507	340	5.3	0
507	340	5.4	0
507	340	5.5	0
507	340	5.6	0
507	340	5.7	0
507	340	5.8	0
507	340	5.9	0
507	340	6	0
507	340	6.1	0
507	340	6.2	0
507	340	6.3	0
507	340	6.4	0
507	340	6.5	0
507	340	6.6	0
507	340	6.7	0
507	340	6.8	0
505	340	6.9	0
505	340	7	0
505	340	7.1	0
505	340	7.2	0
505	340	7.3	0
505	340	7.4	0
505	340	7.5	0
505	340	7.6	0
505	340	7.7	0
505	340	7.8	0
505	340	7.9	0
505	340	8	0
505	340	8.1	0
505	340	8.2	0
505	340	8.3	0
505	340	8.4	0
505	340	8.5	0
505	340	8.6	0
505	340	8.7	0
505	340	8.8	0
505	340	8.9	0
505	340	9	0
505	340	9.1	0
505	340	9.2	0
505	340	9.3	0
505	340	9.4	0
505	340	9.5	0
505	340	9.6	0
505	340	9.7	0
505	340	9.8	0
505	340	9.9	0
505	340	10	0
505	340	10.1	0
505	340	10.2	0
505	340	10.3	0
505	340	10.4	0
505	340	10.5	0
505	340	10.6	0
503	340	10.7	0
503	340	10.8	0
503	340	10.9	0
503	340	11	0
503	340	11.1	0
503	340	11.2	0
503	340	11.3	0
503	340	11.4	0
503	340	11.5	0
503	340	11.6	0
503	340	11.7	0
503	340	11.8	0
503	340	11.9	0
503	340	12	0
503	340	12.1	0
503	340	12.2	0
503	340	12.3	0
503	340	12.4	0
503	340	12.5	0
503	340	12.6	0
503	340	12.7	0
503	340	12.8	0
503	340	12.9	0
503	340	13	0
503	340	13.1	0
503	340	13.2	0
503	340	13.3	0
503	340	13.4	0
503	340	13.5	0
503	340	13.6	0
503	340	13.7	0
503	340	13.8	0
503	340	13.9	0
503	340	14	0
503	340	14.1	0
503	340	14.2	0
503	340	14.3	0
503	340	14.4	0
503	340	14.5	0
503	340	14.6	0
503	340	14.7	0
503	340	14.8	0
503	340	14.9	0
503	340	15	0
503	340	15.1	0
503	340	15.2	0
503	340	15.3	0
503	340	15.4	0
503	340	15.5	0
503	340	15.6	0
503	340	15.7	0
503	340	15.8	0
503	340	15.9	0
503	340	16	0
503	340	16.1	0
503	340	16.2	0
503	340	16.3	0
503	340	16.4	0
503	340	16.5	0
503	340	16.6	0
503	340	16.7	0
503	340	16.8	0
503	340	16.9	0
503	340	17	0
503	340	17.1	0
483	337	17.2	0
483	337	17.3	0
479	337	17.4	0
469	339	17.5	0
456	342	17.6	0
454	348	17.7	0
454	355	17.8	0
452	361	17.9	0
447	366	18	0
443	374	18.1	0
442	383	18.2	0
441	390	18.3	0
441	391	18.4	0
442	390	18.5	0
442	390	18.6	0
442	390	18.7	0
442	390	18.8	0
442	390	18.9	0
440	392	19	0
440	392	19.1	0
440	392	19.2	0
440	392	19.3	0
440	392	19.4	0
440	392	19.5	0
440	392	19.6	0
440	392	19.7	0
440	392	19.8	0
440	393	19.9	0
440	409	20	0
440	424	20.1	0
440	424	20.2	0
440	424	20.3	0
440	424	20.4	0
440	424	20.5	0
440	424	20.6	0
441	426	20.7	0
448	430	20.8	0
474	454	20.9	0
486	458	21	0
526	465	21.1	0
534	465	21.2	0
544	463	21.3	0
550	457	21.4	0
560	437	21.5	0
564	421	21.6	0
567	385	21.7	0
566	361	21.8	0
557	339	21.9	0
539	317	22	0
529	309	22.1	0
529	309	22.2	0
528	309	22.3	0
504	304	22.4	0
487	304	22.5	0
473	304	22.6	0
470	304	22.7	0
468	308	22.8	0
466	321	22.9	0
464	340	23	0
464	342	23.1	0
463	352	23.2	0
463	361	23.3	0
462	372	23.4	0
459	377	23.5	0
459	383	23.6	0
460	402	23.7	0
461	419	23.8	0
470	439	23.9	0
504	461	24	0
538	472	24.1	0
574	474	24.2	0
614	448	24.3	0
617	404	24.4	0
608	358	24.5	0
580	312	24.6	0
532	282	24.7	0
492	279	24.8	0
472	281	24.9	0
450	292	25	0
442	318	25.1	0
440	340	25.2	0
436	347	25.3	0
435	363	25.4	0
434	397	25.5	0
436	412	25.6	0
441	424	25.7	0
456	435	25.8	0
466	438	25.9	0
498	450	26	0
524	454	26.1	0
541	458	26.2	0
567	460	26.3	0
585	457	26.4	0
587	441	26.5	0
587	431	26.6	0
588	415	26.7	0
589	391	26.8	0
589	371	26.9	0
589	366	27	0
587	352	27.1	0
567	331	27.2	0
545	309	27.3	0
542	307	27.4	0
510	285	27.5	0
493	281	27.6	0
491	281	27.7	0
479	282	27.8	0
470	293	27.9	0
465	307	28	0
461	318	28.1	0
457	332	28.2	0
457	339	28.3	0
455	361	28.4	0
438	381	28.5	0
429	401	28.6	0
431	431	28.7	0
469	455	28.8	0
475	456	28.9	0
533	455	29	0
563	452	29.1	0
572	443	29.2	0
574	428	29.3	0
581	408	29.4	0
581	382	29.5	0
569	352	29.6	0
559	340	29.7	0
545	324	29.8	0
526	318	29.9	0
502	313	30	0
482	312	30.1	0
466	316	30.2	0
457	319	30.3	0
435	339	30.4	0
432	355	30.5	0
432	381	30.6	0
435	399	30.7	0
457	427	30.8	0
468	431	30.9	0
502	450	31	0
548	453	31.1	0
572	453	31.2	0
607	453	31.3	0
623	435	31.4	0
624	419	31.5	0
624	393	31.6	0
621	367	31.7	0
600	339	31.8	0
575	322	31.9	0
549	312	32	0
527	309	32.1	0
501	305	32.2	0
484	305	32.3	0
465	324	32.4	0
456	339	32.5	0
443	343	32.6	0
440	356	32.7	0
440	373	32.8	0
440	383	32.9	0
440	388	33	0
440	392	33.1	0
446	407	33.2	0
464	420	33.3	0
480	425	33.4	0
502	432	33.5	0
511	434	33.6	0
557	452	33.7	0
589	452	33.8	0
590	433	33.9	0
590	407	34	0
590	397	34.1	0
589	367	34.2	0
578	345	34.3	0
572	333	34.4	0
550	315	34.5	0
546	308	34.6	0
533	306	34.7	0
511	302	34.8	0
506	302	34.9	0
495	304	35	0
483	306	35.1	0
478	308	35.2	0
468	312	35.3	0
466	314	35.4	0
463	319	35.5	0
460	324	35.6	0
458	329	35.7	0
457	334	35.8	0
457	336	35.9	0
454	339	36	0
450	341	36.1	0
449	343	36.2	0
449	345	36.3	0
447	350	36.4	0
444	353	36.5	0
443	356	36.6	0
441	359	36.7	0
440	360	36.8	0
440	361	36.9	0
439	373	37	0
439	375	37.1	0
438	379	37.2	0
438	380	37.3	0
438	384	37.4	0
438	386	37.5	0
437	389	37.6	0
437	389	37.7	0
437	391	37.8	0
437	394	37.9	0
437	399	38	0
441	417	38.1	0
453	426	38.2	0
473	438	38.3	0
537	466	38.4	0
563	468	38.5	0
573	458	38.6	0
585	436	38.7	0
588	402	38.8	0
589	362	38.9	0
580	334	39	0
557	308	39.1	0
511	288	39.2	0
483	288	39.3	0
441	290	39.4	0
413	296	39.5	0
414	316	39.6	0
417	336	39.7	0
417	362	39.8	0
418	383	39.9	0
423	397	40	0
427	406	40.1	0
428	414	40.2	0
428	423	40.3	0
430	425	40.4	0
433	432	40.5	0
447	442	40.6	0
461	451	40.7	0
501	466	40.8	0
515	474	40.9	0
526	474	41	0
542	470	41.1	0
566	434	41.2	0
570	390	41.3	0
571	358	41.4	0
569	340	41.5	0
564	331	41.6	0
543	315	41.7	0
539	312	41.8	0
513	301	41.9	0
510	301	42	0
501	301	42.1	0
496	304	42.2	0
494	314	42.3	0
491	327	42.4	0
475	330	42.5	0
455	331	42.6	0
451	335	42.7	0
448	350	42.8	0
444	364	42.9	0
444	381	43	0
447	407	43.1	0
447	416	43.2	0
482	433	43.3	0
516	435	43.4	0
562	435	43.5	0
600	419	43.6	0
594	382	43.7	0
554	332	43.8	0
543	326	43.9	0
519	321	44	0
484	317	44.1	0
462	318	44.2	0
448	321	44.3	0
440	325	44.4	0
435	336	44.5	0
433	349	44.6	0
432	362	44.7	0
430	366	44.8	0
430	374	44.9	0
430	378	45	0
430	392	45.1	0
429	402	45.2	0
429	428	45.3	0
429	432	45.4	0
434	448	45.5	0
438	456	45.6	0
443	460	45.7	0
449	479	45.8	0
467	495	45.9	0
486	499	46	0
530	503	46.1	0
570	504	46.2	0
585	504	46.3	0
605	480	46.4	0
606	438	46.5	0
604	374	46.6	0
603	330	46.7	0
594	289	46.8	0
568	259	46.9	0
542	255	47	0
500	250	47.1	0
464	250	47.2	0
430	252	47.3	0
404	267	47.4	0
401	281	47.5	0
397	311	47.6	0
390	329	47.7	0
389	359	47.8	0
387	385	47.9	0
386	399	48	0
386	414	48.1	0
388	426	48.2	0
397	435	48.3	0
415	451	48.4	0
431	464	48.5	0
474	484	48.6	0
514	489	48.7	0
532	490	48.8	0
552	492	48.9	0
567	488	49	0
591	470	49.1	0
612	426	49.2	0
615	384	49.3	0
601	342	49.4	0
586	324	49.5	0
572	310	49.6	0
558	302	49.7	0
536	289	49.8	0
510	270	49.9	0
483	270	50	0
458	271	50.1	0
442	293	50.2	0
440	307	50.3	0
435	319	50.4	0
428	337	50.5	0
425	359	50.6	0
425	383	50.7	0
425	407	50.8	0
436	437	50.9	0
474	462	51	0
501	474	51.1	0
508	476	51.2	0
538	479	51.3	0
568	481	51.4	0
597	479	51.5	0
621	472	51.6	0
624	458	51.7	0
624	422	51.8	0
621	392	51.9	0
620	374	52	0
616	370	52.1	0
612	366	52.2	0
610	359	52.3	0
607	343	52.4	0
593	323	52.5	0
575	312	52.6	0
555	309	52.7	0
547	309	52.8	0
540	307	52.9	0
536	307	53	0
522	306	53.1	0
522	306	53.2	0
522	306	53.3	0
522	306	53.4	0
522	306	53.5	0
522	304	53.6	0
522	304	53.7	0
522	304	53.8	0
522	304	53.9	0
522	304	54	0
522	304	54.1	0
522	304	54.2	0
522	304	54.3	0
522	304	54.4	0
522	304	54.5	0
522	304	54.6	0
522	304	54.7	0
522	304	54.8	0
522	304	54.9	0
522	304	55	0
522	304	55.1	0
522	303	55.2	0
522	303	55.3	0
522	303	55.4	0
522	303	55.5	0
522	303	55.6	0
522	303	55.7	0
521	303	55.8	0
489	302	55.9	0
488	302	56	0
479	304	56.1	0
470	308	56.2	0
461	311	56.3	0
460	315	56.4	0
460	322	56.5	0
457	328	56.6	0
454	332	56.7	0
454	333	56.8	0
453	344	56.9	0
453	350	57	0
453	354	57.1	0
452	362	57.2	0
451	372	57.3	0
450	373	57.4	0
449	375	57.5	0
449	376	57.6	0
450	393	57.7	0
456	414	57.8	0
460	422	57.9	0
478	433	58	0
497	435	58.1	0
521	435	58.2	0
539	434	58.3	0
551	431	58.4	0
551	409	58.5	0
550	391	58.6	0
550	378	58.7	0
550	368	58.8	0
551	356	58.9	0
549	348	59	0
539	337	59.1	0
509	330	59.2	0
506	328	59.3	0
489	328	59.4	0
471	333	59.5	0
463	341	59.6	0
461	367	59.7	0
460	389	59.8	0
460	396	59.9	0
462	414	60	0
485	446	60.1	0
486	447	60.2	0
504	449	60.3	0
523	447	60.4	0
545	439	60.5	0
555	426	60.6	0
560	388	60.7	0
561	366	60.8	0
557	349	60.9	0
537	323	61	0
532	315	61.1	0
516	313	61.2	0
490	313	61.3	0
487	314	61.4	0
476	320	61.5	0
468	323	61.6	0
459	332	61.7	0
444	348	61.8	0
440	358	61.9	0
440	376	62	0
444	408	62.1	0
467	424	62.2	0
495	441	62.3	0
517	442	62.4	0
545	443	62.5	0
567	436	62.6	0
573	430	62.7	0
575	409	62.8	0
575	387	62.9	0
575	372	63	0
573	360	63.1	0
560	341	63.2	0
549	330	63.3	0
539	328	63.4	0
511	324	63.5	0
506	323	63.6	0
476	324	63.7	0
466	328	63.8	0
465	348	63.9	0
460	374	64	0
450	394	64.1	0
450	400	64.2	0
464	420	64.3	0
472	424	64.4	0
488	430	64.5	0
501	433	64.6	0
509	435	64.7	0
512	436	64.8	0
527	437	64.9	0
539	437	65	0
563	434	65.1	0
575	427	65.2	0
584	416	65.3	0
586	404	65.4	0
586	389	65.5	0
586	382	65.6	0
586	372	65.7	0
584	356	65.8	0
581	342	65.9	0
576	332	66	0
558	318	66.1	0
539	315	66.2	0
509	315	66.3	0
507	315	66.4	0
471	318	66.5	0
435	324	66.6	0
435	354	66.7	0
440	376	66.8	0
450	392	66.9	0
473	414	67	0
496	421	67.1	0
498	422	67.2	0
507	424	67.3	0
524	430	67.4	0
530	431	67.5	0
554	432	67.6	0
583	422	67.7	0
586	400	67.8	0
586	386	67.9	0
583	364	68	0
578	350	68.1	0
548	323	68.2	0
533	319	68.3	0
499	317	68.4	0
495	317	68.5	0
485	317	68.6	0
483	319	68.7	0
474	322	68.8	0
463	326	68.9	0
455	328	69	0
449	334	69.1	0
446	346	69.2	0
440	362	69.3	0
437	371	69.4	0
437	380	69.5	0
442	390	69.6	0
453	404	69.7	0
463	409	69.8	0
479	414	69.9	0
481	416	70	0
493	425	70.1	0
498	428	70.2	0
505	429	70.3	0
537	433	70.4	0
543	433	70.5	0
548	422	70.6	0
559	398	70.7	0
559	380	70.8	0
559	362	70.9	0
556	344	71	0
543	334	71.1	0
530	331	71.2	0
506	326	71.3	0
501	325	71.4	0
499	324	71.5	0
497	324	71.6	0
497	324	71.7	0
497	324	71.8	0
471	324	71.9	0
453	329	72	0
453	339	72.1	0
450	373	72.2	0
451	407	72.3	0
495	449	72.4	0
531	449	72.5	0
562	425	72.6	0
571	385	72.7	0
541	341	72.8	0
525	334	72.9	0
501	327	73	0
471	339	73.1	0
455	356	73.2	0
442	390	73.3	0
486	442	73.4	0
528	447	73.5	0
580	422	73.6	0
595	390	73.7	0
563	364	73.8	0
540	337	73.9	0
520	297	74	0
511	282	74.1	0
489	283	74.2	0
471	315	74.3	0
466	349	74.4	0
476	385	74.5	0
498	415	74.6	0
512	435	74.7	0
536	438	74.8	0
562	416	74.9	0
586	380	75	0
562	336	75.1	0
540	300	75.2	0
506	298	75.3	0
476	302	75.4	0
465	326	75.5	0
450	364	75.6	0
446	396	75.7	0
476	428	75.8	0
510	450	75.9	0
530	448	76	0
589	434	76.1	0
615	398	76.2	0
607	330	76.3	0
571	303	76.4	0
535	290	76.5	0
477	294	76.6	0
415	321	76.7	0
401	367	76.8	0
407	398	76.9	0
427	415	77	0
453	441	77.1	0
477	461	77.2	0
515	470	77.3	0
543	470	77.4	0
591	448	77.5	0
602	412	77.6	0
599	376	77.7	0
582	324	77.8	0
528	274	77.9	0
470	295	78	0
454	347	78.1	0
452	391	78.2	0
452	411	78.3	0
460	441	78.4	0
484	451	78.5	0
528	456	78.6	0
572	457	78.7	0
616	429	78.8	0
643	367	78.9	0
599	299	79	0
547	289	79.1	0
479	307	79.2	0
460	345	79.3	0
459	403	79.4	0
470	447	79.5	0
502	473	79.6	0
536	474	79.7	0
579	456	79.8	0
582	436	79.9	0
582	414	80	0
582	410	80.1	0
582	368	80.2	0
574	338	80.3	0
532	308	80.4	0
523	300	80.5	0
491	301	80.6	0
441	318	80.7	0
426	352	80.8	0
425	370	80.9	0
427	382	81	0
447	409	81.1	0
456	417	81.2	0
476	422	81.3	0
502	428	81.4	0
522	436	81.5	0
564	420	81.6	0
569	380	81.7	0
567	346	81.8	0
563	322	81.9	0
541	296	82	0
521	295	82.1	0
487	305	82.2	0
462	337	82.3	0
460	367	82.4	0
460	399	82.5	0
498	429	82.6	0
528	444	82.7	0
546	445	82.8	0
598	432	82.9	0
601	392	83	0
597	362	83.1	0
587	336	83.2	0
570	321	83.3	0
538	318	83.4	0
496	317	83.5	0
482	329	83.6	0
476	353	83.7	0
472	383	83.8	0
479	407	83.9	0
513	420	84	0
529	428	84.1	0
561	412	84.2	0
583	398	84.3	0
603	358	84.4	0
575	330	84.5	0
553	327	84.6	0
523	324	84.7	0
491	324	84.8	0
453	333	84.9	0
439	355	85	0
437	381	85.1	0
439	403	85.2	0
459	431	85.3	0
503	445	85.4	0
533	445	85.5	0
581	413	85.6	0
595	379	85.7	0
580	341	85.8	0
542	322	85.9	0
504	320	86	0
448	323	86.1	0
436	340	86.2	0
434	366	86.3	0
434	396	86.4	0
462	432	86.5	0
494	443	86.6	0
526	443	86.7	0
554	430	86.8	0
590	396	86.9	0
594	372	87	0
578	348	87.1	0
542	326	87.2	0
512	322	87.3	0
496	320	87.4	0
469	327	87.5	0
459	341	87.6	0
458	346	87.7	0
458	365	87.8	0
456	399	87.9	0
462	409	88	0
496	429	88.1	0
538	436	88.2	0
562	426	88.3	0
564	384	88.4	0
562	344	88.5	0
520	318	88.6	0
484	311	88.7	0
466	313	88.8	0
455	343	88.9	0
454	377	89	0
453	393	89.1	0
461	419	89.2	0
499	443	89.3	0
555	446	89.4	0
593	418	89.5	0
599	378	89.6	0
581	344	89.7	0
545	324	89.8	0
536	323	89.9	0
492	320	90	0
464	335	90.1	0
458	375	90.2	0
456	415	90.3	0
492	451	90.4	0
526	453	90.5	0
578	425	90.6	0
593	383	90.7	0
569	345	90.8	0
547	326	90.9	0
540	324	91	0
529	319	91.1	0
529	319	91.2	0
520	311	91.3	0
490	306	91.4	0
446	323	91.5	0
426	375	91.6	0
444	413	91.7	0
496	431	91.8	0
566	421	91.9	0
586	355	92	0
554	323	92.1	0
512	314	92.2	0
480	312	92.3	0
454	320	92.4	0
443	364	92.5	0
451	410	92.6	0
499	452	92.7	0
547	455	92.8	0
609	429	92.9	0
643	371	93	0
633	325	93.1	0
603	305	93.2	0
583	297	93.3	0
573	294	93.4	0
551	289	93.5	0
529	286	93.6	0
500	287	93.7	0
497	289	93.8	0
487	302	93.9	0
476	317	94	0
475	317	94.1	0
475	317	94.2	0
475	317	94.3	0
475	317	94.4	0
475	317	94.5	0
475	317	94.6	0
475	317	94.7	0
475	317	94.8	0
475	317	94.9	0
475	317	95	0
475	317	95.1	0
475	317	95.2	0
475	317	95.3	0
475	317	95.4	0
475	317	95.5	0
475	317	95.6	0
475	317	95.7	0
475	316	95.8	0
475	307	95.9	0
475	304	96	0
475	304	96.1	0
475	304	96.2	0
475	304	96.3	0
475	304	96.4	0
475	304	96.5	0
475	304	96.6	0
475	304	96.7	0
475	304	96.8	0
475	304	96.9	0
475	304	97	0
475	304	97.1	0
475	304	97.2	0
475	304	97.3	0
475	304	97.4	0
475	304	97.5	0
475	304	97.6	0
475	304	97.7	0
476	304	97.8	0
476	304	97.9	0
476	303	98	0
477	303	98.1	0
477	303	98.2	0
477	303	98.3	0
478	303	98.4	0
478	303	98.5	0
478	303	98.6	0
478	303	98.7	0
478	303	98.8	0
478	303	98.9	0
478	303	99	0
478	303	99.1	0
478	303	99.2	0
480	301	99.3	0
480	301	99.4	0
480	301	99.5	0
480	300	99.6	0
480	299	99.7	0
479	299	99.8	0
476	301	99.9	0
474	306	100	0
455	332	100.1	0
451	337	100.2	0
447	344	100.3	0
443	351	100.4	0
441	359	100.5	0
440	362	100.6	0
438	368	100.7	0
437	378	100.8	0
436	394	100.9	0
435	412	101	0
436	428	101.1	0
439	430	101.2	0
450	440	101.3	0
454	443	101.4	0
455	444	101.5	0
457	445	101.6	0
473	446	101.7	0
497	449	101.8	0
523	452	101.9	0
524	452	102	0
525	452	102.1	0
526	450	102.2	0
526	450	102.3	0
526	450	102.4	0
527	449	102.5	0
527	449	102.6	0
528	448	102.7	0
531	447	102.8	0
532	447	102.9	0
532	447	103	0
532	447	103.1	0
532	447	103.2	0
532	447	103.3	0
532	447	103.4	0
532	447	103.5	0
532	447	103.6	0
532	447	103.7	0
532	447	103.8	0
532	447	103.9	0
532	447	104	0
532	447	104.1	0
532	447	104.2	0
532	447	104.3	0
532	447	104.4	0
532	447	104.5	0
532	447	104.6	0
532	447	104.7	0
532	447	104.8	0
532	447	104.9	0
532	447	105	0
533	447	105.1	0
533	447	105.2	0
533	447	105.3	0
533	447	105.4	0
533	447	105.5	0
533	447	105.6	0
533	447	105.7	0
533	447	105.8	0
533	447	105.9	0
533	447	106	0
533	447	106.1	0
533	447	106.2	0
533	447	106.3	0
533	447	106.4	0
533	447	106.5	0
533	446	106.6	0
533	446	106.7	0
533	446	106.8	0
533	446	106.9	0
533	446	107	0
533	446	107.1	0
533	446	107.2	0
533	446	107.3	0
533	446	107.4	0
533	446	107.5	0
533	446	107.6	0
533	446	107.7	0
533	446	107.8	0
533	446	107.9	0
533	446	108	0
533	446	108.1	0
533	446	108.2	0
533	446	108.3	0
533	446	108.4	0
533	446	108.5	0
533	446	108.6	0
533	446	108.7	0
534	446	108.8	0
535	446	108.9	0
535	446	109	0
535	446	109.1	0
535	446	109.2	0
535	446	109.3	0
535	446	109.4	0
535	446	109.5	0
535	446	109.6	0
535	446	109.7	0
535	446	109.8	0
535	446	109.9	0
535	446	110	0
535	446	110.1	0
535	446	110.2	0
535	446	110.3	0
535	446	110.4	0
535	446	110.5	0
536	446	110.6	0
536	446	110.7	0
536	446	110.8	0
536	446	110.9	0
536	446	111	0
536	446	111.1	0
536	446	111.2	0
536	446	111.3	0
536	446	111.4	0
545	449	111.5	0
549	450	111.6	0
555	451	111.7	0
556	451	111.8	0
557	451	111.9	0
561	450	112	0
563	449	112.1	0
563	449	112.2	0
563	449	112.3	0
564	449	112.4	0
564	449	112.5	0
567	442	112.6	0
570	440	112.7	0
570	431	112.8	0
559	397	112.9	0
558	369	113	0
558	343	113.1	0
557	319	113.2	0
534	307	113.3	0
515	303	113.4	0
511	302	113.5	0
497	302	113.6	0
485	303	113.7	0
477	310	113.8	0
476	329	113.9	0
469	361	114	0
465	365	114.1	0
462	376	114.2	0
462	404	114.3	0
465	432	114.4	0
497	453	114.5	0
523	445	114.6	0
545	411	114.7	0
565	373	114.8	0
540	328	114.9	0
508	325	115	0
492	325	115.1	0
452	331	115.2	0
449	371	115.3	0
461	419	115.4	0
495	439	115.5	0
537	441	115.6	0
565	421	115.7	0
573	375	115.8	0
520	332	115.9	0
506	330	116	0
468	330	116.1	0
459	336	116.2	0
452	388	116.3	0
452	408	116.4	0
462	425	116.5	0
466	426	116.6	0
489	441	116.7	0
531	445	116.8	0
569	423	116.9	0
608	353	117	0
592	321	117.1	0
550	315	117.2	0
476	309	117.3	0
448	319	117.4	0
435	371	117.5	0
440	401	117.6	0
500	449	117.7	0
546	455	117.8	0
596	427	117.9	0
580	369	118	0
530	339	118.1	0
496	335	118.2	0
448	339	118.3	0
430	367	118.4	0
437	413	118.5	0
477	449	118.6	0
513	459	118.7	0
542	449	118.8	0
572	401	118.9	0
570	355	119	0
542	325	119.1	0
530	321	119.2	0
508	314	119.3	0
494	311	119.4	0
452	328	119.5	0
441	364	119.6	0
444	402	119.7	0
484	438	119.8	0
522	448	119.9	0
586	441	120	0
620	397	120.1	0
601	333	120.2	0
567	315	120.3	0
529	297	120.4	0
487	287	120.5	0
452	296	120.6	0
432	332	120.7	0
430	372	120.8	0
452	404	120.9	0
494	424	121	0
540	427	121.1	0
570	394	121.2	0
594	360	121.3	0
590	322	121.4	0
556	300	121.5	0
504	294	121.6	0
466	294	121.7	0
432	324	121.8	0
430	358	121.9	0
439	400	122	0
477	428	122.1	0
517	441	122.2	0
551	440	122.3	0
589	404	122.4	0
592	358	122.5	0
592	326	122.6	0
554	278	122.7	0
528	274	122.8	0
476	271	122.9	0
430	289	123	0
421	329	123.1	0
421	345	123.2	0
425	375	123.3	0
435	386	123.4	0
475	416	123.5	0
501	422	123.6	0
531	422	123.7	0
567	417	123.8	0
587	395	123.9	0
561	353	124	0
539	332	124.1	0
497	322	124.2	0
449	321	124.3	0
426	344	124.4	0
425	394	124.5	0
465	438	124.6	0
523	457	124.7	0
567	429	124.8	0
572	381	124.9	0
585	323	125	0
543	311	125.1	0
473	310	125.2	0
429	327	125.3	0
426	375	125.4	0
476	427	125.5	0
536	447	125.6	0
604	421	125.7	0
612	357	125.8	0
566	311	125.9	0
504	294	126	0
456	297	126.1	0
422	337	126.2	0
415	369	126.3	0
426	405	126.4	0
492	441	126.5	0
536	443	126.6	0
559	419	126.7	0
579	383	126.8	0
555	335	126.9	0
525	321	127	0
469	321	127.1	0
437	367	127.2	0
446	413	127.3	0
500	441	127.4	0
560	427	127.5	0
582	387	127.6	0
573	341	127.7	0
517	323	127.8	0
475	322	127.9	0
445	339	128	0
446	379	128.1	0
470	417	128.2	0
506	438	128.3	0
548	439	128.4	0
589	396	128.5	0
589	366	128.6	0
590	340	128.7	0
548	306	128.8	0
496	303	128.9	0
454	318	129	0
443	339	129.1	0
439	371	129.2	0
455	407	129.3	0
491	413	129.4	0
505	420	129.5	0
515	422	129.6	0
518	424	129.7	0
528	430	129.8	0
528	431	129.9	0
529	432	130	0
529	433	130.1	0
529	433	130.2	0
529	433	130.3	0
529	431	130.4	0
530	430	130.5	0
530	430	130.6	0
530	430	130.7	0
530	430	130.8	0
530	430	130.9	0
530	430	131	0
530	430	131.1	0
530	430	131.2	0
530	430	131.3	0
539	432	131.4	0
553	434	131.5	0
587	434	131.6	0
589	433	131.7	0
591	432	131.8	0
594	429	131.9	0
595	414	132	0
597	406	132.1	0
604	396	132.2	0
604	394	132.3	0
604	385	132.4	0
603	376	132.5	0
601	373	132.6	0
596	357	132.7	0
596	352	132.8	0
592	337	132.9	0
563	326	133	0
525	314	133.1	0
501	304	133.2	0
481	299	133.3	0
463	299	133.4	0
423	309	133.5	0
420	327	133.6	0
417	367	133.7	0
420	405	133.8	0
446	439	133.9	0
466	447	134	0
518	458	134.1	0
556	456	134.2	0
565	444	134.3	0
584	419	134.4	0
588	389	134.5	0
568	357	134.6	0
546	336	134.7	0
526	316	134.8	0
484	300	134.9	0
450	307	135	0
444	337	135.1	0
436	379	135.2	0
438	411	135.3	0
462	445	135.4	0
504	465	135.5	0
518	472	135.6	0
543	473	135.7	0
556	471	135.8	0
564	469	135.9	0
568	466	136	0
570	465	136.1	0
571	456	136.2	0
573	435	136.3	0
575	425	136.4	0
579	413	136.5	0
580	412	136.6	0
588	406	136.7	0
590	401	136.8	0
593	395	136.9	0
593	375	137	0
593	357	137.1	0
591	339	137.2	0
588	334	137.3	0
587	333	137.4	0
577	328	137.5	0
571	318	137.6	0
541	294	137.7	0
505	269	137.8	0
483	268	137.9	0
447	275	138	0
426	305	138.1	0
415	335	138.2	0
411	369	138.3	0
412	399	138.4	0
421	425	138.5	0
451	453	138.6	0
478	476	138.7	0
510	480	138.8	0
544	480	138.9	0
554	476	139	0
563	466	139.1	0
597	420	139.2	0
599	396	139.3	0
599	350	139.4	0
589	322	139.5	0
565	286	139.6	0
527	273	139.7	0
493	272	139.8	0
461	287	139.9	0
452	296	140	0
435	310	140.1	0
419	327	140.2	0
413	342	140.3	0
405	368	140.4	0
404	398	140.5	0
406	414	140.6	0
411	428	140.7	0
415	438	140.8	0
419	443	140.9	0
420	444	141	0
424	448	141.1	0
424	449	141.2	0
434	456	141.3	0
452	465	141.4	0
474	483	141.5	0
483	487	141.6	0
526	491	141.7	0
541	492	141.8	0
563	489	141.9	0
587	481	142	0
609	458	142.1	0
619	412	142.2	0
620	382	142.3	0
595	318	142.4	0
555	256	142.5	0
507	240	142.6	0
459	241	142.7	0
405	269	142.8	0
389	307	142.9	0
386	343	143	0
389	385	143.1	0
394	421	143.2	0
405	459	143.3	0
445	493	143.4	0
505	526	143.5	0
519	528	143.6	0
559	528	143.7	0
589	515	143.8	0
602	499	143.9	0
622	465	144	0
652	431	144.1	0
656	401	144.2	0
639	361	144.3	0
613	331	144.4	0
561	301	144.5	0
513	290	144.6	0
461	288	144.7	0
419	289	144.8	0
401	320	144.9	0
399	360	145	0
399	384	145.1	0
399	406	145.2	0
437	442	145.3	0
475	461	145.4	0
493	471	145.5	0
529	475	145.6	0
575	475	145.7	0
605	453	145.8	0
621	421	145.9	0
620	379	146	0
589	341	146.1	0
553	315	146.2	0
507	303	146.3	0
451	303	146.4	0
427	336	146.5	0
412	374	146.6	0
411	424	146.7	0
467	478	146.8	0
523	495	146.9	0
563	495	147	0
603	484	147.1	0
629	460	147.2	0
636	414	147.3	0
594	338	147.4	0
546	311	147.5	0
498	305	147.6	0
442	305	147.7	0
402	343	147.8	0
409	411	147.9	0
467	477	148	0
527	500	148.1	0
581	497	148.2	0
631	485	148.3	0
646	419	148.4	0
640	367	148.5	0
622	356	148.6	0
617	352	148.7	0
617	351	148.8	0
616	350	148.9	0
605	341	149	0
590	333	149.1	0
582	326	149.2	0
562	316	149.3	0
516	301	149.4	0
508	299	149.5	0
506	299	149.6	0
505	299	149.7	0
505	298	149.8	0
505	297	149.9	0
505	297	150	0
505	297	150.1	0
505	297	150.2	0
505	297	150.3	0
505	297	150.4	0
505	297	150.5	0
505	297	150.6	0
505	297	150.7	0
505	297	150.8	0
505	297	150.9	0
505	297	151	0
505	297	151.1	0
505	297	151.2	0
505	297	151.3	0
505	297	151.4	0
505	297	151.5	0
505	297	151.6	0
505	297	151.7	0
505	297	151.8	0
505	297	151.9	0
505	297	152	0
505	297	152.1	0
505	297	152.2	0
505	297	152.3	0
505	297	152.4	0
505	297	152.5	0
505	297	152.6	0
505	297	152.7	0
505	297	152.8	0
505	297	152.9	0
505	297	153	0
505	297	153.1	0
505	297	153.2	0
505	297	153.3	0
505	297	153.4	0
505	297	153.5	0
505	297	153.6	0
505	297	153.7	0
505	297	153.8	0
505	297	153.9	0
505	297	154	0
505	297	154.1	0
505	297	154.2	0
505	297	154.3	0
505	297	154.4	0
505	297	154.5	0
505	297	154.6	0
505	297	154.7	0
505	297	154.8	0
505	296	154.9	0
492	296	155	0
484	296	155.1	0
462	297	155.2	0
439	300	155.3	0
430	303	155.4	0
408	319	155.5	0
406	327	155.6	0
402	342	155.7	0
402	348	155.8	0
408	366	155.9	0
428	385	156	0
437	398	156.1	0
438	401	156.2	0
442	423	156.3	0
452	439	156.4	0
482	463	156.5	0
497	464	156.6	0
521	465	156.7	0
565	463	156.8	0
576	451	156.9	0
579	426	157	0
579	394	157.1	0
579	360	157.2	0
572	320	157.3	0
542	302	157.4	0
507	299	157.5	0
474	301	157.6	0
466	304	157.7	0
465	305	157.8	0
465	305	157.9	0
465	305	158	0
447	309	158.1	0
429	315	158.2	0
425	325	158.3	0
424	328	158.4	0
423	331	158.5	0
419	343	158.6	0
419	366	158.7	0
419	380	158.8	0
419	400	158.9	0
421	415	159	0
449	445	159.1	0
478	458	159.2	0
504	462	159.3	0
530	463	159.4	0
556	461	159.5	0
559	461	159.6	0
577	460	159.7	0
593	459	159.8	0
608	457	159.9	0
608	457	160	0
608	457	160.1	0
608	457	160.2	0
608	457	160.3	0
608	457	160.4	0
609	457	160.5	0
609	457	160.6	0
609	457	160.7	0
609	457	160.8	0
609	457	160.9	0
609	457	161	0
609	457	161.1	0
609	457	161.2	0
609	457	161.3	0
609	457	161.4	0
609	457	161.5	0
609	457	161.6	0
609	457	161.7	0
609	457	161.8	0
609	457	161.9	0
609	457	162	0
609	457	162.1	0
609	457	162.2	0
609	457	162.3	0
609	457	162.4	0
609	457	162.5	0
609	457	162.6	0
609	457	162.7	0
609	457	162.8	0
609	457	162.9	0
609	457	163	0
609	457	163.1	0
609	457	163.2	0
609	457	163.3	0
609	457	163.4	0
609	457	163.5	0
609	457	163.6	0
609	457	163.7	0
609	457	163.8	0
615	443	163.9	0
615	403	164	0
601	343	164.1	0
586	311	164.2	0
548	291	164.3	0
492	288	164.4	0
440	296	164.5	0
407	360	164.6	0
405	406	164.7	0
449	448	164.8	0
501	454	164.9	0
557	427	165	0
593	389	165.1	0
587	341	165.2	0
509	299	165.3	0
451	303	165.4	0
409	333	165.5	0
407	375	165.6	0
418	415	165.7	0
456	451	165.8	0
502	461	165.9	0
536	462	166	0
570	445	166.1	0
596	423	166.2	0
600	397	166.3	0
598	357	166.4	0
595	347	166.5	0
592	331	166.6	0
580	326	166.7	0
540	315	166.8	0
490	313	166.9	0
436	312	167	0
423	333	167.1	0
428	387	167.2	0
474	433	167.3	0
526	446	167.4	0
562	436	167.5	0
580	426	167.6	0
587	390	167.7	0
589	364	167.8	0
591	363	167.9	0
610	363	168	0
609	360	168.1	0
585	350	168.2	0
535	308	168.3	0
515	299	168.4	0
514	298	168.5	0
514	298	168.6	0
513	298	168.7	0
513	298	168.8	0
513	298	168.9	0
513	298	169	0
513	298	169.1	0
513	298	169.2	0
513	298	169.3	0
513	298	169.4	0
513	298	169.5	0
513	298	169.6	0
513	298	169.7	0
513	298	169.8	0
513	298	169.9	0
513	298	170	0
513	298	170.1	0
513	298	170.2	0
513	298	170.3	0
483	297	170.4	0
461	300	170.5	0
457	303	170.6	0
449	308	170.7	0
445	313	170.8	0
442	316	170.9	0
441	326	171	0
441	329	171.1	0
439	338	171.2	0
437	355	171.3	0
437	358	171.4	0
437	363	171.5	0
437	377	171.6	0
437	385	171.7	0
451	403	171.8	0
481	417	171.9	0
485	429	172	0
498	445	172.1	0
538	452	172.2	0
576	453	172.3	0
632	429	172.4	0
657	397	172.5	0
654	351	172.6	0
642	311	172.7	0
608	273	172.8	0
574	263	172.9	0
544	263	173	0
500	264	173.1	0
462	271	173.2	0
442	276	173.3	0
430	296	173.4	0
425	298	173.5	0
421	307	173.6	0
418	313	173.7	0
413	334	173.8	0
412	339	173.9	0
412	350	174	0
412	374	174.1	0
418	386	174.2	0
429	404	174.3	0
432	409	174.4	0
448	425	174.5	0
452	428	174.6	0
464	432	174.7	0
490	435	174.8	0
509	438	174.9	0
524	439	175	0
554	439	175.1	0
570	439	175.2	0
572	439	175.3	0
572	439	175.4	0
572	439	175.5	0
572	439	175.6	0
574	439	175.7	0
593	440	175.8	0
603	438	175.9	0
617	410	176	0
619	360	176.1	0
585	298	176.2	0
547	262	176.3	0
485	236	176.4	0
441	235	176.5	0
403	254	176.6	0
398	300	176.7	0
418	338	176.8	0
448	378	176.9	0
492	402	177	0
554	411	177.1	0
614	415	177.2	0
607	395	177.3	0
605	347	177.4	0
581	297	177.5	0
519	280	177.6	0
457	283	177.7	0
417	289	177.8	0
379	319	177.9	0
379	353	178	0
397	395	178.1	0
429	406	178.2	0
471	418	178.3	0
527	422	178.4	0
567	423	178.5	0
573	421	178.6	0
581	418	178.7	0
593	415	178.8	0
596	407	178.9	0
593	392	179	0
589	364	179.1	0
578	336	179.2	0
550	294	179.3	0
520	281	179.4	0
504	278	179.5	0
470	276	179.6	0
443	276	179.7	0
420	278	179.8	0
415	286	179.9	0
414	295	180	0
414	322	180.1	0
415	360	180.2	0
418	366	180.3	0
444	372	180.4	0
447	372	180.5	0
447	372	180.6	0
431	369	180.7	0
411	360	180.8	0
410	358	180.9	0
410	351	181	0
416	348	181.1	0
425	365	181.2	0
427	374	181.3	0
433	380	181.4	0
444	384	181.5	0
470	395	181.6	0
472	396	181.7	0
493	405	181.8	0
517	410	181.9	0
537	412	182	0
557	412	182.1	0
572	378	182.2	0
572	348	182.3	0
520	314	182.4	0
494	312	182.5	0
484	332	182.6	0
462	350	182.7	0
458	366	182.8	0
458	376	182.9	0
459	389	183	0
461	399	183.1	0
491	421	183.2	0
508	426	183.3	0
531	428	183.4	0
547	428	183.5	0
574	428	183.6	0
574	428	183.7	0
584	427	183.8	0
610	415	183.9	0
609	369	184	0
583	329	184.1	0
536	319	184.2	0
480	319	184.3	0
410	317	184.4	0
405	319	184.5	0
405	327	184.6	0
424	357	184.7	0
444	368	184.8	0
478	390	184.9	0
495	413	185	0
512	428	185.1	0
521	430	185.2	0
563	431	185.3	0
575	414	185.4	0
575	384	185.5	0
573	346	185.6	0
541	320	185.7	0
509	319	185.8	0
508	319	185.9	0
508	318	186	0
508	318	186.1	0
508	318	186.2	0
508	318	186.3	0
508	318	186.4	0
508	318	186.5	0
508	318	186.6	0
508	318	186.7	0
508	318	186.8	0
508	318	186.9	0
508	318	187	0
508	318	187.1	0
508	318	187.2	0
508	318	187.3	0
508	318	187.4	0
508	318	187.5	0
508	318	187.6	0
508	318	187.7	0
508	318	187.8	0
508	318	187.9	0
508	318	188	0
508	318	188.1	0
508	318	188.2	0
508	318	188.3	0
508	318	188.4	0
508	318	188.5	0
508	318	188.6	0
508	318	188.7	0
508	318	188.8	0
508	318	188.9	0
508	318	189	0
508	318	189.1	0
508	318	189.2	0
508	318	189.3	0
508	318	189.4	0
508	318	189.5	0
508	318	189.6	0
508	318	189.7	0
508	318	189.8	0
456	326	189.9	0
406	330	190	0
406	335	190.1	0
417	363	190.2	0
432	381	190.3	0
471	415	190.4	0
509	426	190.5	0
535	428	190.6	0
541	418	190.7	0
553	354	190.8	0
556	342	190.9	0
555	330	191	0
461	316	191.1	0
461	332	191.2	0
461	390	191.3	0
451	412	191.4	0
462	432	191.5	0
532	434	191.6	0
572	408	191.7	0
565	362	191.8	0
533	324	191.9	0
441	320	192	0
419	352	192.1	0
439	394	192.2	0
481	430	192.3	0
541	443	192.4	0
561	391	192.5	0
560	369	192.6	0
534	325	192.7	0
458	314	192.8	0
420	340	192.9	0
426	368	193	0
490	410	193.1	0
546	425	193.2	0
580	410	193.3	0
595	380	193.4	0
568	336	193.5	0
550	332	193.6	0
496	327	193.7	0
444	336	193.8	0
442	360	193.9	0
442	382	194	0
474	408	194.1	0
524	417	194.2	0
570	387	194.3	0
573	355	194.4	0
573	347	194.5	0
493	319	194.6	0
482	335	194.7	0
464	361	194.8	0
447	385	194.9	0
478	417	195	0
530	428	195.1	0
580	412	195.2	0
567	352	195.3	0
566	349	195.4	0
501	350	195.5	0
437	356	195.6	0
460	392	195.7	0
502	412	195.8	0
552	411	195.9	0
566	388	196	0
569	360	196.1	0
545	320	196.2	0
487	312	196.3	0
447	335	196.4	0
447	363	196.5	0
452	397	196.6	0
496	423	196.7	0
542	429	196.8	0
572	401	196.9	0
574	371	197	0
540	343	197.1	0
520	341	197.2	0
494	340	197.3	0
466	343	197.4	0
464	363	197.5	0
470	403	197.6	0
518	422	197.7	0
542	411	197.8	0
572	383	197.9	0
574	357	198	0
551	334	198.1	0
548	333	198.2	0
548	333	198.3	0
548	333	198.4	0
542	332	198.5	0
508	332	198.6	0
460	337	198.7	0
449	341	198.8	0
448	350	198.9	0
451	362	199	0
461	372	199.1	0
495	382	199.2	0
508	383	199.3	0
525	377	199.4	0
535	354	199.5	0
539	344	199.6	0
529	312	199.7	0
499	309	199.8	0
470	321	199.9	0
455	358	200	0
454	376	200.1	0
