#EXP	Sun Feb 27 15:37:27 2000		
X	Y	TIME	CLICK
512	384	0	0
468	175	0.1	0
465	103	0.2	0
465	116	0.3	0
529	220	0.4	0
559	261	0.5	0
559	287	0.6	0
559	295	0.7	0
559	295	0.8	0
559	295	0.9	0
559	293	1	0
559	290	1.1	0
559	262	1.2	0
559	260	1.3	0
559	260	1.4	0
559	260	1.5	0
559	260	1.6	0
559	260	1.7	0
559	260	1.8	0
559	260	1.9	0
559	260	2	0
559	260	2.1	0
559	260	2.2	0
559	260	2.3	0
559	260	2.4	0
559	260	2.5	0
559	260	2.6	0
559	260	2.7	0
559	260	2.8	0
559	260	2.9	0
559	260	3	0
559	260	3.1	0
558	260	3.2	0
541	256	3.3	0
532	254	3.4	0
529	254	3.5	0
528	256	3.6	0
528	258	3.7	0
522	282	3.8	0
496	338	3.9	0
493	358	4	0
493	362	4.1	0
495	372	4.2	0
506	378	4.3	0
511	378	4.4	0
513	373	4.5	0
513	357	4.6	0
509	353	4.7	0
503	353	4.8	0
500	355	4.9	0
500	359	5	0
500	365	5.1	0
501	371	5.2	0
503	373	5.3	0
507	376	5.4	0
519	381	5.5	0
522	381	5.6	0
523	377	5.7	0
523	369	5.8	0
523	363	5.9	0
519	358	6	0
505	357	6.1	0
500	357	6.2	0
493	360	6.3	0
491	362	6.4	0
491	362	6.5	0
491	362	6.6	0
489	369	6.7	0
489	369	6.8	0
494	373	6.9	0
500	379	7	0
504	381	7.1	0
522	384	7.2	0
533	372	7.3	0
527	332	7.4	0
497	316	7.5	0
477	320	7.6	0
476	334	7.7	0
476	360	7.8	0
482	377	7.9	0
485	383	8	0
492	391	8.1	0
498	395	8.2	0
500	395	8.3	0
504	395	8.4	0
508	393	8.5	0
510	390	8.6	0
510	385	8.7	0
510	381	8.8	0
510	377	8.9	0
505	370	9	0
502	366	9.1	0
498	356	9.2	0
498	355	9.3	0
498	355	9.4	0
503	355	9.5	0
520	357	9.6	0
520	357	9.7	0
520	361	9.8	0
520	365	9.9	0
516	365	10	0
511	365	10.1	0
506	366	10.2	0
500	368	10.3	0
499	370	10.4	0
499	374	10.5	0
499	377	10.6	0
508	382	10.7	0
514	386	10.8	0
518	388	10.9	0
522	388	11	0
522	388	11.1	0
523	388	11.2	0
525	388	11.3	0
526	388	11.4	0
531	388	11.5	0
532	388	11.6	0
534	387	11.7	0
535	387	11.8	0
536	385	11.9	0
536	384	12	0
536	383	12.1	0
536	381	12.2	0
535	380	12.3	0
533	377	12.4	0
529	374	12.5	0
524	369	12.6	0
523	368	12.7	0
521	365	12.8	0
521	365	12.9	0
521	364	13	0
531	364	13.1	0
551	363	13.2	0
553	363	13.3	0
553	363	13.4	0
553	362	13.5	0
553	360	13.6	0
550	354	13.7	0
547	350	13.8	0
545	346	13.9	0
543	343	14	0
538	338	14.1	0
534	334	14.2	0
529	328	14.3	0
528	328	14.4	0
516	325	14.5	0
507	322	14.6	0
503	320	14.7	0
493	319	14.8	0
485	319	14.9	0
482	319	15	0
482	319	15.1	0
479	322	15.2	0
477	326	15.3	0
477	329	15.4	0
477	331	15.5	0
478	333	15.6	0
480	336	15.7	0
491	348	15.8	0
494	350	15.9	0
497	350	16	0
499	350	16.1	0
505	349	16.2	0
509	348	16.3	0
511	348	16.4	0
515	347	16.5	0
521	347	16.6	0
525	347	16.7	0
528	348	16.8	0
539	349	16.9	0
559	352	17	0
573	355	17.1	0
575	358	17.2	0
575	358	17.3	0
571	357	17.4	0
565	354	17.5	0
551	352	17.6	0
547	349	17.7	0
545	346	17.8	0
542	343	17.9	0
537	342	18	0
532	342	18.1	0
529	342	18.2	0
513	342	18.3	0
510	342	18.4	0
509	342	18.5	0
508	343	18.6	0
507	344	18.7	0
497	346	18.8	0
494	347	18.9	0
489	349	19	0
487	349	19.1	0
484	350	19.2	0
482	351	19.3	0
481	352	19.4	0
480	353	19.5	0
479	354	19.6	0
478	354	19.7	0
477	354	19.8	0
475	354	19.9	0
474	355	20	0
474	355	20.1	0
474	355	20.2	0
473	356	20.3	0
472	357	20.4	0
467	358	20.5	0
466	358	20.6	0
455	359	20.7	0
437	359	20.8	0
413	358	20.9	0
403	356	21	0
373	351	21.1	0
372	350	21.2	0
371	345	21.3	0
371	342	21.4	0
371	340	21.5	0
372	338	21.6	0
374	336	21.7	0
378	333	21.8	0
390	331	21.9	0
393	331	22	0
397	329	22.1	0
400	327	22.2	0
404	326	22.3	0
407	325	22.4	0
409	324	22.5	0
412	323	22.6	0
419	322	22.7	0
422	321	22.8	0
432	320	22.9	0
440	318	23	0
441	317	23.1	0
448	315	23.2	0
458	315	23.3	0
465	315	23.4	0
473	315	23.5	0
477	313	23.6	0
481	311	23.7	0
486	309	23.8	0
490	307	23.9	0
493	305	24	0
502	305	24.1	0
503	304	24.2	0
505	304	24.3	0
522	304	24.4	0
524	304	24.5	0
527	304	24.6	0
528	304	24.7	0
528	304	24.8	0
529	305	24.9	0
531	307	25	0
532	309	25.1	0
533	310	25.2	0
534	312	25.3	0
539	316	25.4	0
541	317	25.5	0
547	319	25.6	0
549	320	25.7	0
551	322	25.8	0
554	324	25.9	0
557	326	26	0
558	327	26.1	0
558	328	26.2	0
561	331	26.3	0
565	333	26.4	0
566	334	26.5	0
567	336	26.6	0
568	344	26.7	0
568	346	26.8	0
569	347	26.9	0
569	349	27	0
570	351	27.1	0
572	352	27.2	0
583	356	27.3	0
583	357	27.4	0
583	359	27.5	0
583	361	27.6	0
583	364	27.7	0
583	365	27.8	0
584	366	27.9	0
584	367	28	0
584	368	28.1	0
584	369	28.2	0
584	370	28.3	0
584	370	28.4	0
584	370	28.5	0
583	369	28.6	0
582	367	28.7	0
582	366	28.8	0
582	365	28.9	0
581	361	29	0
579	356	29.1	0
577	352	29.2	0
576	348	29.3	0
574	333	29.4	0
574	332	29.5	0
573	331	29.6	0
572	329	29.7	0
569	326	29.8	0
566	324	29.9	0
564	322	30	0
562	322	30.1	0
560	321	30.2	0
547	318	30.3	0
537	315	30.4	0
535	314	30.5	0
532	314	30.6	0
532	314	30.7	0
529	314	30.8	0
528	314	30.9	0
515	316	31	0
513	317	31.1	0
508	320	31.2	0
505	322	31.3	0
502	324	31.4	0
494	327	31.5	0
491	330	31.6	0
488	333	31.7	0
481	333	31.8	0
476	335	31.9	0
460	336	32	0
451	336	32.1	0
433	336	32.2	0
415	335	32.3	0
408	324	32.4	0
405	306	32.5	0
404	284	32.6	0
404	278	32.7	0
408	273	32.8	0
416	264	32.9	0
433	242	33	0
459	231	33.1	0
473	230	33.2	0
485	234	33.3	0
520	256	33.4	0
540	265	33.5	0
549	270	33.6	0
579	273	33.7	0
588	273	33.8	0
592	273	33.9	0
592	273	34	0
598	273	34.1	0
606	273	34.2	0
606	272	34.3	0
609	272	34.4	0
613	271	34.5	0
615	269	34.6	0
617	265	34.7	0
618	261	34.8	0
618	244	34.9	0
618	228	35	0
617	224	35.1	0
617	223	35.2	0
617	223	35.3	0
617	223	35.4	0
617	223	35.5	0
617	223	35.6	0
617	223	35.7	0
617	223	35.8	0
617	223	35.9	0
617	223	36	0
615	223	36.1	0
612	224	36.2	0
611	225	36.3	0
610	225	36.4	0
610	225	36.5	0
609	225	36.6	0
603	226	36.7	0
602	226	36.8	0
598	227	36.9	0
594	229	37	0
587	232	37.1	0
586	238	37.2	0
591	260	37.3	0
598	286	37.4	0
596	310	37.5	0
580	312	37.6	0
565	311	37.7	0
531	305	37.8	0
504	305	37.9	0
504	319	38	0
506	363	38.1	0
508	377	38.2	0
526	382	38.3	0
543	385	38.4	0
553	386	38.5	0
589	386	38.6	0
623	386	38.7	0
633	385	38.8	0
641	384	38.9	0
642	384	39	0
643	382	39.1	0
643	381	39.2	0
643	377	39.3	0
643	373	39.4	0
643	368	39.5	0
643	366	39.6	0
639	359	39.7	0
638	357	39.8	0
636	354	39.9	0
633	350	40	0
621	341	40.1	0
618	336	40.2	0
613	326	40.3	0
610	318	40.4	0
605	313	40.5	0
602	312	40.6	0
589	307	40.7	0
579	301	40.8	0
567	295	40.9	0
558	291	41	0
556	288	41.1	0
551	274	41.2	0
547	271	41.3	0
546	271	41.4	0
546	271	41.5	0
526	273	41.6	0
518	274	41.7	0
492	274	41.8	0
486	274	41.9	0
480	274	42	0
479	274	42.1	0
471	274	42.2	0
456	274	42.3	0
456	274	42.4	0
455	278	42.5	0
465	286	42.6	0
468	288	42.7	0
473	289	42.8	0
475	288	42.9	0
477	280	43	0
479	275	43.1	0
482	270	43.2	0
487	266	43.3	0
491	264	43.4	0
492	263	43.5	0
500	264	43.6	0
502	266	43.7	0
505	270	43.8	0
509	274	43.9	0
512	277	44	0
516	279	44.1	0
518	280	44.2	0
520	285	44.3	0
522	288	44.4	0
522	291	44.5	0
523	295	44.6	0
525	296	44.7	0
533	303	44.8	0
537	314	44.9	0
537	317	45	0
535	319	45.1	0
517	319	45.2	0
507	319	45.3	0
499	319	45.4	0
495	319	45.5	0
479	322	45.6	0
469	323	45.7	0
452	323	45.8	0
432	325	45.9	0
428	328	46	0
425	337	46.1	0
421	357	46.2	0
419	370	46.3	0
417	382	46.4	0
417	414	46.5	0
419	432	46.6	0
435	455	46.7	0
453	458	46.8	0
497	462	46.9	0
527	464	47	0
555	464	47.1	0
571	462	47.2	0
586	447	47.3	0
592	421	47.4	0
593	401	47.5	0
593	383	47.6	0
593	363	47.7	0
591	349	47.8	0
585	334	47.9	0
581	331	48	0
557	325	48.1	0
545	322	48.2	0
531	322	48.3	0
503	322	48.4	0
479	321	48.5	0
460	321	48.6	0
457	321	48.7	0
456	322	48.8	0
455	338	48.9	0
455	341	49	0
456	343	49.1	0
465	344	49.2	0
479	340	49.3	0
484	333	49.4	0
487	327	49.5	0
493	319	49.6	0
515	313	49.7	0
516	313	49.8	0
540	313	49.9	0
554	314	50	0
564	314	50.1	0
574	314	50.2	0
578	311	50.3	0
580	312	50.4	0
580	332	50.5	0
579	348	50.6	0
576	354	50.7	0
574	361	50.8	0
579	365	50.9	0
583	366	51	0
594	368	51.1	0
601	369	51.2	0
604	369	51.3	0
608	366	51.4	0
614	356	51.5	0
620	334	51.6	0
624	298	51.7	0
618	272	51.8	0
605	263	51.9	0
594	261	52	0
589	261	52.1	0
555	263	52.2	0
535	263	52.3	0
525	258	52.4	0
522	254	52.5	0
512	245	52.6	0
511	245	52.7	0
496	256	52.8	0
494	314	52.9	0
504	356	53	0
516	379	53.1	0
538	429	53.2	0
552	440	53.3	0
554	442	53.4	0
558	447	53.5	0
567	454	53.6	0
572	460	53.7	0
573	461	53.8	0
573	461	53.9	0
545	461	54	0
513	460	54.1	0
471	453	54.2	0
449	451	54.3	0
447	447	54.4	0
448	436	54.5	0
450	433	54.6	0
451	432	54.7	0
465	430	54.8	0
523	404	54.9	0
542	392	55	0
531	376	55.1	0
493	376	55.2	0
487	376	55.3	0
521	378	55.4	0
530	375	55.5	0
505	371	55.6	0
492	373	55.7	0
516	383	55.8	0
542	385	55.9	0
578	382	56	0
602	371	56.1	0
664	350	56.2	0
667	346	56.3	0
667	344	56.4	0
667	338	56.5	0
667	333	56.6	0
664	325	56.7	0
649	322	56.8	0
638	312	56.9	0
622	298	57	0
620	296	57.1	0
612	289	57.2	0
612	283	57.3	0
613	279	57.4	0
619	267	57.5	0
622	263	57.6	0
622	262	57.7	0
603	257	57.8	0
593	252	57.9	0
575	248	58	0
570	248	58.1	0
568	248	58.2	0
568	260	58.3	0
568	272	58.4	0
568	274	58.5	0
544	278	58.6	0
510	278	58.7	0
478	278	58.8	0
468	278	58.9	0
440	279	59	0
438	282	59.1	0
434	286	59.2	0
431	290	59.3	0
430	299	59.4	0
430	303	59.5	0
433	304	59.6	0
437	305	59.7	0
449	307	59.8	0
464	310	59.9	0
482	311	60	0
514	313	60.1	0
548	314	60.2	0
553	314	60.3	0
578	315	60.4	0
579	315	60.5	0
581	317	60.6	0
585	337	60.7	0
585	340	60.8	0
585	345	60.9	0
586	346	61	0
586	351	61.1	0
587	354	61.2	0
587	355	61.3	0
587	360	61.4	0
587	368	61.5	0
587	372	61.6	0
586	380	61.7	0
583	412	61.8	0
580	416	61.9	0
577	419	62	0
574	422	62.1	0
574	422	62.2	0
574	422	62.3	0
580	422	62.4	0
582	422	62.5	0
582	422	62.6	0
581	420	62.7	0
580	418	62.8	0
578	404	62.9	0
573	380	63	0
570	360	63.1	0
562	344	63.2	0
554	344	63.3	0
546	364	63.4	0
536	375	63.5	0
504	379	63.6	0
490	379	63.7	0
487	377	63.8	0
487	365	63.9	0
487	356	64	0
490	352	64.1	0
494	352	64.2	0
499	352	64.3	0
501	354	64.4	0
504	359	64.5	0
505	369	64.6	0
505	374	64.7	0
504	386	64.8	0
511	407	64.9	0
515	408	65	0
520	406	65.1	0
524	400	65.2	0
527	396	65.3	0
527	390	65.4	0
527	384	65.5	0
515	373	65.6	0
501	369	65.7	0
490	363	65.8	0
487	359	65.9	0
485	354	66	0
485	352	66.1	0
487	350	66.2	0
490	350	66.3	0
491	350	66.4	0
507	350	66.5	0
519	350	66.6	0
527	350	66.7	0
528	350	66.8	0
554	352	66.9	0
572	353	67	0
572	353	67.1	0
573	353	67.2	0
579	352	67.3	0
582	350	67.4	0
582	347	67.5	0
582	342	67.6	0
582	333	67.7	0
580	327	67.8	0
575	313	67.9	0
568	302	68	0
561	299	68.1	0
546	289	68.2	0
534	280	68.3	0
533	279	68.4	0
531	278	68.5	0
526	276	68.6	0
525	276	68.7	0
515	273	68.8	0
513	273	68.9	0
504	273	69	0
490	261	69.1	0
450	225	69.2	0
368	205	69.3	0
330	207	69.4	0
326	243	69.5	0
317	295	69.6	0
302	373	69.7	0
300	459	69.8	0
348	529	69.9	0
428	585	70	0
504	609	70.1	0
584	612	70.2	0
622	600	70.3	0
672	554	70.4	0
718	458	70.5	0
727	376	70.6	0
718	304	70.7	0
677	232	70.8	0
631	188	70.9	0
577	170	71	0
525	166	71.1	0
487	163	71.2	0
471	163	71.3	0
445	163	71.4	0
430	163	71.5	0
419	164	71.6	0
402	167	71.7	0
389	172	71.8	0
387	174	71.9	0
386	176	72	0
383	186	72.1	0
382	188	72.2	0
382	189	72.3	0
382	190	72.4	0
385	195	72.5	0
386	197	72.6	0
394	203	72.7	0
400	205	72.8	0
410	209	72.9	0
421	213	73	0
439	217	73.1	0
450	219	73.2	0
464	219	73.3	0
507	220	73.4	0
510	220	73.5	0
560	222	73.6	0
560	222	73.7	0
561	223	73.8	0
562	224	73.9	0
564	225	74	0
567	228	74.1	0
570	231	74.2	0
571	232	74.3	0
575	236	74.4	0
579	240	74.5	0
580	241	74.6	0
581	241	74.7	0
582	241	74.8	0
584	238	74.9	0
584	235	75	0
584	232	75.1	0
581	225	75.2	0
573	214	75.3	0
569	211	75.4	0
561	208	75.5	0
556	207	75.6	0
545	205	75.7	0
541	205	75.8	0
522	205	75.9	0
519	207	76	0
516	212	76.1	0
514	216	76.2	0
513	218	76.3	0
512	223	76.4	0
510	228	76.5	0
510	231	76.6	0
507	239	76.7	0
502	250	76.8	0
497	254	76.9	0
480	265	77	0
469	269	77.1	0
465	272	77.2	0
461	272	77.3	0
450	274	77.4	0
444	275	77.5	0
436	273	77.6	0
437	264	77.7	0
454	258	77.8	0
472	256	77.9	0
485	257	78	0
510	269	78.1	0
516	277	78.2	0
538	285	78.3	0
541	287	78.4	0
544	288	78.5	0
544	288	78.6	0
546	288	78.7	0
546	288	78.8	0
546	289	78.9	0
546	289	79	0
546	289	79.1	0
546	289	79.2	0
546	289	79.3	0
546	289	79.4	0
546	289	79.5	0
546	289	79.6	0
546	289	79.7	0
546	289	79.8	0
546	289	79.9	0
546	289	80	0
546	289	80.1	0
546	289	80.2	0
546	289	80.3	0
546	289	80.4	0
547	289	80.5	0
548	289	80.6	0
549	290	80.7	0
552	291	80.8	0
555	293	80.9	0
555	293	81	0
557	297	81.1	0
557	298	81.2	0
557	301	81.3	0
557	302	81.4	0
557	303	81.5	0
557	303	81.6	0
555	306	81.7	0
555	306	81.8	0
554	306	81.9	0
554	306	82	0
554	307	82.1	0
553	308	82.2	0
552	309	82.3	0
551	309	82.4	0
551	309	82.5	0
550	310	82.6	0
550	310	82.7	0
551	310	82.8	0
553	309	82.9	0
553	309	83	0
554	309	83.1	0
554	309	83.2	0
554	309	83.3	0
554	309	83.4	0
554	309	83.5	0
554	309	83.6	0
554	309	83.7	0
554	309	83.8	0
554	309	83.9	0
554	309	84	0
554	309	84.1	0
554	309	84.2	0
554	309	84.3	0
554	309	84.4	0
554	309	84.5	0
554	309	84.6	0
554	309	84.7	0
554	309	84.8	0
554	309	84.9	0
554	309	85	0
554	309	85.1	0
554	309	85.2	0
554	309	85.3	0
554	309	85.4	0
554	309	85.5	0
554	309	85.6	0
554	309	85.7	0
554	309	85.8	0
554	309	85.9	0
554	309	86	0
554	309	86.1	0
554	309	86.2	0
554	309	86.3	0
554	309	86.4	0
554	309	86.5	0
554	309	86.6	0
554	309	86.7	0
554	309	86.8	0
554	309	86.9	0
554	309	87	0
554	309	87.1	0
554	309	87.2	0
554	309	87.3	0
554	309	87.4	0
554	309	87.5	0
554	309	87.6	0
554	309	87.7	0
554	309	87.8	0
554	309	87.9	0
554	309	88	0
554	309	88.1	0
554	309	88.2	0
554	309	88.3	0
554	309	88.4	0
554	309	88.5	0
554	309	88.6	0
554	309	88.7	0
554	309	88.8	0
554	309	88.9	0
554	309	89	0
554	309	89.1	0
554	309	89.2	0
554	309	89.3	0
554	309	89.4	0
554	309	89.5	0
554	308	89.6	0
554	308	89.7	0
554	308	89.8	0
554	307	89.9	0
554	303	90	0
554	303	90.1	0
554	301	90.2	0
553	299	90.3	0
552	294	90.4	0
548	287	90.5	0
528	263	90.6	0
510	245	90.7	0
486	226	90.8	0
477	223	90.9	0
477	223	91	0
477	223	91.1	0
477	223	91.2	0
477	223	91.3	0
471	220	91.4	0
457	216	91.5	0
437	214	91.6	0
411	214	91.7	0
361	215	91.8	0
329	220	91.9	0
297	240	92	0
289	270	92.1	0
290	332	92.2	0
290	382	92.3	0
292	434	92.4	0
307	488	92.5	0
314	499	92.6	0
333	520	92.7	0
357	536	92.8	0
382	543	92.9	0
396	548	93	0
424	550	93.1	0
462	555	93.2	0
520	562	93.3	0
572	563	93.4	0
600	564	93.5	0
626	561	93.6	0
660	543	93.7	0
665	517	93.8	0
671	485	93.9	0
675	465	94	0
677	449	94.1	0
679	427	94.2	0
680	395	94.3	0
681	355	94.4	0
681	319	94.5	0
675	289	94.6	0
669	282	94.7	0
664	276	94.8	0
656	255	94.9	0
644	250	95	0
626	240	95.1	0
625	239	95.2	0
607	235	95.3	0
591	227	95.4	0
589	227	95.5	0
589	227	95.6	0
589	227	95.7	0
589	227	95.8	0
589	227	95.9	0
589	227	96	0
589	227	96.1	0
589	227	96.2	0
589	227	96.3	0
589	227	96.4	0
588	227	96.5	0
558	226	96.6	0
547	227	96.7	0
537	231	96.8	0
535	234	96.9	0
531	239	97	0
530	244	97.1	0
532	255	97.2	0
558	274	97.3	0
584	285	97.4	0
592	286	97.5	0
607	287	97.6	0
631	292	97.7	0
638	296	97.8	0
641	301	97.9	0
645	307	98	0
650	315	98.1	0
652	321	98.2	0
653	329	98.3	0
654	332	98.4	0
655	334	98.5	0
658	337	98.6	0
660	355	98.7	0
660	361	98.8	0
661	375	98.9	0
661	390	99	0
661	402	99.1	0
658	416	99.2	0
654	432	99.3	0
638	466	99.4	0
627	498	99.5	0
607	519	99.6	0
581	521	99.7	0
543	521	99.8	0
525	521	99.9	0
493	522	100	0
465	522	100.1	0
444	521	100.2	0
422	510	100.3	0
419	486	100.4	0
416	462	100.5	0
395	442	100.6	0
369	436	100.7	0
346	430	100.8	0
341	409	100.9	0
331	377	101	0
309	337	101.1	0
307	305	101.2	0
307	273	101.3	0
309	237	101.4	0
347	217	101.5	0
401	215	101.6	0
437	216	101.7	0
454	217	101.8	0
461	217	101.9	0
469	218	102	0
469	218	102.1	0
470	220	102.2	0
470	225	102.3	0
470	230	102.4	0
479	252	102.5	0
497	272	102.6	0
507	275	102.7	0
511	275	102.8	0
521	272	102.9	0
526	268	103	0
526	266	103.1	0
526	252	103.2	0
541	240	103.3	0
578	239	103.4	0
588	240	103.5	0
591	252	103.6	0
595	264	103.7	0
607	274	103.8	0
611	284	103.9	0
611	293	104	0
611	297	104.1	0
611	313	104.2	0
617	324	104.3	0
619	327	104.4	0
619	332	104.5	0
621	342	104.6	0
622	362	104.7	0
622	365	104.8	0
622	366	104.9	0
622	364	105	0
622	363	105.1	0
622	363	105.2	0
622	365	105.3	0
622	375	105.4	0
622	391	105.5	0
619	406	105.6	0
615	411	105.7	0
608	426	105.8	0
606	427	105.9	0
602	433	106	0
602	433	106.1	0
598	435	106.2	0
596	436	106.3	0
589	440	106.4	0
579	454	106.5	0
576	456	106.6	0
568	460	106.7	0
542	463	106.8	0
533	463	106.9	0
501	464	107	0
494	465	107.1	0
470	465	107.2	0
454	462	107.3	0
446	454	107.4	0
443	445	107.5	0
437	409	107.6	0
431	381	107.7	0
421	345	107.8	0
421	319	107.9	0
421	301	108	0
423	297	108.1	0
426	289	108.2	0
431	283	108.3	0
442	281	108.4	0
452	276	108.5	0
463	271	108.6	0
471	260	108.7	0
484	257	108.8	0
487	257	108.9	0
490	260	109	0
498	263	109.1	0
503	266	109.2	0
504	267	109.3	0
510	273	109.4	0
512	275	109.5	0
521	277	109.6	0
527	277	109.7	0
529	276	109.8	0
533	276	109.9	0
536	276	110	0
539	279	110.1	0
539	286	110.2	0
539	292	110.3	0
548	299	110.4	0
552	302	110.5	0
553	307	110.6	0
556	308	110.7	0
560	308	110.8	0
562	305	110.9	0
563	304	111	0
564	304	111.1	0
564	304	111.2	0
565	304	111.3	0
574	304	111.4	0
576	304	111.5	0
576	314	111.6	0
576	326	111.7	0
577	327	111.8	0
581	329	111.9	0
581	329	112	0
583	332	112.1	0
588	335	112.2	0
589	335	112.3	0
589	339	112.4	0
589	344	112.5	0
592	350	112.6	0
596	352	112.7	0
597	353	112.8	0
596	358	112.9	0
594	362	113	0
593	380	113.1	0
592	402	113.2	0
592	414	113.3	0
590	420	113.4	0
584	434	113.5	0
579	442	113.6	0
573	452	113.7	0
563	456	113.8	0
548	461	113.9	0
534	465	114	0
517	467	114.1	0
489	469	114.2	0
471	470	114.3	0
453	470	114.4	0
435	469	114.5	0
425	467	114.6	0
416	462	114.7	0
416	448	114.8	0
416	441	114.9	0
416	439	115	0
419	434	115.1	0
435	424	115.2	0
467	412	115.3	0
503	397	115.4	0
543	373	115.5	0
577	354	115.6	0
597	347	115.7	0
611	338	115.8	0
615	335	115.9	0
618	333	116	0
618	333	116.1	0
618	333	116.2	0
618	333	116.3	0
618	333	116.4	0
618	333	116.5	0
618	333	116.6	0
619	332	116.7	0
619	332	116.8	0
620	332	116.9	0
620	332	117	0
620	332	117.1	0
620	332	117.2	0
620	332	117.3	0
620	331	117.4	0
620	330	117.5	0
620	329	117.6	0
620	326	117.7	0
620	325	117.8	0
620	324	117.9	0
620	322	118	0
620	322	118.1	0
620	320	118.2	0
620	319	118.3	0
620	318	118.4	0
620	317	118.5	0
620	315	118.6	0
620	313	118.7	0
620	311	118.8	0
619	308	118.9	0
618	306	119	0
616	305	119.1	0
613	295	119.2	0
607	291	119.3	0
597	286	119.4	0
583	283	119.5	0
578	282	119.6	0
546	281	119.7	0
516	279	119.8	0
498	279	119.9	0
474	279	120	0
462	279	120.1	0
443	285	120.2	0
432	295	120.3	0
428	299	120.4	0
423	306	120.5	0
422	313	120.6	0
419	331	120.7	0
418	335	120.8	0
417	336	120.9	0
416	340	121	0
415	340	121.1	0
415	341	121.2	0
415	343	121.3	0
414	344	121.4	0
413	350	121.5	0
413	352	121.6	0
416	357	121.7	0
421	358	121.8	0
443	359	121.9	0
467	361	122	0
495	362	122.1	0
500	363	122.2	0
521	366	122.3	0
527	368	122.4	0
537	368	122.5	0
538	369	122.6	0
538	369	122.7	0
538	369	122.8	0
532	371	122.9	0
516	371	123	0
495	371	123.1	0
467	369	123.2	0
452	368	123.3	0
432	367	123.4	0
419	364	123.5	0
406	362	123.6	0
387	358	123.7	0
384	356	123.8	0
381	354	123.9	0
378	349	124	0
378	344	124.1	0
378	339	124.2	0
379	334	124.3	0
380	331	124.4	0
390	315	124.5	0
393	311	124.6	0
397	309	124.7	0
408	303	124.8	0
415	296	124.9	0
429	291	125	0
432	289	125.1	0
442	288	125.2	0
443	288	125.3	0
445	287	125.4	0
452	286	125.5	0
467	283	125.6	0
489	281	125.7	0
501	281	125.8	0
508	281	125.9	0
532	281	126	0
535	282	126.1	0
538	283	126.2	0
540	285	126.3	0
543	289	126.4	0
544	290	126.5	0
555	292	126.6	0
558	292	126.7	0
559	293	126.8	0
559	293	126.9	0
559	294	127	0
560	296	127.1	0
561	297	127.2	0
563	298	127.3	0
566	299	127.4	0
566	301	127.5	0
566	301	127.6	0
569	304	127.7	0
571	304	127.8	0
574	305	127.9	0
574	305	128	0
577	307	128.1	0
579	309	128.2	0
579	310	128.3	0
579	310	128.4	0
579	311	128.5	0
579	312	128.6	0
579	312	128.7	0
580	313	128.8	0
580	313	128.9	0
581	313	129	0
585	327	129.1	0
589	342	129.2	0
592	345	129.3	0
594	346	129.4	0
597	352	129.5	0
598	371	129.6	0
598	376	129.7	0
598	379	129.8	0
598	382	129.9	0
598	388	130	0
598	398	130.1	0
593	414	130.2	0
587	425	130.3	0
583	431	130.4	0
563	443	130.5	0
553	457	130.6	0
538	468	130.7	0
526	473	130.8	0
504	477	130.9	0
476	481	131	0
466	481	131.1	0
446	482	131.2	0
445	482	131.3	0
441	473	131.4	0
440	470	131.5	0
434	465	131.6	0
429	462	131.7	0
418	459	131.8	0
407	455	131.9	0
404	449	132	0
399	427	132.1	0
392	409	132.2	0
389	403	132.3	0
386	394	132.4	0
385	378	132.5	0
385	373	132.6	0
385	359	132.7	0
385	353	132.8	0
385	349	132.9	0
390	338	133	0
393	333	133.1	0
399	318	133.2	0
401	315	133.3	0
408	309	133.4	0
412	304	133.5	0
415	302	133.6	0
416	301	133.7	0
417	301	133.8	0
422	299	133.9	0
424	299	134	0
428	299	134.1	0
431	302	134.2	0
433	306	134.3	0
440	321	134.4	0
449	326	134.5	0
449	326	134.6	0
449	327	134.7	0
449	327	134.8	0
449	327	134.9	0
449	327	135	0
449	327	135.1	0
449	327	135.2	0
450	327	135.3	0
450	327	135.4	0
450	327	135.5	0
451	327	135.6	0
452	328	135.7	0
452	329	135.8	0
452	329	135.9	0
453	305	136	0
456	301	136.1	0
468	297	136.2	0
484	296	136.3	0
497	294	136.4	0
524	294	136.5	0
564	294	136.6	0
564	294	136.7	0
564	294	136.8	0
564	294	136.9	0
564	294	137	0
566	296	137.1	0
569	298	137.2	0
572	301	137.3	0
574	302	137.4	0
575	304	137.5	0
578	308	137.6	0
579	312	137.7	0
580	314	137.8	0
580	315	137.9	0
580	315	138	0
580	316	138.1	0
577	321	138.2	0
576	322	138.3	0
575	327	138.4	0
576	353	138.5	0
576	358	138.6	0
578	364	138.7	0
579	366	138.8	0
579	369	138.9	0
579	381	139	0
577	384	139.1	0
575	385	139.2	0
572	398	139.3	0
568	404	139.4	0
557	409	139.5	0
542	409	139.6	0
530	409	139.7	0
525	409	139.8	0
514	408	139.9	0
498	394	140	0
494	387	140.1	0
493	382	140.2	0
493	379	140.3	0
493	368	140.4	0
494	365	140.5	0
498	361	140.6	0
501	360	140.7	0
504	360	140.8	0
508	359	140.9	0
513	359	141	0
515	360	141.1	0
525	364	141.2	0
529	367	141.3	0
531	373	141.4	0
531	382	141.5	0
531	392	141.6	0
531	396	141.7	0
527	400	141.8	0
520	400	141.9	0
510	401	142	0
486	401	142.1	0
484	401	142.2	0
484	401	142.3	0
482	399	142.4	0
479	393	142.5	0
475	392	142.6	0
472	387	142.7	0
471	385	142.8	0
469	383	142.9	0
469	381	143	0
468	380	143.1	0
458	372	143.2	0
455	367	143.3	0
451	356	143.4	0
445	334	143.5	0
444	320	143.6	0
444	300	143.7	0
444	274	143.8	0
453	259	143.9	0
458	256	144	0
475	251	144.1	0
489	249	144.2	0
524	246	144.3	0
529	246	144.4	0
543	246	144.5	0
562	246	144.6	0
566	248	144.7	0
580	265	144.8	0
584	285	144.9	0
591	301	145	0
597	312	145.1	0
601	328	145.2	0
606	365	145.3	0
607	397	145.4	0
606	435	145.5	0
595	467	145.6	0
587	477	145.7	0
563	484	145.8	0
531	494	145.9	0
497	500	146	0
471	500	146.1	0
455	499	146.2	0
444	493	146.3	0
434	483	146.4	0
414	461	146.5	0
388	445	146.6	0
376	434	146.7	0
370	418	146.8	0
368	394	146.9	0
368	374	147	0
368	342	147.1	0
368	324	147.2	0
371	316	147.3	0
377	310	147.4	0
378	308	147.5	0
379	307	147.6	0
380	306	147.7	0
383	304	147.8	0
386	301	147.9	0
391	296	148	0
396	292	148.1	0
401	288	148.2	0
421	284	148.3	0
438	278	148.4	0
447	275	148.5	0
458	272	148.6	0
462	271	148.7	0
474	268	148.8	0
484	266	148.9	0
501	265	149	0
538	265	149.1	0
539	265	149.2	0
542	265	149.3	0
553	269	149.4	0
575	277	149.5	0
579	282	149.6	0
590	288	149.7	0
594	292	149.8	0
601	299	149.9	0
607	306	150	0
610	312	150.1	0
612	317	150.2	0
620	321	150.3	0
622	323	150.4	0
622	328	150.5	0
622	330	150.6	0
620	330	150.7	0
616	321	150.8	0
611	314	150.9	0
609	312	151	0
606	312	151.1	0
606	312	151.2	0
606	315	151.3	0
612	317	151.4	0
613	318	151.5	0
614	318	151.6	0
614	318	151.7	0
614	318	151.8	0
614	319	151.9	0
612	319	152	0
610	319	152.1	0
610	319	152.2	0
610	319	152.3	0
610	319	152.4	0
610	319	152.5	0
610	319	152.6	0
611	319	152.7	0
611	319	152.8	0
611	319	152.9	0
611	319	153	0
611	319	153.1	0
611	319	153.2	0
611	319	153.3	0
611	319	153.4	0
612	319	153.5	0
612	319	153.6	0
612	319	153.7	0
612	319	153.8	0
612	319	153.9	0
612	319	154	0
612	319	154.1	0
612	319	154.2	0
612	319	154.3	0
612	321	154.4	0
612	323	154.5	0
612	324	154.6	0
611	330	154.7	0
611	336	154.8	0
611	347	154.9	0
610	373	155	0
609	391	155.1	0
605	408	155.2	0
599	440	155.3	0
587	472	155.4	0
573	488	155.5	0
543	510	155.6	0
511	515	155.7	0
500	516	155.8	0
495	498	155.9	0
489	460	156	0
485	446	156.1	0
465	440	156.2	0
447	438	156.3	0
438	434	156.4	0
437	428	156.5	0
438	422	156.6	0
441	413	156.7	0
458	406	156.8	0
474	400	156.9	0
492	397	157	0
501	395	157.1	0
531	388	157.2	0
535	374	157.3	0
535	346	157.4	0
527	340	157.5	0
521	338	157.6	0
510	336	157.7	0
507	336	157.8	0
500	337	157.9	0
490	341	158	0
485	346	158.1	0
483	351	158.2	0
483	365	158.3	0
483	387	158.4	0
484	407	158.5	0
490	413	158.6	0
495	417	158.7	0
497	417	158.8	0
502	417	158.9	0
506	417	159	0
510	416	159.1	0
514	414	159.2	0
518	411	159.3	0
524	406	159.4	0
530	400	159.5	0
533	394	159.6	0
533	391	159.7	0
534	386	159.8	0
534	380	159.9	0
534	379	160	0
534	378	160.1	0
534	374	160.2	0
539	364	160.3	0
544	358	160.4	0
546	354	160.5	0
546	354	160.6	0
547	354	160.7	0
547	353	160.8	0
545	352	160.9	0
541	347	161	0
536	345	161.1	0
525	343	161.2	0
519	342	161.3	0
501	340	161.4	0
499	340	161.5	0
497	340	161.6	0
494	339	161.7	0
484	337	161.8	0
482	336	161.9	0
480	336	162	0
474	332	162.1	0
465	331	162.2	0
465	331	162.3	0
465	331	162.4	0
452	330	162.5	0
449	330	162.6	0
449	330	162.7	0
449	330	162.8	0
449	330	162.9	0
448	330	163	0
447	330	163.1	0
444	331	163.2	0
441	334	163.3	0
439	335	163.4	0
437	338	163.5	0
435	341	163.6	0
434	343	163.7	0
434	352	163.8	0
433	355	163.9	0
429	359	164	0
429	360	164.1	0
428	362	164.2	0
428	363	164.3	0
428	365	164.4	0
426	370	164.5	0
424	376	164.6	0
423	387	164.7	0
423	401	164.8	0
423	404	164.9	0
429	406	165	0
431	408	165.1	0
435	417	165.2	0
438	430	165.3	0
443	433	165.4	0
451	444	165.5	0
461	448	165.6	0
467	451	165.7	0
470	451	165.8	0
487	453	165.9	0
509	454	166	0
533	454	166.1	0
541	454	166.2	0
557	452	166.3	0
562	447	166.4	0
573	430	166.5	0
583	424	166.6	0
592	416	166.7	0
595	406	166.8	0
596	392	166.9	0
596	386	167	0
597	374	167.1	0
597	350	167.2	0
597	320	167.3	0
592	288	167.4	0
585	260	167.5	0
584	258	167.6	0
567	256	167.7	0
551	256	167.8	0
528	256	167.9	0
510	256	168	0
495	256	168.1	0
492	257	168.2	0
477	259	168.3	0
475	260	168.4	0
471	262	168.5	0
470	262	168.6	0
470	262	168.7	0
469	263	168.8	0
458	267	168.9	0
455	269	169	0
451	274	169.1	0
446	289	169.2	0
442	301	169.3	0
436	313	169.4	0
432	318	169.5	0
430	321	169.6	0
429	323	169.7	0
429	324	169.8	0
429	325	169.9	0
437	333	170	0
441	338	170.1	0
446	344	170.2	0
447	345	170.3	0
447	351	170.4	0
447	355	170.5	0
445	364	170.6	0
442	378	170.7	0
441	389	170.8	0
442	394	170.9	0
446	399	171	0
449	403	171.1	0
453	407	171.2	0
457	411	171.3	0
460	414	171.4	0
463	416	171.5	0
463	417	171.6	0
464	417	171.7	0
466	418	171.8	0
468	420	171.9	0
468	421	172	0
469	422	172.1	0
472	424	172.2	0
474	425	172.3	0
475	426	172.4	0
478	428	172.5	0
480	430	172.6	0
483	432	172.7	0
486	432	172.8	0
488	433	172.9	0
495	437	173	0
496	438	173.1	0
500	438	173.2	0
503	439	173.3	0
504	440	173.4	0
508	440	173.5	0
508	440	173.6	0
509	440	173.7	0
509	440	173.8	0
509	440	173.9	0
510	440	174	0
512	440	174.1	0
516	440	174.2	0
518	440	174.3	0
519	440	174.4	0
520	440	174.5	0
523	440	174.6	0
527	440	174.7	0
530	440	174.8	0
535	440	174.9	0
537	440	175	0
538	440	175.1	0
538	440	175.2	0
539	440	175.3	0
543	438	175.4	0
543	437	175.5	0
544	437	175.6	0
544	436	175.7	0
546	435	175.8	0
547	435	175.9	0
547	434	176	0
550	433	176.1	0
550	433	176.2	0
552	432	176.3	0
553	431	176.4	0
555	431	176.5	0
555	431	176.6	0
557	429	176.7	0
558	427	176.8	0
559	426	176.9	0
560	425	177	0
