#EXP	Sun Feb 13 17:15:53 2000		
X	Y	TIME	CLICK
400	300	0	0
400	281	0.1	0
400	279	0.2	0
392	271	0.3	0
387	267	0.4	0
387	267	0.5	0
387	267	0.6	0
387	268	0.7	0
387	268	0.8	0
386	267	0.9	0
386	267	1	0
386	267	1.1	0
387	267	1.2	0
387	268	1.3	0
387	268	1.4	0
387	268	1.5	0
387	268	1.6	0
387	268	1.7	0
387	267	1.8	0
387	267	1.9	0
387	266	2	0
387	265	2.1	0
387	265	2.2	0
387	267	2.3	0
387	267	2.4	0
387	267	2.5	0
388	266	2.6	0
388	265	2.7	0
389	259	2.8	0
382	229	2.9	0
372	190	3	0
371	177	3.1	0
366	156	3.2	0
380	137	3.3	0
402	101	3.4	0
404	83	3.5	0
405	92	3.6	0
411	108	3.7	0
413	116	3.8	0
416	121	3.9	0
418	121	4	0
420	118	4.1	0
425	108	4.2	0
425	97	4.3	0
425	97	4.4	0
424	102	4.5	0
430	112	4.6	0
434	115	4.7	0
439	118	4.8	0
442	127	4.9	0
445	133	5	0
451	140	5.1	0
456	143	5.2	0
462	148	5.3	0
464	151	5.4	0
465	153	5.5	0
466	155	5.6	0
467	157	5.7	0
467	158	5.8	0
467	158	5.9	0
467	158	6	0
467	158	6.1	0
467	158	6.2	0
467	158	6.3	0
468	158	6.4	0
468	159	6.5	0
468	159	6.6	0
469	159	6.7	0
469	159	6.8	0
469	159	6.9	0
469	159	7	0
469	159	7.1	0
469	159	7.2	0
469	159	7.3	0
469	159	7.4	0
470	159	7.5	0
470	160	7.6	0
470	160	7.7	0
470	160	7.8	0
471	161	7.9	0
472	161	8	0
472	162	8.1	0
472	162	8.2	0
472	162	8.3	0
472	162	8.4	0
472	162	8.5	0
472	162	8.6	0
473	163	8.7	0
474	164	8.8	0
474	164	8.9	0
474	164	9	0
474	164	9.1	0
475	162	9.2	0
475	162	9.3	0
475	162	9.4	0
476	160	9.5	0
476	160	9.6	0
476	160	9.7	0
476	160	9.8	0
476	159	9.9	0
476	158	10	0
476	157	10.1	0
476	157	10.2	0
476	157	10.3	0
476	157	10.4	0
476	157	10.5	0
476	157	10.6	0
476	157	10.7	0
476	156	10.8	0
476	156	10.9	0
476	156	11	0
476	156	11.1	0
476	156	11.2	0
476	156	11.3	0
476	156	11.4	0
476	156	11.5	0
477	158	11.6	0
479	162	11.7	0
481	165	11.8	0
485	176	11.9	0
484	184	12	0
482	189	12.1	0
481	202	12.2	0
481	210	12.3	0
481	217	12.4	0
481	220	12.5	0
478	224	12.6	0
472	235	12.7	0
470	237	12.8	0
469	241	12.9	0
468	241	13	0
466	240	13.1	0
461	238	13.2	0
457	236	13.3	0
454	234	13.4	0
452	233	13.5	0
450	231	13.6	0
449	230	13.7	0
448	233	13.8	0
448	236	13.9	0
447	239	14	0
445	243	14.1	0
443	245	14.2	0
441	246	14.3	0
436	246	14.4	0
436	246	14.5	0
436	252	14.6	0
437	256	14.7	0
438	257	14.8	0
438	257	14.9	0
439	259	15	0
438	260	15.1	0
438	261	15.2	0
438	260	15.3	0
436	257	15.4	0
436	252	15.5	0
436	248	15.6	0
436	240	15.7	0
435	235	15.8	0
435	233	15.9	0
435	229	16	0
437	223	16.1	0
437	217	16.2	0
437	214	16.3	0
437	214	16.4	0
432	218	16.5	0
426	220	16.6	0
422	220	16.7	0
416	221	16.8	0
411	224	16.9	0
409	228	17	0
409	228	17.1	0
407	228	17.2	0
403	223	17.3	0
402	219	17.4	0
398	216	17.5	0
393	215	17.6	0
392	214	17.7	0
385	218	17.8	0
383	226	17.9	0
383	232	18	0
391	242	18.1	0
393	245	18.2	0
398	250	18.3	0
406	258	18.4	0
415	260	18.5	0
421	261	18.6	0
420	264	18.7	0
409	267	18.8	0
406	265	18.9	0
402	260	19	0
402	247	19.1	0
404	237	19.2	0
405	236	19.3	0
408	228	19.4	0
408	225	19.5	0
407	221	19.6	0
404	217	19.7	0
402	212	19.8	0
401	211	19.9	0
400	208	20	0
399	205	20.1	0
398	202	20.2	0
397	199	20.3	0
397	203	20.4	0
398	214	20.5	0
398	219	20.6	0
399	222	20.7	0
399	222	20.8	0
400	223	20.9	0
400	225	21	0
401	227	21.1	0
404	234	21.2	0
406	239	21.3	0
408	241	21.4	0
413	246	21.5	0
416	248	21.6	0
422	252	21.7	0
424	253	21.8	0
426	253	21.9	0
423	255	22	0
420	258	22.1	0
418	258	22.2	0
415	258	22.3	0
412	258	22.4	0
409	258	22.5	0
403	258	22.6	0
396	257	22.7	0
393	256	22.8	0
392	255	22.9	0
392	255	23	0
394	257	23.1	0
396	258	23.2	0
398	258	23.3	0
399	257	23.4	0
402	245	23.5	0
402	244	23.6	0
408	241	23.7	0
409	235	23.8	0
414	236	23.9	0
415	236	24	0
417	236	24.1	0
420	236	24.2	0
422	233	24.3	0
424	230	24.4	0
426	225	24.5	0
426	220	24.6	0
419	218	24.7	0
414	223	24.8	0
412	233	24.9	0
412	240	25	0
410	248	25.1	0
409	253	25.2	0
408	257	25.3	0
407	259	25.4	0
406	259	25.5	0
404	258	25.6	0
401	257	25.7	0
398	254	25.8	0
396	252	25.9	0
392	246	26	0
389	238	26.1	0
386	229	26.2	0
384	224	26.3	0
384	218	26.4	0
384	216	26.5	0
384	217	26.6	0
379	221	26.7	0
364	220	26.8	0
364	221	26.9	0
362	225	27	0
362	230	27.1	0
375	247	27.2	0
378	252	27.3	0
380	255	27.4	0
384	258	27.5	0
387	260	27.6	0
388	260	27.7	0
390	260	27.8	0
392	256	27.9	0
391	248	28	0
387	242	28.1	0
382	235	28.2	0
381	229	28.3	0
382	224	28.4	0
386	219	28.5	0
389	216	28.6	0
390	214	28.7	0
391	218	28.8	0
394	221	28.9	0
398	224	29	0
401	226	29.1	0
405	225	29.2	0
407	223	29.3	0
409	222	29.4	0
412	221	29.5	0
415	222	29.6	0
419	223	29.7	0
423	223	29.8	0
425	222	29.9	0
427	219	30	0
427	217	30.1	0
427	217	30.2	0
422	222	30.3	0
417	226	30.4	0
416	226	30.5	0
415	227	30.6	0
411	225	30.7	0
407	223	30.8	0
405	218	30.9	0
403	214	31	0
403	211	31.1	0
403	208	31.2	0
403	208	31.3	0
402	208	31.4	0
402	210	31.5	0
402	210	31.6	0
402	210	31.7	0
390	188	31.8	0
329	111	31.9	0
317	99	32	0
306	81	32.1	0
273	37	32.2	0
266	28	32.3	0
264	24	32.4	0
237	4	32.5	0
245	21	32.6	0
249	26	32.7	0
249	27	32.8	0
245	28	32.9	0
241	43	33	0
243	58	33.1	0
241	65	33.2	0
239	69	33.3	0
237	71	33.4	0
233	77	33.5	0
231	84	33.6	0
229	91	33.7	0
227	101	33.8	0
228	106	33.9	0
230	109	34	0
231	112	34.1	0
234	123	34.2	0
236	129	34.3	0
249	137	34.4	0
263	139	34.5	0
280	139	34.6	0
290	137	34.7	0
311	134	34.8	0
327	132	34.9	0
342	132	35	0
374	148	35.1	0
400	182	35.2	0
410	211	35.3	1
411	217	35.4	1
408	223	35.5	1
407	227	35.6	1
408	231	35.7	0
409	237	35.8	0
410	244	35.9	0
411	251	36	0
413	253	36.1	0
413	253	36.2	0
400	248	36.3	0
399	248	36.4	0
412	250	36.5	0
421	250	36.6	0
422	249	36.7	0
424	250	36.8	0
426	251	36.9	0
426	251	37	0
425	252	37.1	0
422	252	37.2	0
414	252	37.3	0
406	251	37.4	0
400	251	37.5	0
398	251	37.6	0
397	251	37.7	0
391	245	37.8	0
388	241	37.9	0
386	236	38	0
385	232	38.1	0
385	226	38.2	0
385	224	38.3	0
386	219	38.4	0
386	212	38.5	0
388	201	38.6	0
390	197	38.7	0
390	195	38.8	0
395	184	38.9	0
397	181	39	0
397	180	39.1	0
398	181	39.2	0
401	183	39.3	0
402	184	39.4	0
402	184	39.5	0
402	184	39.6	0
402	184	39.7	0
402	184	39.8	0
402	184	39.9	0
402	184	40	0
402	184	40.1	0
402	184	40.2	0
402	184	40.3	0
402	184	40.4	0
402	184	40.5	0
402	184	40.6	0
402	184	40.7	0
402	184	40.8	0
400	189	40.9	0
400	189	41	0
400	189	41.1	0
400	189	41.2	0
400	189	41.3	0
400	189	41.4	0
400	189	41.5	0
400	189	41.6	0
396	194	41.7	0
393	197	41.8	0
386	204	41.9	0
379	210	42	0
375	212	42.1	0
370	214	42.2	0
364	216	42.3	0
355	213	42.4	0
334	184	42.5	0
326	177	42.6	0
312	171	42.7	0
295	172	42.8	0
288	163	42.9	0
280	144	43	0
280	120	43.1	0
273	102	43.2	0
252	98	43.3	0
213	119	43.4	0
232	144	43.5	0
277	151	43.6	0
293	149	43.7	0
312	145	43.8	0
344	147	43.9	0
395	168	44	0
431	173	44.1	0
461	182	44.2	0
516	186	44.3	0
532	188	44.4	0
552	201	44.5	0
543	221	44.6	0
535	238	44.7	0
540	238	44.8	0
546	228	44.9	0
550	219	45	0
562	200	45.1	0
563	197	45.2	0
564	194	45.3	0
557	182	45.4	0
541	159	45.5	0
514	141	45.6	0
467	138	45.7	0
429	142	45.8	0
374	136	45.9	0
345	132	46	0
333	138	46.1	0
320	147	46.2	0
294	149	46.3	0
276	149	46.4	0
247	146	46.5	0
236	151	46.6	0
227	158	46.7	0
229	158	46.8	0
226	157	46.9	0
234	159	47	0
247	160	47.1	0
272	162	47.2	0
294	171	47.3	0
307	174	47.4	0
311	175	47.5	0
321	172	47.6	0
330	171	47.7	0
333	168	47.8	0
333	164	47.9	0
333	162	48	0
332	150	48.1	0
330	143	48.2	0
329	139	48.3	0
334	131	48.4	0
340	127	48.5	0
349	130	48.6	0
364	142	48.7	0
374	149	48.8	0
387	154	48.9	0
397	157	49	0
403	161	49.1	0
421	181	49.2	0
425	182	49.3	0
431	180	49.4	0
437	176	49.5	0
435	170	49.6	0
423	162	49.7	0
414	157	49.8	0
412	155	49.9	0
406	154	50	0
400	154	50.1	0
391	155	50.2	0
384	156	50.3	0
379	156	50.4	0
372	156	50.5	0
365	155	50.6	0
361	155	50.7	0
356	155	50.8	0
351	155	50.9	0
345	155	51	0
336	155	51.1	0
328	156	51.2	0
324	157	51.3	0
320	159	51.4	0
316	161	51.5	0
315	163	51.6	0
315	167	51.7	0
315	167	51.8	0
312	169	51.9	0
314	176	52	0
323	183	52.1	0
324	184	52.2	0
327	187	52.3	0
336	192	52.4	0
364	200	52.5	0
378	202	52.6	0
391	202	52.7	0
408	202	52.8	0
426	202	52.9	0
455	211	53	0
442	216	53.1	0
429	215	53.2	0
423	214	53.3	0
408	210	53.4	0
390	207	53.5	0
376	206	53.6	0
359	199	53.7	0
344	190	53.8	0
334	178	53.9	0
328	170	54	0
315	159	54.1	0
297	152	54.2	0
278	148	54.3	0
266	146	54.4	0
254	146	54.5	0
239	148	54.6	0
220	153	54.7	0
215	158	54.8	0
209	162	54.9	0
201	160	55	0
189	155	55.1	0
173	148	55.2	0
172	147	55.3	0
172	144	55.4	0
176	143	55.5	0
191	143	55.6	0
198	143	55.7	0
212	145	55.8	0
234	149	55.9	0
254	156	56	0
273	165	56.1	0
281	168	56.2	0
299	178	56.3	0
320	188	56.4	0
345	197	56.5	0
359	202	56.6	0
368	202	56.7	0
378	202	56.8	0
382	196	56.9	0
383	189	57	0
375	179	57.1	0
363	169	57.2	0
346	160	57.3	0
326	151	57.4	0
310	143	57.5	0
290	132	57.6	0
262	116	57.7	0
244	107	57.8	0
235	99	57.9	0
220	89	58	0
217	79	58.1	0
218	69	58.2	0
226	61	58.3	0
242	55	58.4	0
264	45	58.5	0
288	33	58.6	0
290	33	58.7	0
290	33	58.8	0
310	35	58.9	0
328	42	59	0
335	48	59.1	0
344	52	59.2	0
352	53	59.3	0
364	55	59.4	0
372	57	59.5	0
372	57	59.6	0
372	57	59.7	0
372	57	59.8	0
368	65	59.9	0
368	66	60	0
368	66	60.1	0
368	66	60.2	0
368	66	60.3	0
368	66	60.4	0
366	67	60.5	0
362	73	60.6	0
360	81	60.7	0
377	89	60.8	0
383	91	60.9	0
383	91	61	0
378	95	61.1	0
372	99	61.2	0
367	100	61.3	0
352	105	61.4	0
334	115	61.5	0
323	119	61.6	0
302	124	61.7	0
289	130	61.8	0
280	132	61.9	0
263	135	62	0
236	136	62.1	0
213	137	62.2	0
200	136	62.3	0
192	134	62.4	0
192	134	62.5	0
194	132	62.6	0
208	128	62.7	0
219	125	62.8	0
226	122	62.9	0
237	110	63	0
245	106	63.1	0
261	106	63.2	0
299	108	63.3	0
309	108	63.4	0
331	104	63.5	0
352	100	63.6	0
360	98	63.7	0
385	97	63.8	0
393	98	63.9	0
407	101	64	0
417	105	64.1	0
426	109	64.2	0
430	111	64.3	0
434	112	64.4	0
434	112	64.5	0
434	112	64.6	0
434	112	64.7	0
432	111	64.8	0
429	110	64.9	0
424	110	65	0
419	109	65.1	0
413	109	65.2	0
401	109	65.3	0
391	110	65.4	0
386	110	65.5	0
373	110	65.6	0
359	111	65.7	0
350	111	65.8	0
339	112	65.9	0
333	113	66	0
328	113	66.1	0
315	114	66.2	0
303	115	66.3	0
296	116	66.4	0
289	118	66.5	0
281	120	66.6	0
273	121	66.7	0
269	123	66.8	0
265	128	66.9	0
263	131	67	0
270	142	67.1	0
292	156	67.2	0
304	157	67.3	0
315	157	67.4	0
327	152	67.5	0
338	149	67.6	0
350	147	67.7	0
363	144	67.8	0
374	141	67.9	0
379	138	68	0
384	136	68.1	0
389	134	68.2	0
391	134	68.3	0
396	132	68.4	0
398	132	68.5	0
399	132	68.6	0
399	132	68.7	0
399	132	68.8	0
399	132	68.9	0
399	132	69	0
399	132	69.1	0
399	132	69.2	0
399	132	69.3	0
399	132	69.4	0
398	131	69.5	0
398	131	69.6	0
406	134	69.7	0
420	139	69.8	0
420	140	69.9	0
424	146	70	0
426	153	70.1	0
426	155	70.2	0
425	155	70.3	0
412	144	70.4	0
395	137	70.5	0
376	134	70.6	0
358	130	70.7	0
335	124	70.8	0
299	111	70.9	0
271	101	71	0
244	86	71.1	0
217	70	71.2	0
187	57	71.3	0
164	49	71.4	0
148	45	71.5	0
134	43	71.6	0
126	42	71.7	0
118	37	71.8	0
111	32	71.9	0
110	31	72	0
128	33	72.1	0
157	36	72.2	0
180	32	72.3	0
219	28	72.4	0
259	33	72.5	0
325	42	72.6	0
352	40	72.7	0
396	40	72.8	0
408	37	72.9	0
452	52	73	0
477	61	73.1	0
492	67	73.2	0
489	67	73.3	0
492	73	73.4	0
497	74	73.5	0
514	78	73.6	0
515	80	73.7	0
468	70	73.8	0
425	69	73.9	0
382	67	74	0
330	64	74.1	0
294	63	74.2	0
260	57	74.3	0
232	48	74.4	0
209	40	74.5	0
190	34	74.6	0
163	30	74.7	0
129	27	74.8	0
105	27	74.9	0
115	29	75	0
138	58	75.1	0
133	80	75.2	0
133	82	75.3	0
147	118	75.4	0
170	179	75.5	0
163	228	75.6	0
138	262	75.7	0
107	297	75.8	0
84	348	75.9	0
99	384	76	0
94	414	76.1	0
82	440	76.2	0
89	450	76.3	0
99	450	76.4	0
100	450	76.5	0
102	453	76.6	0
104	455	76.7	0
106	459	76.8	0
106	459	76.9	0
106	459	77	0
106	459	77.1	0
106	459	77.2	0
106	459	77.3	0
106	459	77.4	0
106	459	77.5	0
106	459	77.6	0
106	459	77.7	0
106	459	77.8	0
105	459	77.9	0
105	459	78	0
105	458	78.1	0
105	458	78.2	0
105	458	78.3	0
105	458	78.4	0
105	458	78.5	0
105	458	78.6	0
104	458	78.7	0
104	458	78.8	0
104	458	78.9	0
104	458	79	0
104	458	79.1	0
104	458	79.2	0
104	458	79.3	0
104	458	79.4	0
104	457	79.5	0
103	455	79.6	0
102	454	79.7	0
102	454	79.8	0
102	453	79.9	0
101	453	80	0
101	452	80.1	0
101	451	80.2	0
101	451	80.3	0
100	451	80.4	0
100	450	80.5	0
100	450	80.6	0
100	450	80.7	0
100	449	80.8	0
99	448	80.9	0
99	448	81	0
99	448	81.1	0
99	448	81.2	0
99	447	81.3	0
97	444	81.4	0
97	443	81.5	0
97	443	81.6	0
96	442	81.7	0
96	442	81.8	0
96	440	81.9	0
95	439	82	0
94	436	82.1	0
93	435	82.2	0
92	434	82.3	0
92	432	82.4	0
91	432	82.5	0
91	432	82.6	0
91	432	82.7	0
91	432	82.8	0
91	432	82.9	0
91	432	83	0
91	432	83.1	0
91	432	83.2	0
91	432	83.3	0
91	432	83.4	0
91	432	83.5	0
91	432	83.6	0
91	432	83.7	0
91	432	83.8	0
91	432	83.9	0
91	432	84	0
91	432	84.1	0
91	432	84.2	0
91	432	84.3	0
91	432	84.4	0
91	432	84.5	0
91	432	84.6	0
91	432	84.7	0
91	432	84.8	0
91	432	84.9	0
91	432	85	0
91	432	85.1	0
91	432	85.2	0
91	432	85.3	0
91	432	85.4	0
91	432	85.5	0
91	432	85.6	0
91	432	85.7	0
91	432	85.8	0
91	432	85.9	0
91	432	86	0
91	432	86.1	0
91	432	86.2	0
91	432	86.3	0
91	432	86.4	0
91	432	86.5	0
91	432	86.6	0
91	432	86.7	0
91	432	86.8	0
91	432	86.9	0
91	432	87	0
91	432	87.1	0
91	432	87.2	0
91	432	87.3	0
91	432	87.4	0
92	430	87.5	0
92	427	87.6	0
92	427	87.7	0
92	427	87.8	0
92	427	87.9	0
91	428	88	0
91	429	88.1	0
90	430	88.2	0
90	430	88.3	0
90	430	88.4	0
90	430	88.5	0
90	430	88.6	0
89	430	88.7	0
89	430	88.8	0
89	430	88.9	0
89	430	89	0
89	430	89.1	0
89	430	89.2	0
89	430	89.3	0
89	430	89.4	0
89	430	89.5	0
89	430	89.6	0
89	430	89.7	0
89	430	89.8	0
89	430	89.9	0
89	430	90	0
89	430	90.1	0
89	430	90.2	0
89	430	90.3	0
93	421	90.4	0
111	400	90.5	0
135	369	90.6	0
206	297	90.7	0
229	237	90.8	0
254	208	90.9	0
278	192	91	0
312	190	91.1	0
347	217	91.2	0
358	236	91.3	0
368	249	91.4	0
386	250	91.5	0
394	251	91.6	0
396	250	91.7	0
390	246	91.8	0
382	240	91.9	0
385	245	92	0
407	260	92.1	0
420	266	92.2	0
417	269	92.3	0
400	280	92.4	0
366	291	92.5	0
357	295	92.6	0
357	293	92.7	0
360	280	92.8	0
341	258	92.9	0
341	258	93	0
354	258	93.1	0
368	254	93.2	0
373	249	93.3	0
383	235	93.4	0
389	225	93.5	0
392	219	93.6	0
384	217	93.7	0
372	237	93.8	0
399	245	93.9	0
410	247	94	0
420	252	94.1	0
401	262	94.2	0
378	275	94.3	0
379	272	94.4	0
380	263	94.5	0
384	247	94.6	0
384	239	94.7	0
371	235	94.8	0
360	235	94.9	0
361	241	95	0
366	249	95.1	0
367	258	95.2	0
371	258	95.3	0
401	258	95.4	0
422	257	95.5	0
410	258	95.6	0
409	267	95.7	0
396	271	95.8	0
379	270	95.9	0
372	267	96	0
364	259	96.1	0
357	252	96.2	0
343	242	96.3	0
335	238	96.4	0
312	227	96.5	0
288	212	96.6	0
271	203	96.7	0
256	201	96.8	0
236	206	96.9	0
227	217	97	0
240	234	97.1	0
278	250	97.2	0
315	258	97.3	0
343	266	97.4	0
389	268	97.5	0
400	268	97.6	0
414	265	97.7	0
415	256	97.8	0
415	252	97.9	0
406	246	98	0
395	244	98.1	0
382	252	98.2	0
365	261	98.3	0
356	264	98.4	0
346	266	98.5	0
339	261	98.6	0
321	243	98.7	0
300	231	98.8	0
289	228	98.9	0
277	228	99	0
258	220	99.1	0
249	215	99.2	0
242	213	99.3	0
232	212	99.4	0
237	199	99.5	0
240	189	99.6	0
246	182	99.7	0
257	171	99.8	0
269	162	99.9	0
280	158	100	0
286	155	100.1	0
295	150	100.2	0
295	149	100.3	0
295	149	100.4	0
300	150	100.5	0
302	151	100.6	0
300	163	100.7	0
300	168	100.8	0
329	184	100.9	0
354	193	101	0
367	213	101.1	0
370	229	101.2	0
382	240	101.3	0
394	244	101.4	0
394	244	101.5	0
368	232	101.6	0
357	226	101.7	0
344	220	101.8	0
331	214	101.9	0
319	208	102	0
307	203	102.1	0
296	199	102.2	0
291	196	102.3	0
281	193	102.4	0
273	192	102.5	0
269	191	102.6	0
264	190	102.7	0
255	190	102.8	0
251	191	102.9	0
247	193	103	0
234	205	103.1	0
230	211	103.2	0
225	215	103.3	0
223	218	103.4	0
214	223	103.5	0
213	225	103.6	0
213	225	103.7	0
213	225	103.8	0
215	226	103.9	0
220	228	104	0
229	228	104.1	0
236	229	104.2	0
244	230	104.3	0
253	231	104.4	0
258	231	104.5	0
261	232	104.6	0
265	233	104.7	0
268	234	104.8	0
270	235	104.9	0
270	235	105	0
270	235	105.1	0
270	235	105.2	0
270	235	105.3	0
270	235	105.4	0
270	235	105.5	0
270	235	105.6	0
270	235	105.7	0
270	235	105.8	0
270	235	105.9	0
270	235	106	0
270	235	106.1	0
270	235	106.2	0
270	235	106.3	0
270	235	106.4	0
270	235	106.5	0
270	235	106.6	0
270	235	106.7	0
270	235	106.8	0
270	235	106.9	0
270	235	107	0
270	235	107.1	0
270	235	107.2	0
270	235	107.3	0
270	235	107.4	0
270	235	107.5	0
270	235	107.6	0
270	235	107.7	0
270	235	107.8	0
270	235	107.9	0
270	235	108	0
270	235	108.1	0
270	235	108.2	0
270	235	108.3	0
270	235	108.4	0
270	235	108.5	0
270	235	108.6	0
270	235	108.7	0
270	235	108.8	0
270	235	108.9	0
270	235	109	0
270	235	109.1	0
270	235	109.2	0
270	235	109.3	0
270	235	109.4	0
270	235	109.5	0
270	235	109.6	0
270	234	109.7	0
270	234	109.8	0
270	234	109.9	0
270	234	110	0
270	233	110.1	0
270	233	110.2	0
270	233	110.3	0
270	233	110.4	0
270	233	110.5	0
270	233	110.6	0
270	233	110.7	0
270	233	110.8	0
270	233	110.9	0
270	233	111	0
270	233	111.1	0
270	233	111.2	0
270	233	111.3	0
270	233	111.4	0
270	233	111.5	0
270	233	111.6	0
270	233	111.7	0
270	233	111.8	0
270	233	111.9	0
270	233	112	0
270	233	112.1	0
270	233	112.2	0
270	233	112.3	0
270	233	112.4	0
270	233	112.5	0
270	233	112.6	0
270	233	112.7	0
270	233	112.8	0
270	233	112.9	0
270	233	113	0
270	233	113.1	0
270	233	113.2	0
270	233	113.3	0
270	233	113.4	0
270	233	113.5	0
270	233	113.6	0
270	233	113.7	0
270	233	113.8	0
270	233	113.9	0
270	233	114	0
270	233	114.1	0
270	233	114.2	0
270	233	114.3	0
270	233	114.4	0
270	233	114.5	0
270	233	114.6	0
270	233	114.7	0
270	233	114.8	0
270	233	114.9	0
270	233	115	0
270	233	115.1	0
270	233	115.2	0
270	233	115.3	0
270	233	115.4	0
270	233	115.5	0
270	233	115.6	0
270	233	115.7	0
270	233	115.8	0
270	233	115.9	0
270	233	116	0
270	233	116.1	0
270	233	116.2	0
270	233	116.3	0
270	233	116.4	0
270	233	116.5	0
270	233	116.6	0
270	233	116.7	0
270	233	116.8	0
270	233	116.9	0
270	233	117	0
270	233	117.1	0
270	233	117.2	0
270	233	117.3	0
270	233	117.4	0
270	233	117.5	0
270	233	117.6	0
270	233	117.7	0
270	233	117.8	0
270	233	117.9	0
270	233	118	0
270	233	118.1	0
270	233	118.2	0
270	233	118.3	0
270	233	118.4	0
270	233	118.5	0
270	233	118.6	0
270	233	118.7	0
270	233	118.8	0
270	233	118.9	0
270	233	119	0
270	233	119.1	0
270	233	119.2	0
270	233	119.3	0
270	233	119.4	0
270	233	119.5	0
270	233	119.6	0
270	233	119.7	0
270	233	119.8	0
270	233	119.9	0
270	233	120	0
270	233	120.1	0
270	233	120.2	0
270	233	120.3	0
270	233	120.4	0
270	233	120.5	0
270	233	120.6	0
270	233	120.7	0
270	233	120.8	0
270	233	120.9	0
270	233	121	0
270	233	121.1	0
270	233	121.2	0
270	233	121.3	0
270	233	121.4	0
270	233	121.5	0
270	233	121.6	0
270	233	121.7	0
270	233	121.8	0
270	233	121.9	0
270	233	122	0
270	233	122.1	0
270	233	122.2	0
270	233	122.3	0
270	233	122.4	0
270	233	122.5	0
270	233	122.6	0
270	233	122.7	0
270	233	122.8	0
270	233	122.9	0
270	233	123	0
270	233	123.1	0
270	233	123.2	0
270	233	123.3	0
270	233	123.4	0
270	233	123.5	0
270	233	123.6	0
270	233	123.7	0
270	233	123.8	0
270	233	123.9	0
272	233	124	0
273	233	124.1	0
276	233	124.2	0
276	233	124.3	0
276	233	124.4	0
276	233	124.5	0
276	233	124.6	0
276	233	124.7	0
276	233	124.8	0
276	233	124.9	0
276	233	125	0
276	233	125.1	0
276	233	125.2	0
276	233	125.3	0
276	233	125.4	0
276	233	125.5	0
276	233	125.6	0
276	233	125.7	0
276	233	125.8	0
276	233	125.9	0
276	233	126	0
276	233	126.1	0
276	233	126.2	0
276	233	126.3	0
276	233	126.4	0
276	233	126.5	0
276	233	126.6	0
276	233	126.7	0
276	233	126.8	0
276	233	126.9	0
276	233	127	0
276	233	127.1	0
276	233	127.2	0
276	233	127.3	0
276	233	127.4	0
276	233	127.5	0
278	231	127.6	0
279	231	127.7	0
279	231	127.8	0
279	231	127.9	0
280	230	128	0
280	230	128.1	0
281	230	128.2	0
281	229	128.3	0
281	229	128.4	0
281	229	128.5	0
281	228	128.6	0
281	228	128.7	0
281	228	128.8	0
282	227	128.9	0
282	227	129	0
279	220	129.1	0
276	216	129.2	0
269	204	129.3	0
260	188	129.4	0
258	182	129.5	0
249	178	129.6	0
244	178	129.7	0
233	176	129.8	0
211	165	129.9	0
199	160	130	0
197	158	130.1	0
203	148	130.2	0
217	137	130.3	0
236	131	130.4	0
260	129	130.5	0
282	131	130.6	0
304	134	130.7	0
326	134	130.8	0
343	139	130.9	0
348	141	131	0
342	147	131.1	0
329	172	131.2	0
322	181	131.3	0
313	188	131.4	0
300	193	131.5	0
287	197	131.6	0
274	198	131.7	0
254	197	131.8	0
246	197	131.9	0
239	195	132	0
229	195	132.1	0
213	198	132.2	0
188	207	132.3	0
185	209	132.4	0
185	209	132.5	0
182	206	132.6	0
173	201	132.7	0
178	194	132.8	0
185	183	132.9	0
195	176	133	0
210	169	133.1	0
222	164	133.2	0
238	160	133.3	0
265	156	133.4	0
273	156	133.5	0
275	156	133.6	0
278	157	133.7	0
278	157	133.8	0
281	161	133.9	0
287	168	134	0
290	175	134.1	0
289	185	134.2	0
282	200	134.3	0
276	218	134.4	0
271	231	134.5	0
268	245	134.6	0
264	256	134.7	0
256	260	134.8	0
246	260	134.9	0
235	261	135	0
228	260	135.1	0
217	259	135.2	0
208	257	135.3	0
200	254	135.4	0
194	253	135.5	0
189	253	135.6	0
182	251	135.7	0
175	248	135.8	0
171	247	135.9	0
169	245	136	0
167	239	136.1	0
169	233	136.2	0
183	227	136.3	0
196	223	136.4	0
205	219	136.5	0
213	213	136.6	0
222	209	136.7	0
237	202	136.8	0
251	197	136.9	0
258	194	137	0
260	192	137.1	0
266	183	137.2	0
274	177	137.3	0
288	164	137.4	0
308	139	137.5	0
328	124	137.6	0
321	106	137.7	0
302	74	137.8	0
279	48	137.9	0
275	46	138	0
256	45	138.1	0
221	37	138.2	0
196	33	138.3	0
177	33	138.4	0
162	39	138.5	0
144	47	138.6	0
127	60	138.7	0
111	80	138.8	0
89	106	138.9	0
79	118	139	0
73	139	139.1	0
79	162	139.2	0
95	185	139.3	0
97	198	139.4	0
108	208	139.5	0
123	213	139.6	0
141	211	139.7	0
161	197	139.8	0
172	184	139.9	0
183	168	140	0
187	140	140.1	0
190	123	140.2	0
199	102	140.3	0
213	81	140.4	0
223	67	140.5	0
233	56	140.6	0
243	44	140.7	0
253	34	140.8	0
265	31	140.9	0
286	56	141	0
293	69	141.1	0
315	84	141.2	0
361	93	141.3	0
387	90	141.4	0
410	88	141.5	0
419	87	141.6	0
423	88	141.7	0
425	90	141.8	0
418	90	141.9	0
392	94	142	0
367	106	142.1	0
344	121	142.2	0
330	123	142.3	0
302	133	142.4	0
263	150	142.5	0
229	158	142.6	0
189	176	142.7	0
169	184	142.8	0
173	185	142.9	0
180	188	143	0
187	189	143.1	0
199	193	143.2	0
205	193	143.3	0
211	192	143.4	0
216	188	143.5	0
217	183	143.6	0
218	178	143.7	0
240	164	143.8	0
268	146	143.9	0
293	131	144	0
316	119	144.1	0
348	111	144.2	0
363	111	144.3	0
384	123	144.4	0
401	129	144.5	0
407	130	144.6	0
409	130	144.7	0
409	130	144.8	0
409	130	144.9	0
388	129	145	0
379	130	145.1	0
365	134	145.2	0
357	142	145.3	0
352	152	145.4	0
344	158	145.5	0
333	168	145.6	0
328	176	145.7	0
316	184	145.8	0
300	201	145.9	0
281	212	146	0
267	224	146.1	0
265	227	146.2	0
254	235	146.3	0
246	234	146.4	0
241	232	146.5	0
247	234	146.6	0
263	243	146.7	0
265	246	146.8	0
263	242	146.9	0
257	232	147	0
255	221	147.1	0
265	210	147.2	0
272	189	147.3	0
277	172	147.4	0
279	165	147.5	0
287	161	147.6	0
304	158	147.7	0
318	154	147.8	0
336	152	147.9	0
354	150	148	0
370	152	148.1	0
384	155	148.2	0
401	158	148.3	0
420	162	148.4	0
432	166	148.5	0
439	168	148.6	0
443	169	148.7	0
443	169	148.8	0
429	166	148.9	0
408	162	149	0
396	160	149.1	0
383	158	149.2	0
368	158	149.3	0
348	161	149.4	0
338	163	149.5	0
332	164	149.6	0
322	164	149.7	0
314	164	149.8	0
310	165	149.9	0
304	166	150	0
292	170	150.1	0
270	184	150.2	0
262	193	150.3	0
260	213	150.4	0
270	226	150.5	0
296	239	150.6	0
322	239	150.7	0
351	227	150.8	0
374	227	150.9	0
391	240	151	0
386	255	151.1	0
375	259	151.2	0
373	268	151.3	0
373	273	151.4	0
387	264	151.5	0
405	253	151.6	0
415	249	151.7	0
404	248	151.8	0
373	253	151.9	0
352	264	152	0
364	270	152.1	0
380	275	152.2	0
402	264	152.3	0
407	251	152.4	0
405	238	152.5	0
393	232	152.6	0
378	242	152.7	0
374	251	152.8	0
370	256	152.9	0
369	259	153	0
373	265	153.1	0
387	265	153.2	0
396	254	153.3	0
394	247	153.4	0
387	237	153.5	0
369	227	153.6	0
359	226	153.7	0
346	224	153.8	0
326	214	153.9	0
310	204	154	0
293	189	154.1	0
277	169	154.2	0
263	156	154.3	0
248	144	154.4	0
224	133	154.5	0
204	122	154.6	0
186	113	154.7	0
167	99	154.8	0
155	92	154.9	0
135	86	155	0
120	82	155.1	0
97	77	155.2	0
70	62	155.3	0
58	55	155.4	0
55	46	155.5	0
61	41	155.6	0
72	33	155.7	0
85	28	155.8	0
116	31	155.9	0
148	39	156	0
205	60	156.1	0
240	76	156.2	0
279	96	156.3	0
300	119	156.4	0
309	138	156.5	0
319	157	156.6	0
336	171	156.7	0
351	172	156.8	0
367	166	156.9	0
379	158	157	0
392	150	157.1	0
410	148	157.2	0
416	149	157.3	0
412	159	157.4	0
398	169	157.5	0
372	181	157.6	0
354	189	157.7	0
323	197	157.8	0
290	203	157.9	0
272	202	158	0
245	192	158.1	0
226	185	158.2	0
204	158	158.3	0
183	135	158.4	0
160	116	158.5	0
145	108	158.6	0
137	105	158.7	0
101	106	158.8	0
79	116	158.9	0
91	136	159	0
121	157	159.1	0
144	174	159.2	0
168	188	159.3	0
196	205	159.4	0
226	223	159.5	0
255	237	159.6	0
271	246	159.7	0
284	253	159.8	0
291	251	159.9	0
305	252	160	0
324	252	160.1	0
337	248	160.2	0
347	236	160.3	0
350	229	160.4	0
349	223	160.5	0
366	216	160.6	0
378	205	160.7	0
394	209	160.8	0
409	230	160.9	0
411	237	161	0
419	249	161.1	0
420	255	161.2	0
412	261	161.3	0
381	281	161.4	0
349	295	161.5	0
352	304	161.6	0
374	297	161.7	0
402	285	161.8	0
412	273	161.9	0
414	267	162	0
410	263	162.1	0
395	267	162.2	0
383	272	162.3	0
373	285	162.4	0
370	293	162.5	0
378	304	162.6	0
389	310	162.7	0
399	304	162.8	0
413	283	162.9	0
410	260	163	0
392	250	163.1	0
372	260	163.2	0
361	269	163.3	0
358	285	163.4	0
372	297	163.5	0
381	296	163.6	0
396	281	163.7	0
403	270	163.8	0
396	255	163.9	0
381	240	164	0
361	226	164.1	0
336	213	164.2	0
315	202	164.3	0
293	194	164.4	0
262	173	164.5	0
241	159	164.6	0
218	137	164.7	0
199	128	164.8	0
176	118	164.9	0
160	120	165	0
146	123	165.1	0
137	125	165.2	0
115	136	165.3	0
109	140	165.4	0
104	144	165.5	0
107	155	165.6	0
127	175	165.7	0
140	184	165.8	0
155	190	165.9	0
172	198	166	0
197	201	166.1	0
225	204	166.2	0
259	224	166.3	0
281	238	166.4	0
302	253	166.5	0
315	258	166.6	0
326	262	166.7	0
332	262	166.8	0
346	260	166.9	0
352	253	167	0
356	243	167.1	0
360	235	167.2	0
362	224	167.3	0
356	209	167.4	0
324	191	167.5	0
308	190	167.6	0
290	198	167.7	0
268	213	167.8	0
249	218	167.9	0
230	221	168	0
208	201	168.1	0
199	170	168.2	0
222	162	168.3	0
244	162	168.4	0
274	162	168.5	0
295	162	168.6	0
309	162	168.7	0
326	166	168.8	0
349	172	168.9	0
369	185	169	0
363	198	169.1	0
338	214	169.2	0
308	219	169.3	0
287	234	169.4	0
252	247	169.5	0
223	256	169.6	0
197	262	169.7	0
152	269	169.8	0
127	286	169.9	0
134	317	170	0
180	332	170.1	0
230	342	170.2	0
267	356	170.3	0
253	389	170.4	0
254	400	170.5	0
280	391	170.6	0
318	364	170.7	0
350	345	170.8	0
380	328	170.9	0
408	308	171	0
421	296	171.1	0
422	285	171.2	0
429	273	171.3	0
432	250	171.4	0
435	247	171.5	0
445	279	171.6	0
442	293	171.7	0
426	303	171.8	0
406	315	171.9	0
388	303	172	0
380	286	172.1	0
404	272	172.2	0
419	276	172.3	0
433	297	172.4	0
433	306	172.5	0
414	315	172.6	0
394	315	172.7	0
376	308	172.8	0
363	281	172.9	0
340	256	173	0
321	250	173.1	0
299	254	173.2	0
271	260	173.3	0
238	261	173.4	0
238	261	173.5	0
246	265	173.6	0
267	283	173.7	0
288	294	173.8	0
317	303	173.9	0
340	308	174	0
357	301	174.1	0
381	293	174.2	0
399	279	174.3	0
412	283	174.4	0
414	300	174.5	0
401	314	174.6	0
374	322	174.7	0
341	317	174.8	0
324	293	174.9	0
324	262	175	0
351	239	175.1	0
379	242	175.2	0
416	286	175.3	0
414	305	175.4	0
371	312	175.5	0
338	293	175.6	0
337	252	175.7	0
351	230	175.8	0
370	235	175.9	0
380	242	176	0
394	255	176.1	0
396	266	176.2	0
398	274	176.3	0
393	282	176.4	0
381	296	176.5	0
355	296	176.6	0
336	296	176.7	0
331	299	176.8	0
342	310	176.9	0
356	321	177	0
372	322	177.1	0
395	308	177.2	0
402	283	177.3	0
399	262	177.4	0
409	243	177.5	0
420	247	177.6	0
446	265	177.7	0
453	278	177.8	0
460	289	177.9	0
465	289	178	0
478	280	178.1	0
488	275	178.2	0
495	279	178.3	0
500	281	178.4	0
495	279	178.5	0
458	264	178.6	0
427	245	178.7	0
399	236	178.8	0
376	227	178.9	0
341	213	179	0
325	207	179.1	0
277	189	179.2	0
228	178	179.3	0
181	170	179.4	0
152	191	179.5	0
123	220	179.6	0
114	250	179.7	0
111	269	179.8	0
134	281	179.9	0
181	288	180	0
216	290	180.1	0
234	297	180.2	0
230	312	180.3	0
219	324	180.4	0
194	334	180.5	0
176	344	180.6	0
171	354	180.7	0
171	369	180.8	0
184	389	180.9	0
199	394	181	0
225	387	181.1	0
235	376	181.2	0
242	363	181.3	0
237	344	181.4	0
223	321	181.5	0
207	303	181.6	0
199	291	181.7	0
196	286	181.8	0
196	286	181.9	0
196	286	182	0
196	286	182.1	0
196	286	182.2	0
197	285	182.3	0
199	284	182.4	0
199	284	182.5	0
199	284	182.6	0
198	275	182.7	0
189	262	182.8	0
179	246	182.9	0
175	236	183	0
174	233	183.1	0
174	232	183.2	0
174	228	183.3	0
180	211	183.4	0
196	190	183.5	0
215	187	183.6	0
232	189	183.7	0
243	191	183.8	0
246	193	183.9	0
255	200	184	0
275	219	184.1	0
286	239	184.2	0
289	248	184.3	0
291	254	184.4	0
287	263	184.5	0
276	274	184.6	0
262	285	184.7	0
258	291	184.8	0
256	298	184.9	0
260	304	185	0
265	307	185.1	0
274	309	185.2	0
277	307	185.3	0
283	304	185.4	0
288	300	185.5	0
290	298	185.6	0
292	292	185.7	0
295	283	185.8	0
296	276	185.9	0
296	270	186	0
299	265	186.1	0
304	258	186.2	0
306	253	186.3	0
309	244	186.4	0
310	236	186.5	0
309	230	186.6	0
308	223	186.7	0
305	216	186.8	0
300	210	186.9	0
294	203	187	0
291	200	187.1	0
288	198	187.2	0
284	196	187.3	0
277	193	187.4	0
273	192	187.5	0
267	191	187.6	0
265	190	187.7	0
262	189	187.8	0
259	188	187.9	0
256	188	188	0
253	187	188.1	0
250	186	188.2	0
242	181	188.3	0
239	179	188.4	0
238	179	188.5	0
237	179	188.6	0
236	179	188.7	0
236	179	188.8	0
236	178	188.9	0
232	182	189	0
232	174	189.1	0
231	171	189.2	0
230	173	189.3	0
230	173	189.4	0
230	173	189.5	0
229	174	189.6	0
229	174	189.7	0
229	174	189.8	0
229	174	189.9	0
229	174	190	0
229	174	190.1	0
229	174	190.2	0
229	174	190.3	0
218	170	190.4	0
214	168	190.5	0
207	165	190.6	0
204	164	190.7	0
199	162	190.8	0
194	160	190.9	0
188	158	191	0
181	155	191.1	0
176	153	191.2	0
172	152	191.3	0
167	150	191.4	0
164	150	191.5	0
158	148	191.6	0
154	147	191.7	0
150	146	191.8	0
144	145	191.9	0
138	144	192	0
128	140	192.1	0
124	139	192.2	0
117	137	192.3	0
111	136	192.4	0
105	135	192.5	0
99	134	192.6	0
95	133	192.7	0
91	132	192.8	0
87	131	192.9	0
90	132	193	0
123	145	193.1	0
155	160	193.2	0
173	170	193.3	0
176	171	193.4	0
177	169	193.5	0
177	169	193.6	0
180	169	193.7	0
190	174	193.8	0
207	184	193.9	0
214	184	194	0
224	183	194.1	0
234	182	194.2	0
244	183	194.3	0
258	192	194.4	0
268	203	194.5	0
275	213	194.6	0
278	220	194.7	0
278	227	194.8	0
277	237	194.9	0
274	248	195	0
272	253	195.1	0
267	261	195.2	0
262	269	195.3	0
261	276	195.4	0
260	284	195.5	0
260	289	195.6	0
260	294	195.7	0
259	296	195.8	0
258	298	195.9	0
258	298	196	0
257	298	196.1	0
257	298	196.2	0
257	298	196.3	0
257	298	196.4	0
257	298	196.5	0
257	298	196.6	0
256	295	196.7	0
256	294	196.8	0
256	292	196.9	0
277	289	197	0
297	291	197.1	0
331	289	197.2	0
334	281	197.3	0
336	275	197.4	0
359	263	197.5	0
379	261	197.6	0
396	267	197.7	0
424	290	197.8	0
414	295	197.9	0
395	296	198	0
391	297	198.1	0
412	285	198.2	0
422	279	198.3	0
422	279	198.4	0
419	279	198.5	0
407	273	198.6	0
391	261	198.7	0
393	263	198.8	0
413	285	198.9	0
412	291	199	0
413	291	199.1	0
409	290	199.2	0
389	296	199.3	0
364	303	199.4	0
341	302	199.5	0
317	284	199.6	0
279	245	199.7	0
227	207	199.8	0
197	186	199.9	0
158	165	200	0
116	158	200.1	0
94	155	200.2	0
75	154	200.3	0
51	154	200.4	0
43	162	200.5	0
51	182	200.6	0
80	209	200.7	0
103	231	200.8	0
118	240	200.9	0
136	249	201	0
151	252	201.1	0
164	243	201.2	0
174	240	201.3	0
178	238	201.4	0
183	228	201.5	0
191	197	201.6	0
202	176	201.7	0
222	157	201.8	0
236	133	201.9	0
246	117	202	0
250	105	202.1	0
261	70	202.2	0
281	33	202.3	0
296	16	202.4	0
302	14	202.5	0
309	22	202.6	0
313	28	202.7	0
315	35	202.8	0
313	44	202.9	0
307	54	203	0
301	82	203.1	0
294	105	203.2	0
285	119	203.3	0
272	132	203.4	0
254	148	203.5	0
238	163	203.6	0
218	180	203.7	0
202	195	203.8	0
176	222	203.9	0
156	245	204	0
150	262	204.1	0
160	277	204.2	0
184	284	204.3	0
190	279	204.4	0
167	247	204.5	0
134	216	204.6	0
127	209	204.7	0
108	180	204.8	0
105	153	204.9	0
124	113	205	0
143	91	205.1	0
163	75	205.2	0
184	70	205.3	0
207	71	205.4	0
221	74	205.5	0
228	88	205.6	0
219	114	205.7	0
198	138	205.8	0
180	155	205.9	0
167	171	206	0
153	201	206.1	0
154	213	206.2	0
177	235	206.3	0
186	242	206.4	0
184	257	206.5	0
172	270	206.6	0
174	288	206.7	0
198	310	206.8	0
218	319	206.9	0
241	326	207	0
243	325	207.1	0
248	314	207.2	0
261	294	207.3	0
271	289	207.4	0
272	289	207.5	0
272	289	207.6	0
252	281	207.7	0
241	263	207.8	0
257	246	207.9	0
271	238	208	0
286	236	208.1	0
288	249	208.2	0
266	259	208.3	0
258	260	208.4	0
273	256	208.5	0
304	245	208.6	0
311	244	208.7	0
313	254	208.8	0
299	263	208.9	0
280	264	209	0
274	261	209.1	0
272	241	209.2	0
286	228	209.3	0
307	238	209.4	0
322	257	209.5	0
311	266	209.6	0
288	262	209.7	0
297	248	209.8	0
322	245	209.9	0
343	257	210	0
340	267	210.1	0
312	269	210.2	0
296	258	210.3	0
309	244	210.4	0
323	245	210.5	0
336	257	210.6	0
324	270	210.7	0
289	283	210.8	0
266	273	210.9	0
273	243	211	0
294	243	211.1	0
300	269	211.2	0
263	295	211.3	0
224	290	211.4	0
184	262	211.5	0
156	231	211.6	0
138	199	211.7	0
112	164	211.8	0
82	126	211.9	0
50	94	212	0
50	63	212.1	0
62	46	212.2	0
123	32	212.3	0
221	2	212.4	0
221	2	212.5	0
221	2	212.6	0
221	2	212.7	0
221	2	212.8	0
221	2	212.9	0
221	2	213	0
221	2	213.1	0
221	2	213.2	0
590	77	213.3	0
562	119	213.4	0
506	151	213.5	0
459	186	213.6	0
414	185	213.7	0
345	151	213.8	0
275	130	213.9	0
225	105	214	0
174	88	214.1	0
129	91	214.2	0
96	103	214.3	0
76	134	214.4	0
68	180	214.5	0
61	236	214.6	0
73	284	214.7	0
82	318	214.8	0
80	338	214.9	0
51	373	215	0
29	404	215.1	0
18	446	215.2	0
25	488	215.3	0
38	524	215.4	0
66	530	215.5	0
100	527	215.6	0
143	518	215.7	0
156	513	215.8	0
174	507	215.9	0
191	506	216	0
210	500	216.1	0
221	495	216.2	0
237	487	216.3	0
239	486	216.4	0
239	486	216.5	0
244	485	216.6	0
252	483	216.7	0
252	483	216.8	0
252	483	216.9	0
252	483	217	0
252	483	217.1	0
252	483	217.2	0
252	483	217.3	0
244	486	217.4	0
225	489	217.5	0
203	487	217.6	0
189	483	217.7	0
174	477	217.8	0
160	456	217.9	0
138	422	218	0
117	399	218.1	0
106	387	218.2	0
52	362	218.3	0
19	355	218.4	0
8	355	218.5	0
25	366	218.6	0
50	384	218.7	0
62	401	218.8	0
72	410	218.9	0
77	411	219	0
91	409	219.1	0
114	394	219.2	0
134	375	219.3	0
141	360	219.4	0
147	343	219.5	0
153	325	219.6	0
158	306	219.7	0
160	291	219.8	0
161	278	219.9	0
163	272	220	0
158	252	220.1	0
149	235	220.2	0
136	207	220.3	0
132	167	220.4	0
148	149	220.5	0
168	139	220.6	0
188	132	220.7	0
202	133	220.8	0
217	136	220.9	0
225	144	221	0
231	163	221.1	0
223	194	221.2	0
206	222	221.3	0
203	232	221.4	0
230	246	221.5	0
260	233	221.6	0
280	208	221.7	0
299	178	221.8	0
345	140	221.9	0
344	113	222	0
337	95	222.1	0
338	81	222.2	0
367	46	222.3	0
388	39	222.4	0
410	37	222.5	0
418	37	222.6	0
429	37	222.7	0
432	39	222.8	0
409	42	222.9	0
373	43	223	0
339	46	223.1	0
319	49	223.2	0
295	54	223.3	0
272	57	223.4	0
248	63	223.5	0
231	69	223.6	0
217	74	223.7	0
205	78	223.8	0
191	80	223.9	0
181	80	224	0
165	79	224.1	0
149	78	224.2	0
134	79	224.3	0
108	90	224.4	0
90	117	224.5	0
87	134	224.6	0
88	158	224.7	0
86	188	224.8	0
77	207	224.9	0
89	226	225	0
108	239	225.1	0
122	250	225.2	0
123	251	225.3	0
121	258	225.4	0
114	264	225.5	0
107	273	225.6	0
107	274	225.7	0
109	279	225.8	0
110	280	225.9	0
109	280	226	0
106	265	226.1	0
97	247	226.2	0
93	237	226.3	0
98	217	226.4	0
110	186	226.5	0
119	168	226.6	0
128	153	226.7	0
135	135	226.8	0
138	122	226.9	0
144	101	227	0
154	78	227.1	0
163	64	227.2	0
173	53	227.3	0
189	37	227.4	0
198	30	227.5	0
214	19	227.6	0
227	14	227.7	0
235	12	227.8	0
253	24	227.9	0
273	43	228	0
292	55	228.1	0
312	68	228.2	0
321	81	228.3	0
321	93	228.4	0
316	107	228.5	0
306	115	228.6	0
291	125	228.7	0
268	143	228.8	0
250	158	228.9	0
234	175	229	0
220	190	229.1	0
201	209	229.2	0
160	243	229.3	0
153	254	229.4	0
153	276	229.5	0
149	304	229.6	0
140	323	229.7	0
135	337	229.8	0
135	341	229.9	0
134	343	230	0
134	343	230.1	0
134	343	230.2	0
134	343	230.3	0
134	343	230.4	0
134	343	230.5	0
131	339	230.6	0
126	334	230.7	0
120	324	230.8	0
118	311	230.9	0
116	293	231	0
115	266	231.1	0
120	239	231.2	0
136	198	231.3	0
146	169	231.4	0
159	135	231.5	0
170	105	231.6	0
178	85	231.7	0
186	68	231.8	0
186	67	231.9	0
