#EXP	Mon Oct 21 23:52:40 2013
Przyk³adowy pierwszy ekran eksperymentu
"X"	"Y"	"TIME"	"CLICK"	
960	540	0	0
960	518	0.1	0
960	518	0.2	0
960	518	0.3	0
960	518	0.4	0
960	518	0.5	0
960	518	0.6	0
960	518	0.7	0
960	518	0.8	0
960	518	0.9	0
960	518	1	0
960	518	1.1	0
960	518	1.2	0
960	518	1.3	0
960	518	1.4	0
960	518	1.5	0
960	518	1.6	0
960	518	1.7	0
960	518	1.8	0
960	518	1.9	0
960	518	2	0
960	518	2.1	0
960	518	2.2	0
960	518	2.3	0
960	518	2.4	0
960	518	2.5	0
960	518	2.6	0
960	518	2.7	0
960	518	2.8	0
960	518	2.9	0
960	518	3	0
960	518	3.1	0
960	518	3.2	0
960	518	3.3	0
960	518	3.4	0
960	518	3.5	0
960	518	3.6	0
960	518	3.7	0
960	518	3.8	0
960	518	3.9	0
960	518	4	0
960	518	4.1	0
960	518	4.2	0
960	518	4.3	0
960	518	4.4	0
960	518	4.5	0
960	518	4.6	0
