#EXP	Thu Feb 20 12:03:45 1997
Test programu regmouse 1.02.1997
"X"	"Y"	"TIME"	"CLICK"	
400	300	0	0
400	281	0.1	0
400	281	0.2	0
400	281	0.3	0
400	281	0.4	0
400	281	0.5	0
400	281	0.6	0
400	281	0.7	0
400	281	0.8	0
400	281	0.9	0
400	281	1	0
400	281	1.1	0
400	281	1.2	0
400	281	1.3	0
400	281	1.4	0
400	281	1.5	0
396	284	1.6	0
327	200	1.7	0
93	14	1.8	0
93	14	1.9	0
93	14	2	0
93	14	2.1	0
93	14	2.2	0
93	14	2.3	0
93	14	2.4	0
15	3	2.5	0
15	3	2.6	0
37	18	2.7	0
183	114	2.8	0
397	300	2.9	0
493	358	3	0
587	418	3.1	0
632	434	3.2	0
468	290	3.3	0
250	130	3.4	0
152	32	3.5	0
120	4	3.6	0
88	0	3.7	0
9	0	3.8	0
8	0	3.9	0
5	2	4	0
5	2	4.1	0
0	0	4.2	0
0	0	4.3	0
0	0	4.4	0
0	0	4.5	0
0	0	4.6	0
0	0	4.7	0
0	0	4.8	0
0	0	4.9	0
0	0	5	0
0	0	5.1	0
0	0	5.2	0
0	0	5.3	0
0	0	5.4	0
0	0	5.5	0
0	0	5.6	0
0	0	5.7	0
0	0	5.8	0
0	0	5.9	0
0	0	6	0
0	0	6.1	0
0	0	6.2	0
0	0	6.3	0
0	0	6.4	0
0	0	6.5	0
0	1	6.6	0
0	1	6.7	0
0	1	6.8	0
0	1	6.9	0
0	1	7	0
0	1	7.1	0
0	1	7.2	0
0	1	7.3	0
0	0	7.4	0
0	0	7.5	0
0	0	7.6	0
0	0	7.7	0
0	0	7.8	0
0	0	7.9	0
0	0	8	0
0	0	8.1	0
0	0	8.2	0
0	0	8.3	0
0	0	8.4	0
0	0	8.5	0
0	0	8.6	0
0	0	8.7	0
0	0	8.8	0
21	0	8.9	0
22	0	9	0
22	1	9.1	0
22	1	9.2	0
22	1	9.3	0
22	1	9.4	0
22	1	9.5	0
22	1	9.6	0
22	1	9.7	0
22	1	9.8	0
22	1	9.9	0
22	1	10	0
#EXP	Thu Feb 20 12:06:39 1997
Test programu regmouse 1.02.1997
"X"	"Y"	"TIME"	"CLICK"	
400	300	0	0
400	281	0.1	0
400	281	0.2	0
400	281	0.3	0
400	281	0.4	0
400	281	0.5	0
400	281	0.6	0
400	281	0.7	0
400	281	0.8	0
400	281	0.9	0
400	281	1	0
400	281	1.1	0
400	281	1.2	0
400	281	1.3	0
400	281	1.4	0
399	281	1.5	0
301	227	1.6	0
109	43	1.7	0
73	7	1.8	0
73	7	1.9	0
73	7	2	0
73	7	2.1	0
73	7	2.2	0
73	7	2.3	0
73	7	2.4	0
73	7	2.5	0
73	7	2.6	0
73	7	2.7	0
73	7	2.8	0
73	7	2.9	0
73	7	3	0
73	7	3.1	0
73	7	3.2	0
73	7	3.3	0
73	7	3.4	0
73	7	3.5	0
73	7	3.6	0
73	7	3.7	0
73	7	3.8	0
29	59	3.9	0
53	97	4	0
53	97	4.1	0
53	97	4.2	0
53	97	4.3	0
24	210	4.4	0
43	376	4.5	0
139	400	4.6	0
186	242	4.7	0
158	142	4.8	0
106	105	4.9	0
46	84	5	0
20	73	5.1	0
18	71	5.2	0
14	66	5.3	0
12	59	5.4	0
11	54	5.5	0
11	50	5.6	0
11	42	5.7	0
11	34	5.8	0
9	28	5.9	0
7	24	6	0
6	20	6.1	0
5	17	6.2	0
4	14	6.3	0
3	10	6.4	0
3	8	6.5	0
3	7	6.6	0
2	5	6.7	0
1	4	6.8	0
1	3	6.9	0
1	2	7	0
1	1	7.1	0
1	0	7.2	0
0	0	7.3	0
0	0	7.4	0
0	0	7.5	0
0	0	7.6	0
0	0	7.7	0
0	0	7.8	0
0	0	7.9	0
0	0	8	0
0	0	8.1	0
0	0	8.2	0
0	0	8.3	0
0	0	8.4	0
0	0	8.5	0
0	0	8.6	0
0	0	8.7	0
0	0	8.8	0
0	0	8.9	0
0	0	9	0
0	0	9.1	0
0	0	9.2	0
0	0	9.3	0
0	0	9.4	0
0	0	9.5	0
0	0	9.6	0
0	0	9.7	0
0	0	9.8	0
0	0	9.9	0
0	0	10	0
#EXP	Thu Feb 20 13:57:31 1997
Test programu regmouse 1.02.1997
"X"	"Y"	"TIME"	"CLICK"	
400	300	0	0
400	281	0.1	0
400	281	0.2	0
400	281	0.3	0
400	281	0.4	0
400	281	0.5	0
400	281	0.6	0
400	281	0.7	0
400	281	0.8	0
400	281	0.9	0
400	281	1	0
333	278	1.1	0
328	389	1.2	0
534	305	1.3	0
450	178	1.4	0
482	346	1.5	0
528	202	1.6	0
396	214	1.7	0
540	230	1.8	0
412	185	1.9	0
540	279	2	0
453	229	2.1	0
494	296	2.2	0
440	226	2.3	0
468	271	2.4	0
512	263	2.5	0
456	261	2.6	0
405	346	2.7	0
476	243	2.8	0
332	317	2.9	0
428	272	3	0
288	238	3.1	0
412	318	3.2	0
334	210	3.3	0
409	352	3.4	0
370	234	3.5	0
375	369	3.6	0
405	245	3.7	0
283	354	3.8	0
381	252	3.9	0
277	370	4	0
386	233	4.1	0
332	326	4.2	0
402	236	4.3	0
326	296	4.4	0
360	282	4.5	0
360	282	4.6	0
360	282	4.7	0
539	208	4.8	0
681	126	4.9	0
729	91	5	0
797	72	5.1	0
799	44	5.2	0
799	30	5.3	0
799	24	5.4	0
799	14	5.5	0
799	4	5.6	0
799	2	5.7	0
799	1	5.8	0
799	1	5.9	0
799	1	6	0
799	1	6.1	0
799	1	6.2	0
799	1	6.3	0
799	1	6.4	0
799	1	6.5	0
799	1	6.6	0
799	0	6.7	0
799	0	6.8	0
799	0	6.9	0
799	0	7	0
799	0	7.1	0
799	0	7.2	0
799	0	7.3	0
799	0	7.4	0
799	0	7.5	0
799	0	7.6	0
799	0	7.7	0
799	0	7.8	0
799	0	7.9	0
799	0	8	0
799	0	8.1	0
799	0	8.2	0
799	0	8.3	0
799	0	8.4	0
799	0	8.5	0
799	0	8.6	0
799	0	8.7	0
799	0	8.8	0
799	0	8.9	0
799	0	9	0
799	0	9.1	0
799	0	9.2	0
784	2	9.3	0
783	3	9.4	0
783	4	9.5	0
783	4	9.6	0
783	4	9.7	0
783	4	9.8	0
783	3	9.9	0
783	1	10	0
#EXP	Thu Feb 20 14:03:44 1997
Test programu regmouse 1.02.1997
"X"	"Y"	"TIME"	"CLICK"	
400	300	0	0
400	281	0.1	0
400	281	0.2	0
400	281	0.3	0
400	281	0.4	0
400	281	0.5	0
400	281	0.6	0
400	281	0.7	0
400	281	0.8	0
400	281	0.9	0
400	279	1	0
351	269	1.1	0
267	207	1.2	0
245	113	1.3	0
293	65	1.4	0
399	54	1.5	0
413	108	1.6	0
414	111	1.7	0
360	101	1.8	0
238	72	1.9	0
212	114	2	0
338	234	2.1	0
536	210	2.2	0
298	80	2.3	0
326	234	2.4	0
436	192	2.5	0
266	243	2.6	0
408	355	2.7	0
298	263	2.8	0
329	265	2.9	0
573	233	3	0
679	69	3.1	0
661	27	3.2	0
661	27	3.3	0
723	9	3.4	0
754	8	3.5	0
766	4	3.6	0
768	1	3.7	0
768	1	3.8	0
768	1	3.9	0
768	1	4	0
768	1	4.1	0
768	1	4.2	0
768	1	4.3	0
#EXP	Thu Feb 20 14:04:42 1997
Test programu regmouse 1.02.1997
"X"	"Y"	"TIME"	"CLICK"	
400	300	0	0
400	281	0.1	0
400	281	0.2	0
400	281	0.3	0
400	281	0.4	0
400	281	0.5	0
400	281	0.6	0
400	281	0.7	0
400	281	0.8	0
400	281	0.9	0
400	281	1	0
400	281	1.1	0
387	264	1.2	0
225	88	1.3	0
206	85	1.4	0
206	85	1.5	0
206	168	1.6	0
372	265	1.7	0
474	113	1.8	0
300	41	1.9	0
333	137	2	0
291	108	2.1	0
212	93	2.2	0
236	155	2.3	0
240	144	2.4	0
193	209	2.5	0
323	278	2.6	0
320	176	2.7	0
293	154	2.8	0
457	147	2.9	0
497	145	3	0
497	145	3.1	0
497	145	3.2	0
582	118	3.3	0
756	38	3.4	0
780	20	3.5	0
752	29	3.6	0
756	7	3.7	0
756	7	3.8	0
756	7	3.9	0
756	7	4	0
756	7	4.1	0
756	7	4.2	0
#EXP	Thu Feb 20 14:28:44 1997
Test programu regmouse 1.02.1997
"X"	"Y"	"TIME"	"CLICK"	
400	300	0	0
565	277	0.1	0
753	177	0.2	0
794	145	0.3	0
798	139	0.4	0
786	49	0.5	0
785	48	0.6	0
786	47	0.7	0
799	5	0.8	0
799	5	0.9	0
799	5	1	0
799	5	1.1	0
799	5	1.2	0
799	5	1.3	0
#EXP	Thu Feb 20 14:36:43 1997
Test programu regmouse 1.02.1997
"X"	"Y"	"TIME"	"CLICK"	
400	300	0	0
400	281	0.1	0
400	281	0.2	0
400	281	0.3	0
400	281	0.4	0
400	281	0.5	0
400	281	0.6	0
400	281	0.7	0
400	281	0.8	0
400	281	0.9	0
400	281	1	0
400	281	1.1	0
400	281	1.2	0
400	281	1.3	0
400	281	1.4	0
400	281	1.5	0
400	281	1.6	0
400	281	1.7	0
400	281	1.8	0
400	281	1.9	0
400	281	2	0
400	281	2.1	0
400	281	2.2	0
400	281	2.3	0
400	281	2.4	0
400	281	2.5	0
400	281	2.6	0
400	281	2.7	0
400	281	2.8	0
400	281	2.9	0
400	281	3	0
400	281	3.1	0
400	281	3.2	0
400	281	3.3	0
400	281	3.4	0
400	281	3.5	0
400	281	3.6	0
400	281	3.7	0
400	281	3.8	0
400	281	3.9	0
400	281	4	0
400	281	4.1	0
400	281	4.2	0
400	281	4.3	0
400	281	4.4	0
400	281	4.5	0
400	281	4.6	0
400	281	4.7	0
400	281	4.8	0
400	281	4.9	0
400	281	5	0
400	281	5.1	0
400	281	5.2	0
400	281	5.3	0
400	281	5.4	0
400	281	5.5	0
400	281	5.6	0
400	281	5.7	0
400	281	5.8	0
400	281	5.9	0
400	281	6	0
495	264	6.1	0
799	132	6.2	0
799	123	6.3	0
799	123	6.4	0
776	56	6.5	0
772	34	6.6	0
767	19	6.7	0
768	19	6.8	0
781	13	6.9	0
782	7	7	0
785	1	7.1	0
785	1	7.2	0
785	1	7.3	0
#EXP	Thu Feb 20 14:41:12 1997
Test programu regmouse 1.02.1997
"X"	"Y"	"TIME"	"CLICK"	
400	300	0	0
400	281	0.1	0
400	281	0.2	0
400	281	0.3	0
400	281	0.4	0
400	281	0.5	0
400	281	0.6	0
400	281	0.7	0
400	281	0.8	0
400	281	0.9	0
400	281	1	0
400	281	1.1	0
400	281	1.2	0
400	281	1.3	0
400	281	1.4	0
396	224	1.5	0
324	96	1.6	0
262	55	1.7	0
221	57	1.8	0
211	77	1.9	0
222	87	2	0
270	89	2.1	0
282	76	2.2	0
276	73	2.3	0
274	75	2.4	0
274	76	2.5	1
276	76	2.6	0
374	85	2.7	0
467	100	2.8	0
470	103	2.9	0
475	120	3	0
479	210	3.1	0
469	242	3.2	0
397	244	3.3	0
313	212	3.4	0
313	167	3.5	0
435	147	3.6	0
565	141	3.7	0
601	147	3.8	0
526	162	3.9	0
378	240	4	0
410	334	4.1	0
582	319	4.2	0
568	171	4.3	0
424	159	4.4	0
423	160	4.5	0
408	158	4.6	0
146	146	4.7	0
145	146	4.8	0
206	116	4.9	0
414	2	5	0
414	2	5.1	0
385	57	5.2	0
537	175	5.3	0
693	110	5.4	0
495	75	5.5	0
537	187	5.6	0
599	261	5.7	0
445	330	5.8	0
331	282	5.9	0
297	218	6	0
409	142	6.1	0
561	236	6.2	0
508	219	6.3	0
220	163	6.4	0
258	285	6.5	0
456	267	6.6	0
280	115	6.7	0
306	281	6.8	0
462	213	6.9	0
252	197	7	0
414	303	7.1	0
436	205	7.2	0
397	285	7.3	0
407	280	7.4	0
411	277	7.5	0
371	173	7.6	0
325	162	7.7	0
251	160	7.8	0
240	169	7.9	0
225	202	8	0
224	246	8.1	0
232	300	8.2	0
263	335	8.3	0
303	347	8.4	0
355	354	8.5	0
419	359	8.6	0
523	362	8.7	0
599	358	8.8	0
619	270	8.9	0
539	162	9	0
435	127	9.1	0
329	163	9.2	0
219	233	9.3	0
15	137	9.4	0
92	55	9.5	0
280	72	9.6	0
460	184	9.7	0
664	176	9.8	0
634	38	9.9	0
398	65	10	0
