#EXP	Sat Feb 26 18:06:06 2000		
X	Y	TIME	CLICK
512	384	0	0
512	365	0.1	0
512	365	0.2	0
512	365	0.3	0
512	365	0.4	0
512	365	0.5	0
512	365	0.6	0
512	365	0.7	0
513	365	0.8	0
513	365	0.9	0
513	365	1	0
515	364	1.1	0
514	364	1.2	0
514	364	1.3	0
514	364	1.4	0
495	365	1.5	0
445	380	1.6	0
425	380	1.7	0
425	380	1.8	0
425	380	1.9	0
425	380	2	0
425	380	2.1	0
425	380	2.2	0
425	380	2.3	0
427	395	2.4	0
433	589	2.5	0
498	715	2.6	0
540	659	2.7	0
566	660	2.8	0
566	660	2.9	0
566	660	3	0
566	660	3.1	0
566	660	3.2	0
566	660	3.3	0
566	660	3.4	0
566	660	3.5	0
566	660	3.6	0
573	660	3.7	0
573	660	3.8	0
573	660	3.9	0
573	660	4	0
573	660	4.1	0
573	660	4.2	0
573	660	4.3	0
573	660	4.4	0
573	660	4.5	0
573	660	4.6	0
574	644	4.7	0
574	636	4.8	0
574	621	4.9	0
573	601	5	0
571	595	5.1	0
571	577	5.2	0
573	569	5.3	0
573	569	5.4	0
573	569	5.5	0
573	569	5.6	0
573	569	5.7	0
573	568	5.8	0
574	568	5.9	0
574	568	6	0
575	567	6.1	0
575	567	6.2	0
575	567	6.3	0
575	567	6.4	0
575	567	6.5	0
575	567	6.6	0
575	567	6.7	0
575	567	6.8	0
575	567	6.9	0
575	567	7	0
575	567	7.1	0
575	567	7.2	0
575	567	7.3	0
575	567	7.4	0
575	567	7.5	0
575	567	7.6	0
575	567	7.7	0
575	567	7.8	0
575	567	7.9	0
575	567	8	0
575	567	8.1	0
575	567	8.2	0
575	567	8.3	0
575	567	8.4	0
575	567	8.5	0
575	567	8.6	0
575	567	8.7	0
575	567	8.8	0
575	567	8.9	0
575	567	9	0
575	567	9.1	0
575	567	9.2	0
575	567	9.3	0
575	567	9.4	0
575	567	9.5	0
569	564	9.6	0
565	542	9.7	0
559	508	9.8	0
545	475	9.9	0
537	462	10	0
537	460	10.1	0
537	460	10.2	0
537	459	10.3	0
537	459	10.4	0
537	459	10.5	0
537	459	10.6	0
537	459	10.7	0
537	459	10.8	0
537	459	10.9	0
537	459	11	0
537	459	11.1	0
537	459	11.2	0
537	459	11.3	0
537	459	11.4	0
537	459	11.5	0
537	459	11.6	0
537	459	11.7	0
537	459	11.8	0
537	459	11.9	0
537	459	12	0
537	459	12.1	0
537	459	12.2	0
537	459	12.3	0
537	459	12.4	0
537	459	12.5	0
537	459	12.6	0
537	459	12.7	0
537	459	12.8	0
537	459	12.9	0
537	459	13	0
537	459	13.1	0
537	459	13.2	0
537	459	13.3	0
536	457	13.4	0
532	436	13.5	0
529	427	13.6	0
524	405	13.7	0
523	391	13.8	0
520	387	13.9	0
513	384	14	0
513	384	14.1	0
513	384	14.2	0
510	381	14.3	0
510	381	14.4	0
510	381	14.5	0
510	381	14.6	0
510	381	14.7	0
510	381	14.8	0
510	381	14.9	0
510	381	15	0
510	381	15.1	0
510	381	15.2	0
510	381	15.3	0
510	381	15.4	0
510	381	15.5	0
510	381	15.6	0
510	381	15.7	0
510	381	15.8	0
510	381	15.9	0
510	381	16	0
510	381	16.1	0
510	381	16.2	0
510	381	16.3	0
510	381	16.4	0
510	381	16.5	0
510	381	16.6	0
510	381	16.7	0
510	381	16.8	0
510	381	16.9	0
510	381	17	0
510	381	17.1	0
510	381	17.2	0
510	381	17.3	0
510	381	17.4	0
510	381	17.5	0
510	381	17.6	0
510	381	17.7	0
510	381	17.8	0
510	381	17.9	0
510	381	18	0
510	381	18.1	0
510	381	18.2	0
510	381	18.3	0
510	381	18.4	0
510	381	18.5	0
510	381	18.6	0
510	381	18.7	0
510	381	18.8	0
510	381	18.9	0
510	381	19	0
510	381	19.1	0
510	381	19.2	0
510	381	19.3	0
510	381	19.4	0
510	381	19.5	0
510	381	19.6	0
510	381	19.7	0
510	381	19.8	0
510	381	19.9	0
510	381	20	0
510	381	20.1	0
510	381	20.2	0
510	381	20.3	0
510	381	20.4	0
510	381	20.5	0
510	381	20.6	0
510	381	20.7	0
510	381	20.8	0
510	381	20.9	0
510	381	21	0
510	381	21.1	0
510	381	21.2	0
510	381	21.3	0
510	381	21.4	0
510	381	21.5	0
510	381	21.6	0
510	381	21.7	0
510	381	21.8	0
510	381	21.9	0
510	381	22	0
510	381	22.1	0
510	381	22.2	0
510	381	22.3	0
510	381	22.4	0
510	381	22.5	0
510	381	22.6	0
510	381	22.7	0
510	381	22.8	0
510	381	22.9	0
510	381	23	0
510	381	23.1	0
510	381	23.2	0
510	381	23.3	0
510	381	23.4	0
510	381	23.5	0
510	381	23.6	0
510	381	23.7	0
510	381	23.8	0
510	381	23.9	0
510	381	24	0
510	381	24.1	0
510	381	24.2	0
510	381	24.3	0
510	381	24.4	0
510	381	24.5	0
510	381	24.6	0
510	381	24.7	0
510	381	24.8	0
510	381	24.9	0
510	381	25	0
510	381	25.1	0
510	381	25.2	0
510	381	25.3	0
510	381	25.4	0
510	381	25.5	0
510	381	25.6	0
510	381	25.7	0
510	381	25.8	0
510	381	25.9	0
510	381	26	0
510	381	26.1	0
510	381	26.2	0
510	381	26.3	0
510	381	26.4	0
510	381	26.5	0
510	381	26.6	0
510	381	26.7	0
510	381	26.8	0
510	381	26.9	0
510	381	27	0
510	381	27.1	0
510	381	27.2	0
510	381	27.3	0
510	381	27.4	0
510	381	27.5	0
510	381	27.6	0
510	381	27.7	0
510	381	27.8	0
510	381	27.9	0
510	381	28	0
510	381	28.1	0
510	381	28.2	0
510	381	28.3	0
510	381	28.4	0
510	381	28.5	0
510	381	28.6	0
510	381	28.7	0
510	381	28.8	0
510	381	28.9	0
510	381	29	0
510	381	29.1	0
510	381	29.2	0
510	381	29.3	0
510	381	29.4	0
510	381	29.5	0
510	381	29.6	0
510	381	29.7	0
510	381	29.8	0
510	381	29.9	0
510	381	30	0
510	381	30.1	0
510	381	30.2	0
510	381	30.3	0
510	381	30.4	0
510	381	30.5	0
510	381	30.6	0
510	381	30.7	0
510	381	30.8	0
510	381	30.9	0
510	381	31	0
510	381	31.1	0
510	381	31.2	0
510	381	31.3	0
510	381	31.4	0
510	381	31.5	0
510	381	31.6	0
510	381	31.7	0
510	381	31.8	0
510	381	31.9	0
510	381	32	0
510	381	32.1	0
510	381	32.2	0
510	381	32.3	0
510	381	32.4	0
510	381	32.5	0
510	381	32.6	0
510	381	32.7	0
510	381	32.8	0
510	381	32.9	0
510	381	33	0
510	381	33.1	0
510	381	33.2	0
510	381	33.3	0
510	381	33.4	0
510	381	33.5	0
510	381	33.6	0
510	381	33.7	0
510	381	33.8	0
510	381	33.9	0
510	381	34	0
510	381	34.1	0
510	381	34.2	0
510	381	34.3	0
510	381	34.4	0
510	381	34.5	0
510	381	34.6	0
510	381	34.7	0
510	381	34.8	0
510	381	34.9	0
510	381	35	0
510	381	35.1	0
510	381	35.2	0
510	381	35.3	0
510	381	35.4	0
510	381	35.5	0
510	381	35.6	0
510	381	35.7	0
510	381	35.8	0
510	381	35.9	0
510	381	36	0
510	381	36.1	0
510	381	36.2	0
510	381	36.3	0
510	381	36.4	0
510	381	36.5	0
510	381	36.6	0
510	381	36.7	0
510	381	36.8	0
510	381	36.9	0
510	381	37	0
510	381	37.1	0
510	381	37.2	0
510	381	37.3	0
510	381	37.4	0
510	381	37.5	0
510	381	37.6	0
510	381	37.7	0
510	381	37.8	0
510	381	37.9	0
510	381	38	0
510	381	38.1	0
510	381	38.2	0
510	381	38.3	0
510	381	38.4	0
510	381	38.5	0
510	381	38.6	0
510	381	38.7	0
510	381	38.8	0
510	381	38.9	0
510	381	39	0
510	381	39.1	0
510	381	39.2	0
510	381	39.3	0
510	381	39.4	0
510	381	39.5	0
510	381	39.6	0
510	381	39.7	0
510	381	39.8	0
510	381	39.9	0
510	381	40	0
510	381	40.1	0
510	381	40.2	0
510	381	40.3	0
510	381	40.4	0
510	381	40.5	0
510	381	40.6	0
510	381	40.7	0
510	381	40.8	0
510	381	40.9	0
510	381	41	0
510	381	41.1	0
510	381	41.2	0
510	381	41.3	0
510	381	41.4	0
510	381	41.5	0
510	381	41.6	0
510	381	41.7	0
510	381	41.8	0
510	381	41.9	0
510	381	42	0
510	381	42.1	0
510	381	42.2	0
510	381	42.3	0
510	381	42.4	0
510	381	42.5	0
510	381	42.6	0
510	381	42.7	0
510	381	42.8	0
510	381	42.9	0
510	381	43	0
510	381	43.1	0
510	381	43.2	0
510	381	43.3	0
510	381	43.4	0
510	381	43.5	0
510	381	43.6	0
510	381	43.7	0
510	381	43.8	0
510	381	43.9	0
510	381	44	0
510	381	44.1	0
510	381	44.2	0
510	381	44.3	0
510	381	44.4	0
510	381	44.5	0
510	381	44.6	0
510	381	44.7	0
510	381	44.8	0
510	381	44.9	0
510	381	45	0
510	381	45.1	0
510	381	45.2	0
510	381	45.3	0
510	381	45.4	0
510	381	45.5	0
510	381	45.6	0
510	381	45.7	0
510	381	45.8	0
510	381	45.9	0
510	381	46	0
510	381	46.1	0
510	381	46.2	0
510	381	46.3	0
510	381	46.4	0
510	381	46.5	0
510	381	46.6	0
510	381	46.7	0
510	381	46.8	0
510	381	46.9	0
510	381	47	0
510	381	47.1	0
510	381	47.2	0
510	381	47.3	0
510	381	47.4	0
510	381	47.5	0
510	381	47.6	0
510	381	47.7	0
510	381	47.8	0
510	381	47.9	0
510	381	48	0
510	381	48.1	0
510	381	48.2	0
510	381	48.3	0
510	381	48.4	0
510	381	48.5	0
510	381	48.6	0
510	381	48.7	0
510	381	48.8	0
509	381	48.9	0
509	381	49	0
507	385	49.1	0
507	389	49.2	0
506	398	49.3	0
506	400	49.4	0
506	402	49.5	0
506	406	49.6	0
505	392	49.7	0
505	392	49.8	0
505	392	49.9	0
505	392	50	0
505	392	50.1	0
505	392	50.2	0
505	392	50.3	0
505	392	50.4	0
505	392	50.5	0
505	392	50.6	0
505	392	50.7	0
505	392	50.8	0
505	392	50.9	0
505	392	51	0
505	392	51.1	0
505	392	51.2	0
505	392	51.3	0
505	392	51.4	0
505	392	51.5	0
505	392	51.6	0
505	392	51.7	0
505	392	51.8	0
505	392	51.9	0
505	392	52	0
505	392	52.1	0
505	392	52.2	0
505	392	52.3	0
505	392	52.4	0
505	392	52.5	0
505	392	52.6	0
505	392	52.7	0
505	392	52.8	0
505	392	52.9	0
505	392	53	0
505	392	53.1	0
505	392	53.2	0
505	392	53.3	0
505	392	53.4	0
505	392	53.5	0
505	392	53.6	0
505	392	53.7	0
505	392	53.8	0
505	392	53.9	0
505	392	54	0
505	392	54.1	0
505	392	54.2	0
505	392	54.3	0
505	392	54.4	0
505	392	54.5	0
505	392	54.6	0
505	392	54.7	0
505	392	54.8	0
505	392	54.9	0
505	392	55	0
505	392	55.1	0
505	392	55.2	0
505	392	55.3	0
505	392	55.4	0
505	392	55.5	0
505	392	55.6	0
505	392	55.7	0
505	392	55.8	0
505	392	55.9	0
505	392	56	0
505	392	56.1	0
505	392	56.2	0
505	392	56.3	0
505	392	56.4	0
505	392	56.5	0
505	392	56.6	0
505	392	56.7	0
505	392	56.8	0
505	392	56.9	0
505	392	57	0
505	392	57.1	0
505	392	57.2	0
505	392	57.3	0
505	392	57.4	0
505	392	57.5	0
505	392	57.6	0
505	392	57.7	0
505	392	57.8	0
505	392	57.9	0
505	392	58	0
505	392	58.1	0
505	392	58.2	0
505	392	58.3	0
505	392	58.4	0
505	392	58.5	0
505	392	58.6	0
505	392	58.7	0
505	392	58.8	0
505	392	58.9	0
505	392	59	0
505	392	59.1	0
505	392	59.2	0
505	392	59.3	0
505	392	59.4	0
505	392	59.5	0
505	392	59.6	0
505	392	59.7	0
505	392	59.8	0
505	392	59.9	0
505	392	60	0
505	392	60.1	0
505	392	60.2	0
505	392	60.3	0
505	392	60.4	0
505	392	60.5	0
505	392	60.6	0
505	392	60.7	0
505	392	60.8	0
505	392	60.9	0
505	392	61	0
506	391	61.1	0
506	391	61.2	0
506	391	61.3	0
506	391	61.4	0
506	391	61.5	0
506	391	61.6	0
506	391	61.7	0
506	391	61.8	0
506	405	61.9	0
510	422	62	0
513	431	62.1	0
514	443	62.2	0
514	443	62.3	0
514	443	62.4	0
514	443	62.5	0
514	443	62.6	0
514	443	62.7	0
514	443	62.8	0
514	443	62.9	0
514	443	63	0
514	443	63.1	0
514	443	63.2	0
514	443	63.3	0
514	443	63.4	0
514	443	63.5	0
514	443	63.6	0
514	443	63.7	0
514	443	63.8	0
514	443	63.9	0
514	443	64	0
515	442	64.1	0
515	442	64.2	0
515	442	64.3	0
515	442	64.4	0
515	442	64.5	0
515	442	64.6	0
515	442	64.7	0
515	442	64.8	0
515	442	64.9	0
515	442	65	0
515	442	65.1	0
515	442	65.2	0
515	442	65.3	0
515	442	65.4	0
515	442	65.5	0
515	442	65.6	0
515	442	65.7	0
515	442	65.8	0
515	442	65.9	0
515	442	66	0
515	442	66.1	0
515	442	66.2	0
515	442	66.3	0
515	442	66.4	0
515	442	66.5	0
515	442	66.6	0
515	442	66.7	0
515	442	66.8	0
515	442	66.9	0
515	442	67	0
515	442	67.1	0
515	442	67.2	0
515	441	67.3	0
515	441	67.4	0
515	441	67.5	0
515	441	67.6	0
515	441	67.7	0
515	441	67.8	0
515	441	67.9	0
515	441	68	0
515	441	68.1	0
515	441	68.2	0
515	441	68.3	0
515	441	68.4	0
515	441	68.5	0
515	441	68.6	0
515	441	68.7	0
515	441	68.8	0
515	441	68.9	0
515	441	69	0
515	441	69.1	0
515	441	69.2	0
515	441	69.3	0
515	441	69.4	0
515	441	69.5	0
515	441	69.6	0
515	441	69.7	0
515	441	69.8	0
515	441	69.9	0
516	440	70	0
516	440	70.1	0
516	440	70.2	0
516	440	70.3	0
516	440	70.4	0
516	440	70.5	0
516	440	70.6	0
516	440	70.7	0
516	440	70.8	0
516	440	70.9	0
516	440	71	0
516	440	71.1	0
516	440	71.2	0
516	440	71.3	0
516	437	71.4	0
518	431	71.5	0
522	423	71.6	0
524	413	71.7	0
524	407	71.8	0
521	396	71.9	0
519	393	72	0
518	390	72.1	0
515	385	72.2	0
509	381	72.3	0
508	380	72.4	0
508	380	72.5	0
508	380	72.6	0
509	380	72.7	0
510	380	72.8	0
510	380	72.9	0
510	380	73	0
510	380	73.1	0
510	380	73.2	0
510	380	73.3	0
510	380	73.4	0
510	380	73.5	0
510	380	73.6	0
510	380	73.7	0
510	380	73.8	0
510	380	73.9	0
510	380	74	0
510	380	74.1	0
510	380	74.2	0
510	380	74.3	0
510	380	74.4	0
510	380	74.5	0
510	380	74.6	0
510	380	74.7	0
510	380	74.8	0
510	380	74.9	0
510	380	75	0
510	380	75.1	0
510	380	75.2	0
510	380	75.3	0
510	380	75.4	0
510	380	75.5	0
510	380	75.6	0
510	380	75.7	0
510	380	75.8	0
510	380	75.9	0
510	380	76	0
510	380	76.1	0
510	380	76.2	0
510	380	76.3	0
510	380	76.4	0
510	380	76.5	0
510	380	76.6	0
510	380	76.7	0
510	380	76.8	0
510	380	76.9	0
510	380	77	0
510	380	77.1	0
510	380	77.2	0
510	380	77.3	0
510	380	77.4	0
510	380	77.5	0
510	380	77.6	0
510	380	77.7	0
510	380	77.8	0
510	380	77.9	0
510	380	78	0
510	380	78.1	0
510	380	78.2	0
510	380	78.3	0
510	380	78.4	0
510	380	78.5	0
510	380	78.6	0
510	380	78.7	0
510	380	78.8	0
510	380	78.9	0
510	380	79	0
510	380	79.1	0
510	380	79.2	0
510	380	79.3	0
510	380	79.4	0
510	380	79.5	0
510	380	79.6	0
510	380	79.7	0
510	380	79.8	0
510	380	79.9	0
510	380	80	0
510	380	80.1	0
510	380	80.2	0
510	380	80.3	0
510	380	80.4	0
510	380	80.5	0
510	380	80.6	0
510	380	80.7	0
510	380	80.8	0
510	380	80.9	0
510	380	81	0
510	380	81.1	0
510	380	81.2	0
510	380	81.3	0
510	380	81.4	0
510	380	81.5	0
510	380	81.6	0
510	380	81.7	0
510	380	81.8	0
510	380	81.9	0
510	380	82	0
510	380	82.1	0
510	380	82.2	0
510	380	82.3	0
510	380	82.4	0
510	380	82.5	0
510	380	82.6	0
510	380	82.7	0
510	380	82.8	0
510	380	82.9	0
510	380	83	0
510	380	83.1	0
510	380	83.2	0
510	380	83.3	0
510	380	83.4	0
510	380	83.5	0
510	380	83.6	0
510	380	83.7	0
510	380	83.8	0
510	380	83.9	0
510	380	84	0
510	380	84.1	0
510	380	84.2	0
510	380	84.3	0
510	380	84.4	0
510	380	84.5	0
510	380	84.6	0
510	380	84.7	0
510	380	84.8	0
510	380	84.9	0
510	380	85	0
510	380	85.1	0
510	380	85.2	0
510	380	85.3	0
510	380	85.4	0
510	380	85.5	0
510	380	85.6	0
510	380	85.7	0
510	380	85.8	0
510	380	85.9	0
510	380	86	0
510	380	86.1	0
510	380	86.2	0
510	380	86.3	0
510	380	86.4	0
510	380	86.5	0
510	380	86.6	0
510	380	86.7	0
510	380	86.8	0
510	380	86.9	0
510	380	87	0
510	380	87.1	0
510	380	87.2	0
510	380	87.3	0
510	380	87.4	0
510	380	87.5	0
510	380	87.6	0
510	380	87.7	0
510	380	87.8	0
510	380	87.9	0
510	380	88	0
510	380	88.1	0
510	380	88.2	0
510	380	88.3	0
510	380	88.4	0
510	380	88.5	0
510	380	88.6	0
510	380	88.7	0
510	380	88.8	0
510	380	88.9	0
510	380	89	0
510	380	89.1	0
510	380	89.2	0
510	380	89.3	0
510	380	89.4	0
510	380	89.5	0
510	380	89.6	0
510	380	89.7	0
510	380	89.8	0
510	380	89.9	0
510	380	90	0
510	380	90.1	0
510	380	90.2	0
510	380	90.3	0
510	380	90.4	0
510	380	90.5	0
510	380	90.6	0
510	380	90.7	0
510	380	90.8	0
510	380	90.9	0
510	380	91	0
510	380	91.1	0
510	380	91.2	0
510	380	91.3	0
510	380	91.4	0
510	380	91.5	0
510	380	91.6	0
510	380	91.7	0
510	380	91.8	0
510	380	91.9	0
510	380	92	0
510	380	92.1	0
510	380	92.2	0
510	380	92.3	0
510	380	92.4	0
510	380	92.5	0
510	380	92.6	0
510	380	92.7	0
510	380	92.8	0
510	380	92.9	0
510	380	93	0
510	380	93.1	0
510	380	93.2	0
510	380	93.3	0
510	380	93.4	0
510	380	93.5	0
510	380	93.6	0
510	380	93.7	0
510	380	93.8	0
510	380	93.9	0
510	380	94	0
510	380	94.1	0
510	380	94.2	0
510	380	94.3	0
510	380	94.4	0
510	380	94.5	0
510	380	94.6	0
510	380	94.7	0
510	380	94.8	0
510	380	94.9	0
510	380	95	0
510	380	95.1	0
510	380	95.2	0
510	380	95.3	0
510	380	95.4	0
510	380	95.5	0
510	380	95.6	0
510	380	95.7	0
510	380	95.8	0
510	380	95.9	0
510	380	96	0
510	380	96.1	0
510	380	96.2	0
510	380	96.3	0
510	380	96.4	0
510	380	96.5	0
510	380	96.6	0
510	380	96.7	0
510	380	96.8	0
510	380	96.9	0
510	380	97	0
510	380	97.1	0
510	380	97.2	0
510	380	97.3	0
510	380	97.4	0
510	380	97.5	0
510	380	97.6	0
510	380	97.7	0
510	380	97.8	0
510	380	97.9	0
510	380	98	0
510	380	98.1	0
510	380	98.2	0
510	380	98.3	0
510	380	98.4	0
510	380	98.5	0
510	380	98.6	0
510	380	98.7	0
510	380	98.8	0
510	380	98.9	0
510	380	99	0
510	380	99.1	0
510	380	99.2	0
510	380	99.3	0
510	380	99.4	0
510	380	99.5	0
510	380	99.6	0
510	380	99.7	0
510	380	99.8	0
510	380	99.9	0
510	380	100	0
510	380	100.1	0
510	380	100.2	0
510	380	100.3	0
510	380	100.4	0
510	380	100.5	0
510	380	100.6	0
510	380	100.7	0
510	380	100.8	0
510	380	100.9	0
510	380	101	0
510	380	101.1	0
510	380	101.2	0
510	380	101.3	0
510	380	101.4	0
510	380	101.5	0
510	380	101.6	0
510	380	101.7	0
510	380	101.8	0
510	380	101.9	0
510	380	102	0
510	380	102.1	0
510	380	102.2	0
510	380	102.3	0
510	380	102.4	0
510	380	102.5	0
510	380	102.6	0
510	380	102.7	0
510	380	102.8	0
510	380	102.9	0
510	380	103	0
510	380	103.1	0
510	380	103.2	0
510	380	103.3	0
510	380	103.4	0
510	380	103.5	0
510	380	103.6	0
510	380	103.7	0
510	380	103.8	0
510	380	103.9	0
510	380	104	0
510	380	104.1	0
510	380	104.2	0
510	380	104.3	0
510	380	104.4	0
510	380	104.5	0
510	380	104.6	0
510	380	104.7	0
510	380	104.8	0
510	380	104.9	0
510	380	105	0
510	380	105.1	0
510	380	105.2	0
510	380	105.3	0
510	380	105.4	0
510	380	105.5	0
510	380	105.6	0
510	380	105.7	0
510	380	105.8	0
510	380	105.9	0
510	380	106	0
510	380	106.1	0
510	380	106.2	0
510	380	106.3	0
510	380	106.4	0
510	380	106.5	0
510	380	106.6	0
510	380	106.7	0
510	380	106.8	0
510	380	106.9	0
510	380	107	0
510	380	107.1	0
510	380	107.2	0
510	380	107.3	0
510	380	107.4	0
510	380	107.5	0
499	378	107.6	0
499	378	107.7	0
499	378	107.8	0
499	378	107.9	0
499	378	108	0
528	378	108.1	0
528	378	108.2	0
525	378	108.3	0
517	378	108.4	0
510	378	108.5	0
504	378	108.6	0
504	378	108.7	0
504	378	108.8	0
506	378	108.9	0
508	378	109	0
509	378	109.1	0
511	378	109.2	0
511	377	109.3	0
511	377	109.4	0
511	377	109.5	0
511	377	109.6	0
511	377	109.7	0
511	377	109.8	0
511	377	109.9	0
511	377	110	0
511	377	110.1	0
511	377	110.2	0
511	377	110.3	0
511	377	110.4	0
511	377	110.5	0
511	377	110.6	0
511	377	110.7	0
511	377	110.8	0
511	377	110.9	0
511	377	111	0
511	377	111.1	0
511	377	111.2	0
511	377	111.3	0
511	377	111.4	0
511	377	111.5	0
511	377	111.6	0
511	377	111.7	0
511	377	111.8	0
511	377	111.9	0
511	377	112	0
511	377	112.1	0
511	377	112.2	0
511	377	112.3	0
511	377	112.4	0
511	377	112.5	0
511	377	112.6	0
511	377	112.7	0
511	377	112.8	0
511	377	112.9	0
511	377	113	0
511	377	113.1	0
511	377	113.2	0
511	377	113.3	0
511	377	113.4	0
511	377	113.5	0
511	377	113.6	0
511	377	113.7	0
511	377	113.8	0
511	377	113.9	0
511	377	114	0
511	377	114.1	0
511	377	114.2	0
511	377	114.3	0
511	377	114.4	0
511	377	114.5	0
511	377	114.6	0
511	377	114.7	0
511	377	114.8	0
511	377	114.9	0
511	377	115	0
511	377	115.1	0
511	377	115.2	0
511	377	115.3	0
511	377	115.4	0
511	377	115.5	0
511	377	115.6	0
511	377	115.7	0
511	377	115.8	0
511	377	115.9	0
511	377	116	0
511	377	116.1	0
511	377	116.2	0
511	377	116.3	0
511	377	116.4	0
511	377	116.5	0
511	377	116.6	0
511	377	116.7	0
511	377	116.8	0
511	377	116.9	0
511	377	117	0
511	377	117.1	0
511	377	117.2	0
511	377	117.3	0
511	377	117.4	0
511	377	117.5	0
511	377	117.6	0
511	377	117.7	0
511	377	117.8	0
511	377	117.9	0
511	377	118	0
511	377	118.1	0
511	377	118.2	0
511	377	118.3	0
511	377	118.4	0
511	377	118.5	0
511	377	118.6	0
511	377	118.7	0
511	377	118.8	0
511	377	118.9	0
511	377	119	0
511	377	119.1	0
511	377	119.2	0
511	377	119.3	0
511	377	119.4	0
511	377	119.5	0
511	377	119.6	0
511	377	119.7	0
511	377	119.8	0
511	377	119.9	0
511	377	120	0
511	377	120.1	0
511	377	120.2	0
511	377	120.3	0
511	377	120.4	0
511	377	120.5	0
511	377	120.6	0
511	377	120.7	0
511	377	120.8	0
511	377	120.9	0
511	377	121	0
511	377	121.1	0
511	377	121.2	0
511	377	121.3	0
511	377	121.4	0
511	377	121.5	0
511	377	121.6	0
511	377	121.7	0
511	377	121.8	0
511	377	121.9	0
511	377	122	0
511	377	122.1	0
511	377	122.2	0
511	377	122.3	0
511	377	122.4	0
511	377	122.5	0
511	377	122.6	0
511	377	122.7	0
511	377	122.8	0
511	377	122.9	0
511	377	123	0
511	377	123.1	0
511	377	123.2	0
511	377	123.3	0
511	377	123.4	0
511	377	123.5	0
511	377	123.6	0
511	377	123.7	0
511	377	123.8	0
511	377	123.9	0
511	377	124	0
511	377	124.1	0
511	377	124.2	0
511	377	124.3	0
511	377	124.4	0
511	377	124.5	0
511	377	124.6	0
511	377	124.7	0
511	377	124.8	0
511	377	124.9	0
511	377	125	0
511	377	125.1	0
511	377	125.2	0
511	377	125.3	0
511	377	125.4	0
511	377	125.5	0
511	377	125.6	0
511	377	125.7	0
511	377	125.8	0
511	377	125.9	0
511	377	126	0
511	377	126.1	0
511	377	126.2	0
511	377	126.3	0
511	377	126.4	0
511	377	126.5	0
511	377	126.6	0
511	377	126.7	0
511	377	126.8	0
511	377	126.9	0
511	377	127	0
511	377	127.1	0
511	377	127.2	0
511	377	127.3	0
511	377	127.4	0
511	377	127.5	0
511	377	127.6	0
511	377	127.7	0
511	377	127.8	0
511	377	127.9	0
511	377	128	0
511	377	128.1	0
511	377	128.2	0
511	377	128.3	0
511	377	128.4	0
511	377	128.5	0
511	377	128.6	0
511	377	128.7	0
511	377	128.8	0
511	377	128.9	0
511	377	129	0
511	377	129.1	0
511	377	129.2	0
511	377	129.3	0
511	377	129.4	0
511	377	129.5	0
511	377	129.6	0
511	377	129.7	0
511	377	129.8	0
511	377	129.9	0
511	377	130	0
511	377	130.1	0
511	377	130.2	0
511	377	130.3	0
511	377	130.4	0
511	377	130.5	0
511	377	130.6	0
511	377	130.7	0
511	377	130.8	0
511	377	130.9	0
511	377	131	0
511	377	131.1	0
511	377	131.2	0
511	377	131.3	0
511	377	131.4	0
511	377	131.5	0
511	377	131.6	0
511	377	131.7	0
511	377	131.8	0
511	377	131.9	0
511	377	132	0
511	377	132.1	0
511	377	132.2	0
511	377	132.3	0
511	377	132.4	0
511	377	132.5	0
511	377	132.6	0
511	377	132.7	0
511	377	132.8	0
511	377	132.9	0
511	377	133	0
511	377	133.1	0
511	377	133.2	0
511	377	133.3	0
511	377	133.4	0
511	377	133.5	0
511	377	133.6	0
511	377	133.7	0
511	377	133.8	0
511	377	133.9	0
511	377	134	0
511	377	134.1	0
511	377	134.2	0
511	377	134.3	0
511	377	134.4	0
511	377	134.5	0
511	377	134.6	0
511	377	134.7	0
511	377	134.8	0
511	377	134.9	0
511	377	135	0
511	377	135.1	0
511	377	135.2	0
511	377	135.3	0
511	377	135.4	0
511	377	135.5	0
511	377	135.6	0
511	377	135.7	0
511	377	135.8	0
511	377	135.9	0
511	377	136	0
511	377	136.1	0
511	377	136.2	0
511	377	136.3	0
511	377	136.4	0
511	377	136.5	0
511	377	136.6	0
511	377	136.7	0
511	377	136.8	0
511	377	136.9	0
511	377	137	0
511	377	137.1	0
511	377	137.2	0
511	377	137.3	0
511	377	137.4	0
511	377	137.5	0
511	377	137.6	0
511	377	137.7	0
511	377	137.8	0
511	377	137.9	0
511	377	138	0
511	377	138.1	0
511	377	138.2	0
511	377	138.3	0
511	377	138.4	0
511	377	138.5	0
511	377	138.6	0
511	377	138.7	0
511	377	138.8	0
511	377	138.9	0
511	377	139	0
511	377	139.1	0
511	377	139.2	0
511	377	139.3	0
511	377	139.4	0
511	377	139.5	0
511	377	139.6	0
511	377	139.7	0
511	377	139.8	0
511	377	139.9	0
511	377	140	0
511	377	140.1	0
511	377	140.2	0
511	377	140.3	0
511	377	140.4	0
511	377	140.5	0
511	377	140.6	0
511	377	140.7	0
511	377	140.8	0
511	377	140.9	0
511	377	141	0
511	377	141.1	0
511	377	141.2	0
511	377	141.3	0
511	377	141.4	0
511	377	141.5	0
511	377	141.6	0
511	377	141.7	0
511	377	141.8	0
511	377	141.9	0
511	377	142	0
511	377	142.1	0
511	377	142.2	0
511	377	142.3	0
511	377	142.4	0
511	377	142.5	0
511	377	142.6	0
511	377	142.7	0
511	377	142.8	0
511	377	142.9	0
511	377	143	0
511	377	143.1	0
511	377	143.2	0
511	377	143.3	0
511	377	143.4	0
511	377	143.5	0
511	377	143.6	0
511	377	143.7	0
511	377	143.8	0
511	377	143.9	0
511	377	144	0
511	377	144.1	0
511	377	144.2	0
511	377	144.3	0
511	377	144.4	0
511	377	144.5	0
511	377	144.6	0
511	377	144.7	0
511	377	144.8	0
511	377	144.9	0
511	377	145	0
511	377	145.1	0
511	377	145.2	0
511	377	145.3	0
511	377	145.4	0
511	377	145.5	0
511	377	145.6	0
511	377	145.7	0
511	377	145.8	0
511	377	145.9	0
511	377	146	0
511	377	146.1	0
511	377	146.2	0
511	377	146.3	0
511	377	146.4	0
511	377	146.5	0
511	377	146.6	0
511	377	146.7	0
511	377	146.8	0
511	377	146.9	0
511	377	147	0
511	377	147.1	0
511	377	147.2	0
511	377	147.3	0
511	377	147.4	0
511	377	147.5	0
511	377	147.6	0
511	377	147.7	0
511	377	147.8	0
511	377	147.9	0
511	377	148	0
511	377	148.1	0
511	377	148.2	0
511	377	148.3	0
511	377	148.4	0
511	377	148.5	0
511	377	148.6	0
511	377	148.7	0
511	377	148.8	0
511	377	148.9	0
511	377	149	0
511	377	149.1	0
511	377	149.2	0
511	377	149.3	0
511	377	149.4	0
511	377	149.5	0
511	377	149.6	0
511	377	149.7	0
511	377	149.8	0
511	377	149.9	0
511	377	150	0
511	377	150.1	0
511	377	150.2	0
511	377	150.3	0
511	377	150.4	0
511	377	150.5	0
511	377	150.6	0
511	377	150.7	0
511	377	150.8	0
511	377	150.9	0
511	377	151	0
511	377	151.1	0
511	377	151.2	0
511	377	151.3	0
511	377	151.4	0
511	377	151.5	0
511	377	151.6	0
511	377	151.7	0
511	377	151.8	0
511	377	151.9	0
511	377	152	0
511	377	152.1	0
511	377	152.2	0
511	377	152.3	0
511	377	152.4	0
511	377	152.5	0
511	377	152.6	0
511	377	152.7	0
511	377	152.8	0
511	377	152.9	0
511	377	153	0
511	377	153.1	0
511	377	153.2	0
511	377	153.3	0
511	377	153.4	0
511	377	153.5	0
511	377	153.6	0
511	377	153.7	0
511	377	153.8	0
511	377	153.9	0
511	377	154	0
511	377	154.1	0
511	377	154.2	0
511	377	154.3	0
511	377	154.4	0
511	377	154.5	0
511	377	154.6	0
511	377	154.7	0
511	377	154.8	0
511	377	154.9	0
511	377	155	0
511	377	155.1	0
511	377	155.2	0
511	377	155.3	0
511	377	155.4	0
511	377	155.5	0
511	377	155.6	0
511	377	155.7	0
511	377	155.8	0
511	377	155.9	0
511	377	156	0
511	377	156.1	0
511	377	156.2	0
511	377	156.3	0
511	377	156.4	0
511	377	156.5	0
511	377	156.6	0
511	377	156.7	0
511	377	156.8	0
511	377	156.9	0
511	377	157	0
511	377	157.1	0
511	377	157.2	0
511	377	157.3	0
511	377	157.4	0
511	377	157.5	0
511	377	157.6	0
511	377	157.7	0
511	377	157.8	0
511	377	157.9	0
511	377	158	0
511	377	158.1	0
511	377	158.2	0
511	377	158.3	0
511	377	158.4	0
511	377	158.5	0
511	377	158.6	0
511	377	158.7	0
511	377	158.8	0
511	377	158.9	0
511	377	159	0
511	377	159.1	0
511	377	159.2	0
511	377	159.3	0
511	377	159.4	0
511	377	159.5	0
511	377	159.6	0
511	377	159.7	0
511	377	159.8	0
511	377	159.9	0
511	377	160	0
511	377	160.1	0
511	377	160.2	0
511	377	160.3	0
511	377	160.4	0
511	377	160.5	0
511	377	160.6	0
511	377	160.7	0
511	377	160.8	0
511	377	160.9	0
511	377	161	0
511	377	161.1	0
511	377	161.2	0
511	377	161.3	0
511	377	161.4	0
511	377	161.5	0
511	377	161.6	0
511	377	161.7	0
511	377	161.8	0
511	377	161.9	0
511	377	162	0
511	377	162.1	0
511	377	162.2	0
511	377	162.3	0
511	377	162.4	0
511	377	162.5	0
511	377	162.6	0
511	377	162.7	0
511	377	162.8	0
511	377	162.9	0
511	377	163	0
511	377	163.1	0
511	377	163.2	0
511	377	163.3	0
511	377	163.4	0
511	377	163.5	0
511	377	163.6	0
511	377	163.7	0
511	377	163.8	0
511	377	163.9	0
511	377	164	0
511	377	164.1	0
511	377	164.2	0
511	377	164.3	0
511	377	164.4	0
511	377	164.5	0
511	377	164.6	0
511	377	164.7	0
511	377	164.8	0
511	377	164.9	0
511	377	165	0
511	377	165.1	0
511	377	165.2	0
511	377	165.3	0
511	377	165.4	0
511	377	165.5	0
511	377	165.6	0
511	377	165.7	0
511	377	165.8	0
511	377	165.9	0
511	377	166	0
511	377	166.1	0
511	377	166.2	0
511	377	166.3	0
511	377	166.4	0
511	377	166.5	0
511	377	166.6	0
511	377	166.7	0
511	377	166.8	0
511	377	166.9	0
511	377	167	0
511	377	167.1	0
511	377	167.2	0
511	377	167.3	0
511	377	167.4	0
511	377	167.5	0
511	377	167.6	0
511	377	167.7	0
511	377	167.8	0
511	377	167.9	0
511	377	168	0
511	377	168.1	0
511	377	168.2	0
511	377	168.3	0
511	377	168.4	0
511	377	168.5	0
511	377	168.6	0
511	377	168.7	0
511	377	168.8	0
511	377	168.9	0
511	377	169	0
511	377	169.1	0
511	377	169.2	0
511	377	169.3	0
511	377	169.4	0
511	377	169.5	0
511	377	169.6	0
511	377	169.7	0
511	377	169.8	0
511	377	169.9	0
511	377	170	0
511	377	170.1	0
511	377	170.2	0
511	377	170.3	0
511	377	170.4	0
511	377	170.5	0
511	377	170.6	0
511	377	170.7	0
511	377	170.8	0
511	377	170.9	0
511	377	171	0
511	377	171.1	0
511	377	171.2	0
511	377	171.3	0
511	377	171.4	0
511	377	171.5	0
511	377	171.6	0
511	377	171.7	0
511	377	171.8	0
511	377	171.9	0
511	377	172	0
511	377	172.1	0
511	377	172.2	0
511	377	172.3	0
511	377	172.4	0
511	377	172.5	0
511	377	172.6	0
511	377	172.7	0
511	377	172.8	0
511	377	172.9	0
511	377	173	0
511	377	173.1	0
511	377	173.2	0
511	377	173.3	0
511	377	173.4	0
511	377	173.5	0
511	377	173.6	0
511	377	173.7	0
511	377	173.8	0
511	377	173.9	0
511	377	174	0
511	377	174.1	0
511	377	174.2	0
511	377	174.3	0
511	377	174.4	0
511	377	174.5	0
511	377	174.6	0
511	377	174.7	0
511	377	174.8	0
511	377	174.9	0
511	377	175	0
511	377	175.1	0
511	377	175.2	0
511	377	175.3	0
511	377	175.4	0
511	377	175.5	0
511	377	175.6	0
511	377	175.7	0
511	377	175.8	0
511	377	175.9	0
511	377	176	0
511	377	176.1	0
511	377	176.2	0
511	377	176.3	0
511	377	176.4	0
511	377	176.5	0
511	377	176.6	0
511	377	176.7	0
511	377	176.8	0
511	377	176.9	0
511	377	177	0
511	377	177.1	0
511	377	177.2	0
511	377	177.3	0
511	377	177.4	0
511	377	177.5	0
511	377	177.6	0
511	377	177.7	0
511	377	177.8	0
511	377	177.9	0
511	377	178	0
511	377	178.1	0
511	377	178.2	0
511	377	178.3	0
511	377	178.4	0
511	377	178.5	0
511	377	178.6	0
511	377	178.7	0
511	377	178.8	0
511	377	178.9	0
511	377	179	0
511	377	179.1	0
511	377	179.2	0
511	377	179.3	0
511	377	179.4	0
511	377	179.5	0
511	377	179.6	0
511	377	179.7	0
511	377	179.8	0
511	377	179.9	0
511	377	180	0
511	377	180.1	0
511	377	180.2	0
511	377	180.3	0
511	377	180.4	0
511	377	180.5	0
511	377	180.6	0
511	377	180.7	0
511	377	180.8	0
511	377	180.9	0
511	377	181	0
511	377	181.1	0
511	377	181.2	0
511	377	181.3	0
511	377	181.4	0
511	377	181.5	0
511	377	181.6	0
511	377	181.7	0
511	377	181.8	0
511	377	181.9	0
511	377	182	0
511	377	182.1	0
511	377	182.2	0
511	377	182.3	0
511	377	182.4	0
511	377	182.5	0
511	377	182.6	0
511	377	182.7	0
511	377	182.8	0
511	377	182.9	0
511	377	183	0
511	377	183.1	0
511	377	183.2	0
511	377	183.3	0
511	377	183.4	0
511	377	183.5	0
511	377	183.6	0
511	377	183.7	0
511	377	183.8	0
511	377	183.9	0
511	377	184	0
511	377	184.1	0
511	377	184.2	0
511	377	184.3	0
511	377	184.4	0
511	377	184.5	0
511	377	184.6	0
511	377	184.7	0
511	377	184.8	0
511	377	184.9	0
511	377	185	0
511	377	185.1	0
511	377	185.2	0
511	377	185.3	0
511	377	185.4	0
511	377	185.5	0
511	377	185.6	0
511	377	185.7	0
511	377	185.8	0
511	377	185.9	0
511	377	186	0
511	377	186.1	0
511	377	186.2	0
511	377	186.3	0
511	377	186.4	0
511	377	186.5	0
511	377	186.6	0
511	377	186.7	0
511	377	186.8	0
511	377	186.9	0
511	377	187	0
511	377	187.1	0
511	377	187.2	0
511	377	187.3	0
511	377	187.4	0
511	377	187.5	0
511	377	187.6	0
511	377	187.7	0
511	377	187.8	0
511	377	187.9	0
511	377	188	0
511	377	188.1	0
511	377	188.2	0
511	377	188.3	0
511	377	188.4	0
511	377	188.5	0
511	377	188.6	0
511	377	188.7	0
511	377	188.8	0
511	377	188.9	0
511	377	189	0
511	377	189.1	0
511	377	189.2	0
511	377	189.3	0
511	377	189.4	0
511	377	189.5	0
511	377	189.6	0
511	377	189.7	0
511	377	189.8	0
511	377	189.9	0
511	377	190	0
511	377	190.1	0
511	377	190.2	0
511	377	190.3	0
511	377	190.4	0
511	377	190.5	0
511	377	190.6	0
511	377	190.7	0
511	377	190.8	0
511	377	190.9	0
511	377	191	0
511	377	191.1	0
511	377	191.2	0
511	377	191.3	0
511	377	191.4	0
511	377	191.5	0
511	377	191.6	0
511	377	191.7	0
511	377	191.8	0
511	391	191.9	0
509	427	192	0
510	463	192.1	0
512	513	192.2	0
512	533	192.3	0
512	536	192.4	0
512	536	192.5	0
512	536	192.6	0
513	536	192.7	0
514	536	192.8	0
514	536	192.9	0
516	535	193	0
516	535	193.1	0
516	535	193.2	0
516	535	193.3	0
516	535	193.4	0
516	535	193.5	0
516	535	193.6	0
517	531	193.7	0
520	525	193.8	0
525	489	193.9	0
525	471	194	0
525	468	194.1	0
525	468	194.2	0
525	469	194.3	0
525	471	194.4	0
522	476	194.5	0
521	477	194.6	0
521	477	194.7	0
521	477	194.8	0
521	477	194.9	0
521	477	195	0
521	477	195.1	0
521	477	195.2	0
521	477	195.3	0
521	477	195.4	0
521	477	195.5	0
521	477	195.6	0
521	477	195.7	0
521	475	195.8	0
521	470	195.9	0
521	470	196	0
521	470	196.1	0
521	470	196.2	0
521	469	196.3	0
521	468	196.4	0
518	462	196.5	0
518	460	196.6	0
518	454	196.7	0
518	444	196.8	0
518	433	196.9	0
518	431	197	0
518	428	197.1	0
518	418	197.2	0
518	416	197.3	0
517	410	197.4	0
517	401	197.5	0
517	398	197.6	0
516	393	197.7	0
515	389	197.8	0
514	385	197.9	0
513	383	198	0
512	381	198.1	0
511	380	198.2	0
509	372	198.3	0
509	372	198.4	0
509	372	198.5	0
509	373	198.6	0
509	373	198.7	0
509	373	198.8	0
509	373	198.9	0
509	373	199	0
509	373	199.1	0
509	373	199.2	0
509	373	199.3	0
509	373	199.4	0
509	373	199.5	0
509	373	199.6	0
509	373	199.7	0
509	373	199.8	0
509	373	199.9	0
509	373	200	0
509	373	200.1	0
509	373	200.2	0
509	373	200.3	0
509	373	200.4	0
509	373	200.5	0
509	373	200.6	0
509	373	200.7	0
509	373	200.8	0
509	373	200.9	0
509	373	201	0
509	373	201.1	0
509	373	201.2	0
509	373	201.3	0
509	373	201.4	0
509	373	201.5	0
509	373	201.6	0
509	373	201.7	0
509	373	201.8	0
509	373	201.9	0
509	373	202	0
509	373	202.1	0
509	373	202.2	0
509	373	202.3	0
509	373	202.4	0
509	373	202.5	0
509	373	202.6	0
509	373	202.7	0
509	373	202.8	0
509	373	202.9	0
509	373	203	0
509	373	203.1	0
509	373	203.2	0
509	373	203.3	0
509	373	203.4	0
509	373	203.5	0
509	373	203.6	0
509	373	203.7	0
509	373	203.8	0
509	373	203.9	0
509	373	204	0
509	373	204.1	0
509	373	204.2	0
509	373	204.3	0
509	373	204.4	0
509	373	204.5	0
509	373	204.6	0
509	373	204.7	0
509	373	204.8	0
509	373	204.9	0
509	373	205	0
509	373	205.1	0
509	373	205.2	0
509	373	205.3	0
509	373	205.4	0
509	373	205.5	0
509	373	205.6	0
509	373	205.7	0
509	373	205.8	0
509	373	205.9	0
509	373	206	0
509	373	206.1	0
509	373	206.2	0
509	373	206.3	0
509	373	206.4	0
509	373	206.5	0
509	373	206.6	0
509	373	206.7	0
509	373	206.8	0
509	373	206.9	0
509	373	207	0
509	373	207.1	0
509	373	207.2	0
509	373	207.3	0
509	373	207.4	0
509	373	207.5	0
509	373	207.6	0
509	373	207.7	0
509	373	207.8	0
509	373	207.9	0
509	373	208	0
509	373	208.1	0
509	373	208.2	0
509	373	208.3	0
509	373	208.4	0
509	373	208.5	0
509	373	208.6	0
509	373	208.7	0
509	373	208.8	0
509	373	208.9	0
509	373	209	0
509	373	209.1	0
509	373	209.2	0
509	373	209.3	0
509	373	209.4	0
509	373	209.5	0
509	373	209.6	0
509	373	209.7	0
509	373	209.8	0
509	373	209.9	0
509	373	210	0
509	373	210.1	0
509	373	210.2	0
509	373	210.3	0
509	373	210.4	0
509	373	210.5	0
509	373	210.6	0
509	373	210.7	0
509	373	210.8	0
509	373	210.9	0
509	373	211	0
509	373	211.1	0
509	373	211.2	0
509	373	211.3	0
509	373	211.4	0
509	373	211.5	0
509	373	211.6	0
509	373	211.7	0
509	373	211.8	0
509	373	211.9	0
509	373	212	0
509	373	212.1	0
509	373	212.2	0
509	373	212.3	0
509	373	212.4	0
509	373	212.5	0
509	373	212.6	0
509	373	212.7	0
509	373	212.8	0
509	373	212.9	0
509	373	213	0
509	373	213.1	0
509	373	213.2	0
509	373	213.3	0
509	373	213.4	0
509	373	213.5	0
509	373	213.6	0
509	373	213.7	0
509	373	213.8	0
509	373	213.9	0
509	373	214	0
509	373	214.1	0
509	373	214.2	0
509	373	214.3	0
509	373	214.4	0
509	373	214.5	0
509	373	214.6	0
509	373	214.7	0
509	373	214.8	0
509	373	214.9	0
509	373	215	0
509	373	215.1	0
509	373	215.2	0
509	373	215.3	0
509	373	215.4	0
509	373	215.5	0
509	373	215.6	0
509	373	215.7	0
509	373	215.8	0
509	373	215.9	0
509	373	216	0
509	373	216.1	0
509	373	216.2	0
509	373	216.3	0
509	373	216.4	0
509	373	216.5	0
509	373	216.6	0
509	373	216.7	0
509	373	216.8	0
509	373	216.9	0
509	373	217	0
509	373	217.1	0
509	373	217.2	0
509	373	217.3	0
509	373	217.4	0
509	373	217.5	0
509	373	217.6	0
509	373	217.7	0
509	373	217.8	0
509	373	217.9	0
509	373	218	0
509	373	218.1	0
509	373	218.2	0
509	373	218.3	0
509	373	218.4	0
509	373	218.5	0
509	373	218.6	0
509	373	218.7	0
509	373	218.8	0
509	373	218.9	0
509	373	219	0
509	373	219.1	0
509	373	219.2	0
509	373	219.3	0
509	373	219.4	0
509	373	219.5	0
509	373	219.6	0
509	373	219.7	0
509	373	219.8	0
509	373	219.9	0
509	373	220	0
509	373	220.1	0
509	373	220.2	0
509	373	220.3	0
509	373	220.4	0
509	373	220.5	0
509	373	220.6	0
509	373	220.7	0
509	373	220.8	0
509	373	220.9	0
509	373	221	0
509	373	221.1	0
509	373	221.2	0
509	373	221.3	0
509	373	221.4	0
509	373	221.5	0
509	373	221.6	0
509	373	221.7	0
509	373	221.8	0
509	373	221.9	0
509	373	222	0
509	373	222.1	0
509	373	222.2	0
509	373	222.3	0
509	373	222.4	0
509	373	222.5	0
509	373	222.6	0
509	373	222.7	0
509	373	222.8	0
509	373	222.9	0
509	373	223	0
509	373	223.1	0
509	373	223.2	0
509	373	223.3	0
509	373	223.4	0
509	373	223.5	0
509	373	223.6	0
509	373	223.7	0
509	373	223.8	0
509	373	223.9	0
509	373	224	0
508	375	224.1	0
508	376	224.2	0
508	377	224.3	0
508	378	224.4	0
508	378	224.5	0
508	378	224.6	0
508	378	224.7	0
508	378	224.8	0
508	378	224.9	0
508	378	225	0
508	378	225.1	0
508	378	225.2	0
508	378	225.3	0
508	378	225.4	0
508	378	225.5	0
508	378	225.6	0
508	378	225.7	0
508	378	225.8	0
508	378	225.9	0
508	378	226	0
508	378	226.1	0
508	378	226.2	0
508	378	226.3	0
508	378	226.4	0
508	378	226.5	0
508	378	226.6	0
508	378	226.7	0
508	378	226.8	0
508	378	226.9	0
508	378	227	0
508	378	227.1	0
