#EXP	Sun Feb 27 17:41:09 2000		
X	Y	TIME	CLICK
512	384	0	0
512	365	0.1	0
512	365	0.2	0
512	365	0.3	0
512	365	0.4	0
512	365	0.5	0
512	365	0.6	0
512	365	0.7	0
512	365	0.8	0
512	377	0.9	0
512	377	1	0
512	377	1.1	0
512	377	1.2	0
512	377	1.3	0
512	377	1.4	0
512	377	1.5	0
512	377	1.6	0
512	377	1.7	0
512	377	1.8	0
512	377	1.9	0
512	377	2	0
512	377	2.1	0
512	377	2.2	0
512	377	2.3	0
512	377	2.4	0
512	377	2.5	0
512	377	2.6	0
512	377	2.7	0
512	377	2.8	0
512	377	2.9	0
512	377	3	0
512	377	3.1	0
522	391	3.2	0
545	423	3.3	0
556	432	3.4	0
557	432	3.5	0
555	422	3.6	0
559	422	3.7	0
619	453	3.8	0
619	453	3.9	0
631	473	4	0
685	537	4.1	0
819	609	4.2	0
889	649	4.3	0
906	675	4.4	0
907	688	4.5	0
907	689	4.6	0
907	689	4.7	0
905	690	4.8	0
890	691	4.9	0
889	691	5	0
889	673	5.1	0
894	633	5.2	0
894	633	5.3	0
948	623	5.4	0
968	622	5.5	0
959	568	5.6	0
952	566	5.7	0
950	558	5.8	0
950	558	5.9	0
981	502	6	0
999	430	6.1	0
999	418	6.2	0
997	416	6.3	0
994	415	6.4	0
958	399	6.5	0
942	377	6.6	0
911	357	6.7	0
877	329	6.8	0
868	322	6.9	0
868	322	7	0
868	322	7.1	0
820	352	7.2	0
710	428	7.3	0
687	376	7.4	0
553	332	7.5	0
547	332	7.6	0
567	380	7.7	0
515	385	7.8	0
513	385	7.9	0
513	385	8	0
521	389	8.1	0
521	389	8.2	0
533	391	8.3	0
533	391	8.4	0
533	391	8.5	0
533	391	8.6	0
534	391	8.7	0
534	393	8.8	0
534	420	8.9	0
529	429	9	0
526	429	9.1	0
496	387	9.2	0
495	371	9.3	0
503	371	9.4	0
538	392	9.5	0
562	405	9.6	0
574	413	9.7	0
584	424	9.8	0
584	424	9.9	0
628	531	10	0
734	540	10.1	0
770	543	10.2	0
748	521	10.3	0
612	441	10.4	0
536	387	10.5	0
521	371	10.6	0
493	371	10.7	0
520	393	10.8	0
521	394	10.9	0
524	384	11	0
521	371	11.1	0
505	368	11.2	0
504	382	11.3	0
508	397	11.4	0
538	397	11.5	0
538	395	11.6	0
518	386	11.7	0
516	385	11.8	0
512	385	11.9	0
491	383	12	0
501	383	12.1	0
518	386	12.2	0
628	450	12.3	0
702	479	12.4	0
786	505	12.5	0
810	523	12.6	0
895	617	12.7	0
896	690	12.8	0
890	715	12.9	0
892	685	13	0
932	668	13.1	0
935	668	13.2	0
915	670	13.3	0
915	663	13.4	0
915	663	13.5	0
916	671	13.6	0
925	677	13.7	0
929	639	13.8	0
929	639	13.9	0
917	634	14	0
917	634	14.1	0
917	634	14.2	0
925	634	14.3	0
925	634	14.4	0
925	634	14.5	0
853	636	14.6	0
826	604	14.7	0
826	604	14.8	0
862	688	14.9	0
862	708	15	0
838	656	15.1	0
838	655	15.2	0
835	653	15.3	0
779	624	15.4	0
723	570	15.5	0
720	468	15.6	0
720	456	15.7	0
860	598	15.8	0
998	669	15.9	0
976	655	16	0
910	599	16.1	0
865	580	16.2	0
872	628	16.3	0
881	718	16.4	0
878	697	16.5	0
872	589	16.6	0
912	533	16.7	0
914	525	16.8	0
911	522	16.9	0
902	545	17	0
902	635	17.1	0
900	721	17.2	0
881	729	17.3	0
853	712	17.4	0
844	703	17.5	0
782	623	17.6	0
766	607	17.7	0
766	607	17.8	0
760	601	17.9	0
715	581	18	0
689	580	18.1	0
633	608	18.2	0
611	640	18.3	0
565	650	18.4	0
510	648	18.5	0
501	630	18.6	0
501	630	18.7	0
507	640	18.8	0
508	648	18.9	0
529	602	19	0
625	665	19.1	0
670	662	19.2	0
664	636	19.3	0
625	620	19.4	0
541	544	19.5	0
502	492	19.6	0
530	512	19.7	0
578	562	19.8	0
626	598	19.9	0
698	642	20	0
736	654	20.1	0
744	655	20.2	0
682	637	20.3	0
598	579	20.4	0
567	467	20.5	0
549	450	20.6	0
479	413	20.7	0
472	347	20.8	0
500	347	20.9	0
525	373	21	0
524	385	21.1	0
515	403	21.2	0
525	433	21.3	0
529	450	21.4	0
524	390	21.5	0
511	386	21.6	0
489	385	21.7	0
472	383	21.8	0
492	383	21.9	0
534	386	22	0
534	386	22.1	0
525	389	22.2	0
504	389	22.3	0
501	388	22.4	0
501	386	22.5	0
501	385	22.6	0
501	385	22.7	0
519	385	22.8	0
523	386	22.9	0
523	387	23	0
523	388	23.1	0
523	388	23.2	0
522	385	23.3	0
522	382	23.4	0
522	380	23.5	0
522	379	23.6	0
546	380	23.7	0
546	380	23.8	0
545	385	23.9	0
509	388	24	0
509	388	24.1	0
521	388	24.2	0
533	393	24.3	0
532	396	24.4	0
514	394	24.5	0
507	390	24.6	0
507	390	24.7	0
507	390	24.8	0
485	385	24.9	0
476	384	25	0
486	404	25.1	0
520	432	25.2	0
547	435	25.3	0
549	412	25.4	0
581	423	25.5	0
619	455	25.6	0
653	481	25.7	0
663	483	25.8	0
657	484	25.9	0
549	426	26	0
521	403	26.1	0
519	382	26.2	0
607	442	26.3	0
629	455	26.4	0
697	479	26.5	0
765	525	26.6	0
765	525	26.7	0
755	526	26.8	0
705	516	26.9	0
579	463	27	0
541	395	27.1	0
522	375	27.2	0
480	392	27.3	0
480	413	27.4	0
555	457	27.5	0
541	385	27.6	0
485	360	27.7	0
474	359	27.8	0
488	367	27.9	0
498	377	28	0
522	386	28.1	0
525	388	28.2	0
531	412	28.3	0
489	413	28.4	0
482	408	28.5	0
489	370	28.6	0
491	355	28.7	0
524	353	28.8	0
532	353	28.9	0
532	353	29	0
536	377	29.1	0
556	398	29.2	0
561	413	29.3	0
537	413	29.4	0
483	411	29.5	0
457	411	29.6	0
439	409	29.7	0
426	400	29.8	0
470	392	29.9	0
475	390	30	0
481	373	30.1	0
481	359	30.2	0
479	345	30.3	0
477	343	30.4	0
478	345	30.5	0
502	369	30.6	0
504	370	30.7	0
504	370	30.8	0
505	370	30.9	0
534	376	31	0
563	379	31.1	0
565	366	31.2	0
551	367	31.3	0
513	368	31.4	0
511	368	31.5	0
541	394	31.6	0
493	392	31.7	0
485	391	31.8	0
513	413	31.9	0
515	414	32	0
529	415	32.1	0
529	412	32.2	0
529	394	32.3	0
528	374	32.4	0
528	374	32.5	0
522	373	32.6	0
472	367	32.7	0
471	367	32.8	0
493	389	32.9	0
495	397	33	0
497	405	33.1	0
501	418	33.2	0
514	441	33.3	0
514	442	33.4	0
514	438	33.5	0
514	435	33.6	0
514	413	33.7	0
514	394	33.8	0
514	394	33.9	0
514	392	34	0
500	391	34.1	0
493	388	34.2	0
486	379	34.3	0
512	377	34.4	0
513	377	34.5	0
502	374	34.6	0
501	374	34.7	0
511	386	34.8	0
522	390	34.9	0
525	391	35	0
525	391	35.1	0
525	391	35.2	0
525	391	35.3	0
525	391	35.4	0
525	391	35.5	0
525	391	35.6	0
525	391	35.7	0
525	391	35.8	0
525	391	35.9	0
525	393	36	0
524	393	36.1	0
513	392	36.2	0
511	391	36.3	0
501	378	36.4	0
499	362	36.5	0
497	358	36.6	0
484	366	36.7	0
481	383	36.8	0
481	395	36.9	0
491	413	37	0
513	414	37.1	0
515	412	37.2	0
518	398	37.3	0
518	395	37.4	0
503	381	37.5	0
490	377	37.6	0
490	371	37.7	0
492	366	37.8	0
496	363	37.9	0
506	361	38	0
506	361	38.1	0
507	361	38.2	0
520	361	38.3	0
531	361	38.4	0
533	363	38.5	0
533	366	38.6	0
533	368	38.7	0
533	369	38.8	0
529	372	38.9	0
518	377	39	0
518	379	39.1	0
518	380	39.2	0
516	390	39.3	0
515	392	39.4	0
515	392	39.5	0
515	392	39.6	0
515	392	39.7	0
515	392	39.8	0
515	392	39.9	0
515	392	40	0
515	392	40.1	0
515	396	40.2	0
513	400	40.3	0
471	400	40.4	0
480	370	40.5	0
505	359	40.6	0
514	359	40.7	0
542	357	40.8	0
614	299	40.9	0
617	283	41	0
631	253	41.1	0
755	141	41.2	0
757	119	41.3	0
757	119	41.4	0
905	245	41.5	0
947	109	41.6	0
913	5	41.7	0
847	52	41.8	0
795	78	41.9	0
727	76	42	0
675	61	42.1	0
583	167	42.2	0
584	215	42.3	0
583	227	42.4	0
545	361	42.5	0
544	375	42.6	0
530	369	42.7	0
495	356	42.8	0
520	434	42.9	0
566	438	43	0
536	386	43.1	0
511	284	43.2	0
543	240	43.3	0
581	225	43.4	0
616	254	43.5	0
623	278	43.6	0
645	296	43.7	0
630	286	43.8	0
571	243	43.9	0
571	237	44	0
625	202	44.1	0
625	202	44.2	0
629	204	44.3	0
703	190	44.4	0
811	46	44.5	0
786	44	44.6	0
746	77	44.7	0
798	101	44.8	0
862	62	44.9	0
862	2	45	0
861	1	45.1	0
862	35	45.2	0
897	85	45.3	0
929	84	45.4	0
981	79	45.5	0
981	77	45.6	0
977	82	45.7	0
976	130	45.8	0
975	164	45.9	0
957	172	46	0
920	82	46.1	0
881	63	46.2	0
831	63	46.3	0
787	74	46.4	0
749	75	46.5	0
721	66	46.6	0
665	50	46.7	0
603	50	46.8	0
572	50	46.9	0
560	48	47	0
504	37	47.1	0
466	34	47.2	0
422	43	47.3	0
392	81	47.4	0
393	81	47.5	0
365	51	47.6	0
345	46	47.7	0
331	45	47.8	0
265	56	47.9	0
247	59	48	0
236	80	48.1	0
230	104	48.2	0
326	110	48.3	0
351	78	48.4	0
363	74	48.5	0
455	170	48.6	0
555	216	48.7	0
621	208	48.8	0
651	194	48.9	0
721	192	49	0
771	192	49.1	0
785	176	49.2	0
837	179	49.3	0
856	180	49.4	0
896	106	49.5	0
876	62	49.6	0
860	59	49.7	0
859	107	49.8	0
943	127	49.9	0
1003	81	50	0
1004	65	50.1	0
986	64	50.2	0
972	74	50.3	0
970	82	50.4	0
970	83	50.5	0
969	107	50.6	0
969	135	50.7	0
969	141	50.8	0
970	142	50.9	0
970	142	51	0
968	142	51.1	0
957	142	51.2	0
955	142	51.3	0
955	142	51.4	0
963	126	51.5	0
961	92	51.6	0
940	74	51.7	0
938	75	51.8	0
938	75	51.9	0
938	75	52	0
936	23	52.1	0
928	5	52.2	0
900	20	52.3	0
897	70	52.4	0
893	74	52.5	0
876	81	52.6	0
893	138	52.7	0
915	145	52.8	0
877	89	52.9	0
791	71	53	0
772	159	53.1	0
624	255	53.2	0
518	333	53.3	0
520	377	53.4	0
546	384	53.5	0
568	368	53.6	0
536	348	53.7	0
504	369	53.8	0
504	388	53.9	0
542	442	54	0
480	427	54.1	0
478	405	54.2	0
495	393	54.3	0
511	384	54.4	0
522	382	54.5	0
522	382	54.6	0
529	391	54.7	0
518	391	54.8	0
512	375	54.9	0
510	372	55	0
510	372	55.1	0
518	372	55.2	0
525	375	55.3	0
525	389	55.4	0
521	406	55.5	0
532	419	55.6	0
536	419	55.7	0
543	394	55.8	0
523	370	55.9	0
498	366	56	0
498	372	56.1	0
499	386	56.2	0
500	395	56.3	0
496	404	56.4	0
486	405	56.5	0
486	405	56.6	0
484	395	56.7	0
484	381	56.8	0
487	378	56.9	0
497	379	57	0
513	386	57.1	0
519	389	57.2	0
525	389	57.3	0
525	389	57.4	0
529	389	57.5	0
539	392	57.6	0
543	394	57.7	0
543	414	57.8	0
516	429	57.9	0
505	401	58	0
506	385	58.1	0
525	382	58.2	0
540	380	58.3	0
539	379	58.4	0
517	368	58.5	0
485	365	58.6	0
470	365	58.7	0
472	385	58.8	0
480	402	58.9	0
497	404	59	0
498	404	59.1	0
515	382	59.2	0
516	377	59.3	0
494	362	59.4	0
480	362	59.5	0
480	378	59.6	0
490	396	59.7	0
505	401	59.8	0
512	401	59.9	0
521	401	60	0
522	401	60.1	0
526	402	60.2	0
529	406	60.3	0
532	421	60.4	0
538	441	60.5	0
541	445	60.6	0
541	446	60.7	0
588	488	60.8	0
644	499	60.9	0
766	527	61	0
802	544	61.1	0
782	543	61.2	0
698	501	61.3	0
584	437	61.4	0
576	399	61.5	0
575	397	61.6	0
523	394	61.7	0
500	393	61.8	0
512	393	61.9	0
582	441	62	0
666	515	62.1	0
722	551	62.2	0
676	552	62.3	0
592	442	62.4	0
566	423	62.5	0
524	367	62.6	0
524	367	62.7	0
496	379	62.8	0
484	386	62.9	0
484	386	63	0
501	389	63.1	0
503	390	63.2	0
504	392	63.3	0
508	398	63.4	0
509	398	63.5	0
510	398	63.6	0
510	398	63.7	0
511	398	63.8	0
512	398	63.9	0
514	399	64	0
514	399	64.1	0
514	399	64.2	0
514	399	64.3	0
514	399	64.4	0
514	399	64.5	0
512	420	64.6	0
548	468	64.7	0
588	568	64.8	0
588	568	64.9	0
574	558	65	0
570	542	65.1	0
570	542	65.2	0
570	542	65.3	0
570	542	65.4	0
570	542	65.5	0
570	542	65.6	0
570	542	65.7	0
563	506	65.8	0
537	456	65.9	0
523	442	66	0
523	442	66.1	0
523	442	66.2	0
523	442	66.3	0
523	442	66.4	0
523	442	66.5	0
523	442	66.6	0
523	442	66.7	0
521	436	66.8	0
516	427	66.9	0
510	419	67	0
509	417	67.1	0
487	415	67.2	0
473	371	67.3	0
497	362	67.4	0
519	394	67.5	0
519	411	67.6	0
533	457	67.7	0
601	571	67.8	0
637	593	67.9	0
791	675	68	0
863	646	68.1	0
814	580	68.2	0
710	548	68.3	0
563	428	68.4	0
563	408	68.5	0
491	376	68.6	0
482	375	68.7	0
496	389	68.8	0
550	421	68.9	0
552	422	69	0
512	391	69.1	0
492	377	69.2	0
480	373	69.3	0
477	371	69.4	0
517	397	69.5	0
567	424	69.6	0
562	405	69.7	0
504	373	69.8	0
472	368	69.9	0
488	388	70	0
513	407	70.1	0
491	407	70.2	0
461	395	70.3	0
461	394	70.4	0
473	389	70.5	0
481	379	70.6	0
488	370	70.7	0
491	367	70.8	0
532	370	70.9	0
537	383	71	0
509	389	71.1	0
482	393	71.2	0
479	394	71.3	0
553	434	71.4	0
576	423	71.5	0
636	315	71.6	0
668	273	71.7	0
660	281	71.8	0
636	359	71.9	0
664	342	72	0
738	248	72.1	0
747	170	72.2	0
747	128	72.3	0
737	128	72.4	0
727	128	72.5	0
763	133	72.6	0
745	152	72.7	0
637	274	72.8	0
607	330	72.9	0
557	341	73	0
523	342	73.1	0
503	353	73.2	0
534	405	73.3	0
559	407	73.4	0
537	385	73.5	0
495	357	73.6	0
493	365	73.7	0
529	393	73.8	0
571	420	73.9	0
542	402	74	0
503	391	74.1	0
491	391	74.2	0
457	393	74.3	0
451	393	74.4	0
436	360	74.5	0
438	351	74.6	0
458	353	74.7	0
492	364	74.8	0
528	371	74.9	0
553	373	75	0
556	374	75.1	0
556	374	75.2	0
534	374	75.3	0
510	410	75.4	0
504	418	75.5	0
506	386	75.6	0
514	373	75.7	0
514	373	75.8	0
470	361	75.9	0
461	361	76	0
470	385	76.1	0
502	390	76.2	0
509	391	76.3	0
509	391	76.4	0
509	391	76.5	0
509	391	76.6	0
509	391	76.7	0
509	391	76.8	0
509	391	76.9	0
509	391	77	0
509	391	77.1	0
509	391	77.2	0
509	391	77.3	0
509	379	77.4	0
509	377	77.5	0
509	377	77.6	0
509	377	77.7	0
539	383	77.8	0
541	383	77.9	0
542	386	78	0
528	393	78.1	0
498	392	78.2	0
495	390	78.3	0
492	387	78.4	0
492	384	78.5	0
493	382	78.6	0
506	381	78.7	0
532	381	78.8	0
538	383	78.9	0
539	385	79	0
537	387	79.1	0
515	387	79.2	0
508	387	79.3	0
508	387	79.4	0
508	384	79.5	0
536	381	79.6	0
658	329	79.7	0
686	259	79.8	0
688	163	79.9	0
673	151	80	0
611	233	80.1	0
582	319	80.2	0
538	320	80.3	0
535	320	80.4	0
538	348	80.5	0
537	370	80.6	0
533	389	80.7	0
529	389	80.8	0
525	386	80.9	0
524	377	81	0
524	374	81.1	0
524	373	81.2	0
524	373	81.3	0
524	373	81.4	0
524	373	81.5	0
524	373	81.6	0
520	376	81.7	0
507	380	81.8	0
507	380	81.9	0
506	380	82	0
507	390	82.1	0
510	391	82.2	0
513	392	82.3	0
520	392	82.4	0
520	392	82.5	0
519	383	82.6	0
508	382	82.7	0
482	379	82.8	0
481	378	82.9	0
481	378	83	0
487	378	83.1	0
505	381	83.2	0
519	382	83.3	0
523	382	83.4	0
524	384	83.5	0
550	391	83.6	0
573	395	83.7	0
581	381	83.8	0
585	367	83.9	0
567	367	84	0
537	369	84.1	0
537	369	84.2	0
537	372	84.3	0
507	393	84.4	0
499	394	84.5	0
497	394	84.6	0
515	368	84.7	0
516	360	84.8	0
516	360	84.9	0
517	358	85	0
520	355	85.1	0
520	355	85.2	0
540	358	85.3	0
549	361	85.4	0
553	364	85.5	0
553	372	85.6	0
553	376	85.7	0
553	381	85.8	0
549	386	85.9	0
525	389	86	0
503	390	86.1	0
499	390	86.2	0
497	390	86.3	0
485	393	86.4	0
484	394	86.5	0
484	402	86.6	0
486	407	86.7	0
495	413	86.8	0
507	416	86.9	0
517	418	87	0
531	420	87.1	0
544	421	87.2	0
546	421	87.3	0
547	421	87.4	0
547	422	87.5	0
547	427	87.6	0
557	446	87.7	0
571	462	87.8	0
573	465	87.9	0
579	467	88	0
579	467	88.1	0
593	477	88.2	0
635	496	88.3	0
636	496	88.4	0
636	496	88.5	0
640	497	88.6	0
649	499	88.7	0
649	499	88.8	0
585	468	88.9	0
533	414	89	0
513	392	89.1	0
505	384	89.2	0
561	411	89.3	0
593	439	89.4	0
637	471	89.5	0
691	503	89.6	0
751	547	89.7	0
821	589	89.8	0
883	584	89.9	0
883	506	90	0
881	499	90.1	0
879	499	90.2	0
837	523	90.3	0
843	617	90.4	0
795	666	90.5	0
776	666	90.6	0
766	666	90.7	0
766	665	90.8	0
762	643	90.9	0
761	637	91	0
761	636	91.1	0
721	618	91.2	0
637	568	91.3	0
593	526	91.4	0
577	480	91.5	0
575	463	91.6	0
611	489	91.7	0
648	517	91.8	0
652	537	91.9	0
634	541	92	0
633	540	92.1	0
619	536	92.2	0
601	506	92.3	0
582	494	92.4	0
581	491	92.5	0
581	451	92.6	0
581	441	92.7	0
581	439	92.8	0
589	437	92.9	0
597	437	93	0
631	442	93.1	0
650	455	93.2	0
668	489	93.3	0
668	521	93.4	0
659	549	93.5	0
651	552	93.6	0
631	551	93.7	0
617	548	93.8	0
613	547	93.9	0
561	543	94	0
543	542	94.1	0
542	542	94.2	0
504	534	94.3	0
479	533	94.4	0
443	532	94.5	0
451	544	94.6	0
487	570	94.7	0
517	576	94.8	0
520	566	94.9	0
543	500	95	0
543	484	95.1	0
551	473	95.2	0
580	471	95.3	0
587	471	95.4	0
619	475	95.5	0
642	505	95.6	0
634	525	95.7	0
612	527	95.8	0
592	519	95.9	0
601	471	96	0
603	463	96.1	0
608	458	96.2	0
616	436	96.3	0
617	427	96.4	0
618	409	96.5	0
617	406	96.6	0
593	398	96.7	0
590	396	96.8	0
590	394	96.9	0
590	393	97	0
650	411	97.1	0
677	435	97.2	0
646	471	97.3	0
614	479	97.4	0
570	452	97.5	0
532	432	97.6	0
509	408	97.7	0
506	395	97.8	0
506	355	97.9	0
507	355	98	0
510	355	98.1	0
536	366	98.2	0
566	386	98.3	0
566	403	98.4	0
543	415	98.5	0
534	415	98.6	0
522	413	98.7	0
496	405	98.8	0
484	402	98.9	0
474	402	99	0
471	402	99.1	0
471	401	99.2	0
471	395	99.3	0
474	391	99.4	0
476	389	99.5	0
476	389	99.6	0
486	385	99.7	0
488	384	99.8	0
502	382	99.9	0
520	382	100	0
548	383	100.1	0
548	383	100.2	0
548	383	100.3	0
553	388	100.4	0
554	391	100.5	0
554	402	100.6	0
554	406	100.7	0
554	413	100.8	0
552	417	100.9	0
540	417	101	0
527	415	101.1	0
515	410	101.2	0
514	409	101.3	0
501	408	101.4	0
498	408	101.5	0
493	404	101.6	0
490	399	101.7	0
490	398	101.8	0
478	408	101.9	0
475	413	102	0
475	415	102.1	0
475	433	102.2	0
476	491	102.3	0
481	531	102.4	0
483	561	102.5	0
494	599	102.6	0
550	527	102.7	0
543	469	102.8	0
523	413	102.9	0
503	398	103	0
479	376	103.1	0
478	344	103.2	0
478	342	103.3	0
526	360	103.4	0
558	365	103.5	0
592	366	103.6	0
596	367	103.7	0
602	369	103.8	0
684	433	103.9	0
766	454	104	0
778	455	104.1	0
808	433	104.2	0
818	432	104.3	0
824	431	104.4	0
736	438	104.5	0
628	413	104.6	0
560	391	104.7	0
520	386	104.8	0
503	386	104.9	0
549	426	105	0
562	421	105.1	0
566	383	105.2	0
520	363	105.3	0
496	360	105.4	0
498	362	105.5	0
544	394	105.6	0
570	420	105.7	0
620	440	105.8	0
680	452	105.9	0
688	454	106	0
688	456	106.1	0
665	459	106.2	0
587	441	106.3	0
547	413	106.4	0
517	383	106.5	0
499	375	106.6	0
498	375	106.7	0
496	376	106.8	0
495	388	106.9	0
495	400	107	0
516	411	107.1	0
542	413	107.2	0
546	406	107.3	0
546	400	107.4	0
544	386	107.5	0
544	368	107.6	0
544	357	107.7	0
544	340	107.8	0
544	332	107.9	0
544	322	108	0
544	320	108.1	0
544	319	108.2	0
533	353	108.3	0
507	371	108.4	0
493	374	108.5	0
491	374	108.6	0
505	382	108.7	0
524	395	108.8	0
535	395	108.9	0
539	392	109	0
540	389	109.1	0
500	382	109.2	0
482	380	109.3	0
478	380	109.4	0
506	410	109.5	0
516	416	109.6	0
556	402	109.7	0
578	400	109.8	0
598	392	109.9	0
598	392	110	0
598	392	110.1	0
599	380	110.2	0
592	352	110.3	0
556	350	110.4	0
522	361	110.5	0
517	364	110.6	0
517	364	110.7	0
517	395	110.8	0
520	429	110.9	0
521	433	111	0
521	434	111.1	0
519	434	111.2	0
518	427	111.3	0
516	398	111.4	0
516	374	111.5	0
516	366	111.6	0
498	388	111.7	0
496	394	111.8	0
495	397	111.9	0
495	397	112	0
495	397	112.1	0
495	396	112.2	0
495	396	112.3	0
495	396	112.4	0
495	396	112.5	0
495	396	112.6	0
484	402	112.7	0
470	403	112.8	0
470	397	112.9	0
496	371	113	0
498	371	113.1	0
505	379	113.2	0
529	390	113.3	0
542	392	113.4	0
549	392	113.5	0
562	393	113.6	0
586	396	113.7	0
602	398	113.8	0
602	398	113.9	0
592	402	114	0
554	402	114.1	0
528	402	114.2	0
509	399	114.3	0
504	396	114.4	0
503	382	114.5	0
504	361	114.6	0
535	303	114.7	0
547	257	114.8	0
551	250	114.9	0
567	210	115	0
583	182	115.1	0
583	179	115.2	0
583	177	115.3	0
579	158	115.4	0
543	96	115.5	0
501	94	115.6	0
482	122	115.7	0
490	122	115.8	0
504	116	115.9	0
513	112	116	0
519	112	116.1	0
555	122	116.2	0
575	133	116.3	0
599	158	116.4	0
608	202	116.5	0
608	218	116.6	0
606	258	116.7	0
604	286	116.8	0
604	288	116.9	0
601	292	117	0
573	304	117.1	0
559	332	117.2	0
523	353	117.3	0
506	355	117.4	0
506	355	117.5	0
544	371	117.6	0
578	380	117.7	0
581	380	117.8	0
589	377	117.9	0
600	350	118	0
632	284	118.1	0
639	246	118.2	0
639	232	118.3	0
707	178	118.4	0
707	178	118.5	0
671	178	118.6	0
651	237	118.7	0
670	339	118.8	0
673	365	118.9	0
677	358	119	0
681	353	119.1	0
705	323	119.2	0
708	313	119.3	0
738	253	119.4	0
738	209	119.5	0
737	185	119.6	0
737	155	119.7	0
737	148	119.8	0
695	148	119.9	0
684	148	120	0
720	140	120.1	0
769	128	120.2	0
797	110	120.3	0
867	85	120.4	0
881	83	120.5	0
872	29	120.6	0
828	51	120.7	0
828	135	120.8	0
854	197	120.9	0
886	271	121	0
889	281	121.1	0
875	225	121.2	0
821	215	121.3	0
779	195	121.4	0
760	167	121.5	0
745	157	121.6	0
735	155	121.7	0
725	152	121.8	0
721	164	121.9	0
721	178	122	0
721	230	122.1	0
722	240	122.2	0
722	240	122.3	0
721	152	122.4	0
750	120	122.5	0
780	119	122.6	0
798	171	122.7	0
798	198	122.8	0
758	193	122.9	0
724	190	123	0
694	194	123.1	0
694	232	123.2	0
713	266	123.3	0
743	271	123.4	0
773	293	123.5	0
788	341	123.6	0
789	379	123.7	0
787	392	123.8	0
783	392	123.9	0
755	369	124	0
752	319	124.1	0
759	265	124.2	0
762	253	124.3	0
785	217	124.4	0
795	157	124.5	0
777	139	124.6	0
751	132	124.7	0
732	142	124.8	0
734	164	124.9	0
786	191	125	0
798	193	125.1	0
838	219	125.2	0
857	263	125.3	0
857	287	125.4	0
838	300	125.5	0
827	304	125.6	0
808	317	125.7	0
807	320	125.8	0
790	286	125.9	0
789	238	126	0
765	170	126.1	0
707	147	126.2	0
700	182	126.3	0
724	284	126.4	0
727	312	126.5	0
710	316	126.6	0
708	342	126.7	0
709	362	126.8	0
615	362	126.9	0
587	362	127	0
551	361	127.1	0
539	362	127.2	0
567	373	127.3	0
561	376	127.4	0
503	380	127.5	0
504	381	127.6	0
515	390	127.7	0
525	392	127.8	0
515	393	127.9	0
507	393	128	0
507	393	128.1	0
522	397	128.2	0
532	400	128.3	0
512	389	128.4	0
496	395	128.5	0
495	383	128.6	0
495	383	128.7	0
495	383	128.8	0
495	390	128.9	0
521	393	129	0
541	398	129.1	0
545	399	129.2	0
553	399	129.3	0
612	404	129.4	0
704	386	129.5	0
756	345	129.6	0
776	201	129.7	0
770	152	129.8	0
767	150	129.9	0
767	150	130	0
815	168	130.1	0
817	168	130.2	0
816	148	130.3	0
780	140	130.4	0
742	152	130.5	0
743	220	130.6	0
756	274	130.7	0
778	300	130.8	0
794	316	130.9	0
810	319	131	0
812	319	131.1	0
815	265	131.2	0
788	213	131.3	0
758	139	131.4	0
743	128	131.5	0
697	120	131.6	0
659	116	131.7	0
627	111	131.8	0
579	101	131.9	0
499	104	132	0
473	106	132.1	0
473	106	132.2	0
474	110	132.3	0
467	110	132.4	0
433	107	132.5	0
401	104	132.6	0
393	101	132.7	0
393	100	132.8	0
443	108	132.9	0
503	112	133	0
567	112	133.1	0
597	111	133.2	0
647	120	133.3	0
673	123	133.4	0
733	126	133.5	0
783	134	133.6	0
815	145	133.7	0
815	155	133.8	0
827	173	133.9	0
881	219	134	0
882	285	134.1	0
882	325	134.2	0
867	427	134.3	0
867	449	134.4	0
876	479	134.5	0
890	489	134.6	0
883	473	134.7	0
879	421	134.8	0
878	413	134.9	0
878	413	135	0
878	405	135.1	0
877	353	135.2	0
854	313	135.3	0
830	277	135.4	0
796	260	135.5	0
788	259	135.6	0
786	287	135.7	0
773	349	135.8	0
697	411	135.9	0
633	419	136	0
581	389	136.1	0
547	379	136.2	0
546	375	136.3	0
502	370	136.4	0
500	326	136.5	0
516	285	136.6	0
564	347	136.7	0
546	381	136.8	0
520	390	136.9	0
496	404	137	0
510	426	137.1	0
529	438	137.2	0
541	420	137.3	0
515	408	137.4	0
501	404	137.5	0
500	380	137.6	0
500	371	137.7	0
500	371	137.8	0
516	371	137.9	0
535	374	138	0
540	377	138.1	0
541	386	138.2	0
529	387	138.3	0
497	387	138.4	0
493	390	138.5	0
493	398	138.6	0
517	415	138.7	0
543	416	138.8	0
542	408	138.9	0
506	392	139	0
492	386	139.1	0
489	354	139.2	0
491	346	139.3	0
496	346	139.4	0
504	356	139.5	0
506	376	139.6	0
504	384	139.7	0
499	401	139.8	0
500	427	139.9	0
546	433	140	0
552	434	140.1	0
529	408	140.2	0
505	398	140.3	0
502	396	140.4	0
502	350	140.5	0
502	348	140.6	0
520	348	140.7	0
538	356	140.8	0
540	368	140.9	0
536	379	141	0
534	389	141.1	0
520	403	141.2	0
490	407	141.3	0
489	407	141.4	0
507	417	141.5	0
527	419	141.6	0
540	420	141.7	0
530	416	141.8	0
496	409	141.9	0
488	399	142	0
488	377	142.1	0
488	357	142.2	0
496	353	142.3	0
499	352	142.4	0
535	356	142.5	0
539	359	142.6	0
524	365	142.7	0
502	365	142.8	0
484	368	142.9	0
472	370	143	0
492	377	143.1	0
506	387	143.2	0
517	391	143.3	0
524	404	143.4	0
528	430	143.5	0
529	437	143.6	0
529	437	143.7	0
527	437	143.8	0
512	424	143.9	0
509	380	144	0
510	369	144.1	0
510	369	144.2	0
511	383	144.3	0
513	411	144.4	0
513	412	144.5	0
477	414	144.6	0
471	414	144.7	0
485	413	144.8	0
511	413	144.9	0
522	406	145	0
522	398	145.1	0
519	380	145.2	0
513	370	145.3	0
512	354	145.4	0
512	343	145.5	0
513	330	145.6	0
534	312	145.7	0
553	305	145.8	0
555	285	145.9	0
555	285	146	0
555	283	146.1	0
554	283	146.2	0
554	301	146.3	0
534	377	146.4	0
513	377	146.5	0
511	342	146.6	0
532	298	146.7	0
532	297	146.8	0
531	357	146.9	0
531	360	147	0
513	363	147.1	0
489	377	147.2	0
490	383	147.3	0
526	405	147.4	0
530	406	147.5	0
531	402	147.6	0
527	378	147.7	0
511	366	147.8	0
511	366	147.9	0
511	366	148	0
511	366	148.1	0
511	366	148.2	0
511	366	148.3	0
511	366	148.4	0
511	366	148.5	0
511	366	148.6	0
511	366	148.7	0
512	369	148.8	0
513	378	148.9	0
510	381	149	0
501	383	149.1	0
500	383	149.2	0
501	381	149.3	0
513	381	149.4	0
538	381	149.5	0
541	381	149.6	0
567	375	149.7	0
575	374	149.8	0
569	374	149.9	0
531	374	150	0
513	374	150.1	0
500	374	150.2	0
500	374	150.3	0
500	374	150.4	0
500	374	150.5	0
506	373	150.6	0
532	370	150.7	0
535	368	150.8	0
535	364	150.9	0
535	363	151	0
535	362	151.1	0
535	362	151.2	0
535	362	151.3	0
535	362	151.4	0
535	362	151.5	0
535	362	151.6	0
535	362	151.7	0
535	362	151.8	0
535	362	151.9	0
535	362	152	0
535	362	152.1	0
535	362	152.2	0
545	344	152.3	0
582	272	152.4	0
592	208	152.5	0
592	208	152.6	0
592	208	152.7	0
642	206	152.8	0
645	205	152.9	0
664	167	153	0
664	134	153.1	0
665	131	153.2	0
666	131	153.3	0
667	158	153.4	0
613	252	153.5	0
612	274	153.6	0
570	334	153.7	0
549	337	153.8	0
540	336	153.9	0
536	343	154	0
537	370	154.1	0
538	373	154.2	0
498	372	154.3	0
470	367	154.4	0
488	372	154.5	0
518	384	154.6	0
520	384	154.7	0
521	384	154.8	0
520	373	154.9	0
499	363	155	0
490	362	155.1	0
488	364	155.2	0
488	373	155.3	0
491	390	155.4	0
496	404	155.5	0
504	406	155.6	0
505	406	155.7	0
523	406	155.8	0
531	408	155.9	0
538	409	156	0
538	409	156.1	0
538	409	156.2	0
530	409	156.3	0
522	395	156.4	0
518	368	156.5	0
518	366	156.6	0
518	366	156.7	0
518	366	156.8	0
518	366	156.9	0
518	366	157	0
519	374	157.1	0
523	390	157.2	0
525	394	157.3	0
525	395	157.4	0
527	418	157.5	0
527	418	157.6	0
499	417	157.7	0
464	403	157.8	0
463	401	157.9	0
463	391	158	0
463	389	158.1	0
463	389	158.2	0
465	389	158.3	0
483	387	158.4	0
485	386	158.5	0
490	385	158.6	0
497	384	158.7	0
497	384	158.8	0
511	384	158.9	0
512	384	159	0
516	384	159.1	0
520	384	159.2	0
521	384	159.3	0
521	384	159.4	0
521	384	159.5	0
521	384	159.6	0
521	384	159.7	0
531	384	159.8	0
533	384	159.9	0
541	384	160	0
567	382	160.1	0
567	374	160.2	0
559	358	160.3	0
544	335	160.4	0
558	281	160.5	0
558	271	160.6	0
551	280	160.7	0
593	284	160.8	0
594	291	160.9	0
592	335	161	0
590	344	161.1	0
570	350	161.2	0
548	353	161.3	0
542	354	161.4	0
522	368	161.5	0
535	415	161.6	0
589	398	161.7	0
552	370	161.8	0
492	360	161.9	0
476	359	162	0
466	357	162.1	0
484	380	162.2	0
494	405	162.3	0
518	408	162.4	0
529	410	162.5	0
529	410	162.6	0
528	410	162.7	0
526	408	162.8	0
517	405	162.9	0
490	385	163	0
490	385	163.1	0
498	385	163.2	0
528	385	163.3	0
528	385	163.4	0
528	385	163.5	0
521	369	163.6	0
497	359	163.7	0
495	359	163.8	0
496	378	163.9	0
516	395	164	0
533	414	164.1	0
533	428	164.2	0
523	456	164.3	0
523	457	164.4	0
515	447	164.5	0
513	393	164.6	0
513	388	164.7	0
513	388	164.8	0
486	377	164.9	0
485	380	165	0
495	402	165.1	0
510	405	165.2	0
519	406	165.3	0
521	406	165.4	0
541	421	165.5	0
565	436	165.6	0
552	437	165.7	0
506	409	165.8	0
504	406	165.9	0
504	406	166	0
504	398	166.1	0
504	398	166.2	0
504	397	166.3	0
505	396	166.4	0
509	395	166.5	0
514	395	166.6	0
528	395	166.7	0
529	395	166.8	0
529	396	166.9	0
514	398	167	0
511	398	167.1	0
506	398	167.2	0
488	394	167.3	0
482	392	167.4	0
482	390	167.5	0
487	374	167.6	0
488	373	167.7	0
495	370	167.8	0
499	367	167.9	0
499	366	168	0
500	366	168.1	0
502	364	168.2	0
512	363	168.3	0
536	363	168.4	0
581	345	168.5	0
617	314	168.6	0
735	204	168.7	0
743	171	168.8	0
738	77	168.9	0
820	47	169	0
904	56	169.1	0
913	104	169.2	0
914	166	169.3	0
890	166	169.4	0
850	146	169.5	0
812	147	169.6	0
786	147	169.7	0
784	178	169.8	0
791	196	169.9	0
764	216	170	0
743	219	170.1	0
699	202	170.2	0
655	200	170.3	0
653	259	170.4	0
652	269	170.5	0
674	269	170.6	0
692	270	170.7	0
614	251	170.8	0
510	225	170.9	0
454	206	171	0
394	203	171.1	0
343	203	171.2	0
343	203	171.3	0
343	219	171.4	0
319	227	171.5	0
298	261	171.6	0
301	297	171.7	0
300	327	171.8	0
299	349	171.9	0
296	403	172	0
295	443	172.1	0
311	446	172.2	0
391	474	172.3	0
439	483	172.4	0
491	502	172.5	0
534	513	172.6	0
590	543	172.7	0
648	544	172.8	0
680	507	172.9	0
680	497	173	0
680	385	173.1	0
662	351	173.2	0
618	297	173.3	0
566	245	173.4	0
555	195	173.5	0
527	193	173.6	0
507	193	173.7	0
491	193	173.8	0
467	195	173.9	0
425	194	174	0
414	204	174.1	0
382	288	174.2	0
388	289	174.3	0
416	319	174.4	0
418	343	174.5	0
420	373	174.6	0
419	393	174.7	0
403	427	174.8	0
396	434	174.9	0
384	464	175	0
383	486	175.1	0
389	512	175.2	0
411	548	175.3	0
441	558	175.4	0
443	559	175.5	0
474	519	175.6	0
490	453	175.7	0
490	415	175.8	0
459	386	175.9	0
455	378	176	0
458	376	176.1	0
476	378	176.2	0
501	388	176.3	0
521	392	176.4	0
524	398	176.5	0
526	422	176.6	0
526	423	176.7	0
525	445	176.8	0
525	448	176.9	0
525	440	177	0
521	422	177.1	0
515	394	177.2	0
495	380	177.3	0
465	379	177.4	0
436	380	177.5	0
457	414	177.6	0
479	430	177.7	0
493	432	177.8	0
494	432	177.9	0
530	406	178	0
521	374	178.1	0
515	358	178.2	0
514	357	178.3	0
499	371	178.4	0
498	381	178.5	0
510	409	178.6	0
517	412	178.7	0
534	422	178.8	0
544	461	178.9	0
582	511	179	0
591	527	179.1	0
619	571	179.2	0
671	582	179.3	0
701	584	179.4	0
717	587	179.5	0
718	587	179.6	0
746	587	179.7	0
764	586	179.8	0
775	580	179.9	0
787	556	180	0
788	532	180.1	0
790	482	180.2	0
790	479	180.3	0
792	411	180.4	0
780	400	180.5	0
724	372	180.6	0
706	348	180.7	0
705	286	180.8	0
702	248	180.9	0
678	214	181	0
640	198	181.1	0
602	195	181.2	0
560	184	181.3	0
506	159	181.4	0
458	134	181.5	0
444	133	181.6	0
412	133	181.7	0
380	169	181.8	0
363	206	181.9	0
346	208	182	0
302	218	182.1	0
298	276	182.2	0
294	308	182.3	0
312	350	182.4	0
318	390	182.5	0
280	408	182.6	0
255	441	182.7	0
277	454	182.8	0
297	460	182.9	0
299	488	183	0
282	560	183.1	0
286	586	183.2	0
334	599	183.3	0
366	603	183.4	0
390	605	183.5	0
410	619	183.6	0
435	657	183.7	0
481	651	183.8	0
488	649	183.9	0
500	650	184	0
544	659	184.1	0
598	660	184.2	0
624	638	184.3	0
641	627	184.4	0
697	633	184.5	0
751	631	184.6	0
762	609	184.7	0
763	559	184.8	0
763	558	184.9	0
763	556	185	0
765	464	185.1	0
765	440	185.2	0
764	392	185.3	0
762	370	185.4	0
762	334	185.5	0
751	310	185.6	0
725	309	185.7	0
717	309	185.8	0
705	281	185.9	0
655	215	186	0
619	212	186.1	0
620	226	186.2	0
638	258	186.3	0
645	292	186.4	0
646	334	186.5	0
644	361	186.6	0
608	376	186.7	0
572	378	186.8	0
561	378	186.9	0
561	378	187	0
562	386	187.1	0
560	442	187.2	0
558	457	187.3	0
558	457	187.4	0
508	404	187.5	0
507	391	187.6	0
507	391	187.7	0
519	469	187.8	0
547	525	187.9	0
550	543	188	0
542	533	188.1	0
494	465	188.2	0
492	413	188.3	0
493	389	188.4	0
508	378	188.5	0
524	380	188.6	0
558	398	188.7	0
561	400	188.8	0
561	400	188.9	0
557	436	189	0
544	438	189.1	0
519	406	189.2	0
517	404	189.3	0
517	404	189.4	0
507	404	189.5	0
505	404	189.6	0
501	404	189.7	0
500	404	189.8	0
498	404	189.9	0
498	405	190	0
498	405	190.1	0
498	405	190.2	0
498	405	190.3	0
498	405	190.4	0
498	405	190.5	0
498	405	190.6	0
480	405	190.7	0
450	405	190.8	0
424	419	190.9	0
442	450	191	0
490	453	191.1	0
484	423	191.2	0
462	416	191.3	0
459	416	191.4	0
453	398	191.5	0
453	389	191.6	0
483	381	191.7	0
484	381	191.8	0
523	379	191.9	0
538	379	192	0
552	382	192.1	0
560	383	192.2	0
558	385	192.3	0
557	415	192.4	0
559	420	192.5	0
562	428	192.6	0
562	454	192.7	0
566	496	192.8	0
602	570	192.9	0
656	622	193	0
663	624	193.1	0
663	624	193.2	0
663	623	193.3	0
660	612	193.4	0
622	591	193.5	0
592	549	193.6	0
517	441	193.7	0
517	441	193.8	0
516	419	193.9	0
516	371	194	0
516	371	194.1	0
516	409	194.2	0
516	417	194.3	0
508	411	194.4	0
496	369	194.5	0
496	355	194.6	0
528	355	194.7	0
551	356	194.8	0
552	369	194.9	0
530	385	195	0
501	387	195.1	0
500	387	195.2	0
485	414	195.3	0
484	429	195.4	0
542	433	195.5	0
532	406	195.6	0
506	389	195.7	0
502	371	195.8	0
502	348	195.9	0
504	340	196	0
504	340	196.1	0
506	348	196.2	0
518	358	196.3	0
517	368	196.4	0
507	381	196.5	0
504	384	196.6	0
488	394	196.7	0
487	400	196.8	0
511	405	196.9	0
523	407	197	0
543	407	197.1	0
541	403	197.2	0
513	402	197.3	0
499	396	197.4	0
495	362	197.5	0
496	350	197.6	0
516	344	197.7	0
525	343	197.8	0
525	361	197.9	0
519	370	198	0
495	379	198.1	0
493	380	198.2	0
494	398	198.3	0
494	415	198.4	0
502	423	198.5	0
520	426	198.6	0
524	426	198.7	0
533	411	198.8	0
534	409	198.9	0
