#EXP	Sun Feb 27 19:55:01 2000		
X	Y	TIME	CLICK
512	384	0	0
511	365	0.1	0
511	365	0.2	0
510	365	0.3	0
510	365	0.4	0
510	365	0.5	0
510	365	0.6	0
510	365	0.7	0
540	349	0.8	0
553	335	0.9	0
562	297	1	0
562	294	1.1	0
562	293	1.2	0
559	296	1.3	0
556	298	1.4	0
556	299	1.5	0
555	300	1.6	0
555	301	1.7	0
555	301	1.8	0
555	301	1.9	0
555	301	2	0
555	301	2.1	0
555	301	2.2	0
555	301	2.3	0
555	301	2.4	0
555	301	2.5	0
555	301	2.6	0
555	301	2.7	0
555	301	2.8	0
555	301	2.9	0
555	301	3	0
555	301	3.1	0
555	301	3.2	0
555	301	3.3	0
555	301	3.4	0
555	301	3.5	0
555	301	3.6	0
555	301	3.7	0
555	301	3.8	0
555	301	3.9	0
555	301	4	0
555	304	4.1	0
555	304	4.2	0
555	304	4.3	0
555	304	4.4	0
555	304	4.5	0
555	304	4.6	0
555	304	4.7	0
555	304	4.8	0
555	304	4.9	0
555	304	5	0
555	304	5.1	0
557	304	5.2	0
557	304	5.3	0
557	304	5.4	0
557	304	5.5	0
558	304	5.6	0
558	304	5.7	0
558	304	5.8	0
558	304	5.9	0
558	304	6	0
558	304	6.1	0
558	304	6.2	0
558	304	6.3	0
558	294	6.4	0
558	293	6.5	0
558	293	6.6	0
558	293	6.7	0
556	293	6.8	0
551	298	6.9	0
550	324	7	0
550	327	7.1	0
550	328	7.2	0
550	328	7.3	0
551	331	7.4	0
551	336	7.5	0
554	341	7.6	0
554	341	7.7	0
554	341	7.8	0
554	341	7.9	0
570	346	8	0
572	347	8.1	0
572	349	8.2	0
570	365	8.3	0
563	395	8.4	0
558	407	8.5	0
542	425	8.6	0
528	435	8.7	0
521	440	8.8	0
513	444	8.9	0
510	445	9	0
506	445	9.1	0
488	444	9.2	0
479	438	9.3	0
477	424	9.4	0
472	398	9.5	0
471	392	9.6	0
456	377	9.7	0
455	376	9.8	0
455	354	9.9	0
458	330	10	0
473	298	10.1	0
489	288	10.2	0
491	287	10.3	0
494	287	10.4	0
520	297	10.5	0
543	310	10.6	0
551	313	10.7	0
567	328	10.8	0
568	330	10.9	0
568	335	11	0
568	340	11.1	0
569	341	11.2	0
569	363	11.3	0
570	397	11.4	0
570	421	11.5	0
568	429	11.6	0
566	431	11.7	0
560	436	11.8	0
549	442	11.9	0
536	448	12	0
525	453	12.1	0
519	455	12.2	0
514	456	12.3	0
490	456	12.4	0
474	456	12.5	0
461	456	12.6	0
461	455	12.7	0
460	448	12.8	0
457	432	12.9	0
457	414	13	0
457	408	13.1	0
457	380	13.2	0
457	365	13.3	0
457	343	13.4	0
458	329	13.5	0
462	324	13.6	0
466	321	13.7	0
471	318	13.8	0
495	313	13.9	0
502	310	14	0
514	309	14.1	0
520	309	14.2	0
530	309	14.3	0
550	311	14.4	0
572	330	14.5	0
574	336	14.6	0
576	358	14.7	0
576	380	14.8	0
576	390	14.9	0
576	395	15	0
573	400	15.1	0
570	410	15.2	0
567	414	15.3	0
563	419	15.4	0
560	424	15.5	0
555	430	15.6	0
554	432	15.7	0
550	434	15.8	0
544	435	15.9	0
532	439	16	0
500	469	16.1	0
489	473	16.2	0
481	473	16.3	0
472	473	16.4	0
470	464	16.5	0
468	434	16.6	0
453	402	16.7	0
423	370	16.8	0
417	362	16.9	0
418	336	17	0
424	306	17.1	0
431	291	17.2	0
447	284	17.3	0
455	280	17.4	0
473	276	17.5	0
495	276	17.6	0
507	275	17.7	0
516	274	17.8	0
526	274	17.9	0
550	273	18	0
574	271	18.1	0
586	271	18.2	0
591	271	18.3	0
592	279	18.4	0
599	290	18.5	0
598	304	18.6	0
595	311	18.7	0
594	314	18.8	0
593	317	18.9	0
593	319	19	0
593	325	19.1	0
603	342	19.2	0
603	343	19.3	0
605	344	19.4	0
619	344	19.5	0
657	353	19.6	0
705	367	19.7	0
719	367	19.8	0
735	354	19.9	0
743	304	20	0
744	278	20.1	0
744	258	20.2	0
723	230	20.3	0
704	200	20.4	0
674	188	20.5	0
646	185	20.6	0
632	183	20.7	0
604	182	20.8	0
588	181	20.9	0
570	181	21	0
548	184	21.1	0
518	196	21.2	0
486	208	21.3	0
474	210	21.4	0
462	211	21.5	0
442	216	21.6	0
419	232	21.7	0
416	252	21.8	0
416	264	21.9	0
413	267	22	0
401	273	22.1	0
396	283	22.2	0
392	292	22.3	0
376	312	22.4	0
359	332	22.5	0
357	332	22.6	0
354	336	22.7	0
349	343	22.8	0
345	354	22.9	0
343	359	23	0
343	377	23.1	0
343	395	23.2	0
345	404	23.3	0
366	430	23.4	0
372	437	23.5	0
373	439	23.6	0
379	451	23.7	0
389	466	23.8	0
394	476	23.9	0
406	488	24	0
437	509	24.1	0
456	513	24.2	0
478	513	24.3	0
492	514	24.4	0
513	515	24.5	0
519	515	24.6	0
524	515	24.7	0
534	515	24.8	0
548	515	24.9	0
566	515	25	0
569	515	25.1	0
578	515	25.2	0
587	515	25.3	0
599	514	25.4	0
617	515	25.5	0
653	515	25.6	0
675	512	25.7	0
703	494	25.8	0
718	464	25.9	0
722	432	26	0
723	412	26.1	0
724	384	26.2	0
724	364	26.3	0
725	358	26.4	0
725	346	26.5	0
723	338	26.6	0
716	316	26.7	0
715	312	26.8	0
715	309	26.9	0
711	291	27	0
708	286	27.1	0
697	264	27.2	0
692	254	27.3	0
676	245	27.4	0
667	242	27.5	0
663	235	27.6	0
662	221	27.7	0
662	200	27.8	0
662	200	27.9	0
661	200	28	0
660	199	28.1	0
660	199	28.2	0
655	199	28.3	0
650	199	28.4	0
637	196	28.5	0
597	180	28.6	0
561	180	28.7	0
513	183	28.8	0
491	183	28.9	0
487	183	29	0
487	184	29.1	0
473	184	29.2	0
447	195	29.3	0
441	205	29.4	0
435	211	29.5	0
415	235	29.6	0
410	239	29.7	0
384	253	29.8	0
364	258	29.9	0
360	260	30	0
344	275	30.1	0
334	282	30.2	0
327	293	30.3	0
323	303	30.4	0
322	320	30.5	0
319	326	30.6	0
318	332	30.7	0
317	334	30.8	0
317	337	30.9	0
316	338	31	0
316	342	31.1	0
316	354	31.2	0
316	357	31.3	0
314	360	31.4	0
310	366	31.5	0
295	396	31.6	0
295	406	31.7	0
298	430	31.8	0
298	431	31.9	0
322	457	32	0
328	464	32.1	0
346	473	32.2	0
347	474	32.3	0
365	474	32.4	0
395	470	32.5	0
400	457	32.6	0
407	425	32.7	0
398	395	32.8	0
398	367	32.9	0
407	341	33	0
422	323	33.1	0
448	305	33.2	0
463	295	33.3	0
491	279	33.4	0
506	267	33.5	0
512	264	33.6	0
514	263	33.7	0
516	261	33.8	0
517	260	33.9	0
517	259	34	0
517	259	34.1	0
525	259	34.2	0
533	260	34.3	0
563	266	34.4	0
595	272	34.5	0
612	286	34.6	0
627	342	34.7	0
626	444	34.8	0
596	504	34.9	0
570	506	35	0
546	506	35.1	0
510	507	35.2	0
454	525	35.3	0
436	527	35.4	0
431	528	35.5	0
419	529	35.6	0
397	531	35.7	0
384	531	35.8	0
376	530	35.9	0
373	527	36	0
349	512	36.1	0
346	507	36.2	0
341	502	36.3	0
317	482	36.4	0
307	458	36.5	0
306	440	36.6	0
306	430	36.7	0
303	406	36.8	0
302	388	36.9	0
302	374	37	0
302	373	37.1	0
302	373	37.2	0
302	373	37.3	0
302	373	37.4	0
303	373	37.5	0
313	373	37.6	0
355	375	37.7	0
437	361	37.8	0
473	331	37.9	0
479	309	38	0
481	306	38.1	0
481	308	38.2	0
482	317	38.3	0
487	317	38.4	0
498	317	38.5	0
528	317	38.6	0
556	321	38.7	0
559	325	38.8	0
559	355	38.9	0
559	383	39	0
556	399	39.1	0
549	403	39.2	0
532	423	39.3	0
520	431	39.4	0
496	435	39.5	0
476	435	39.6	0
461	433	39.7	0
458	428	39.8	0
456	420	39.9	0
455	414	40	0
449	406	40.1	0
446	395	40.2	0
443	381	40.3	0
443	376	40.4	0
442	372	40.5	0
441	352	40.6	0
441	338	40.7	0
441	320	40.8	0
444	308	40.9	0
444	306	41	0
444	306	41.1	0
444	306	41.2	0
446	305	41.3	0
448	303	41.4	0
450	301	41.5	0
451	299	41.6	0
455	293	41.7	0
456	289	41.8	0
457	287	41.9	0
458	285	42	0
459	284	42.1	0
461	283	42.2	0
462	282	42.3	0
464	281	42.4	0
465	281	42.5	0
466	280	42.6	0
468	279	42.7	0
469	278	42.8	0
472	276	42.9	0
482	273	43	0
487	269	43.1	0
490	264	43.2	0
492	262	43.3	0
497	257	43.4	0
499	254	43.5	0
504	244	43.6	0
509	233	43.7	0
511	231	43.8	0
516	228	43.9	0
523	227	44	0
539	226	44.1	0
556	225	44.2	0
558	225	44.3	0
558	225	44.4	0
558	225	44.5	0
558	225	44.6	0
558	226	44.7	0
558	228	44.8	0
558	231	44.9	0
558	233	45	0
558	249	45.1	0
558	263	45.2	0
558	287	45.3	0
558	290	45.4	0
558	290	45.5	0
574	290	45.6	0
584	292	45.7	0
584	293	45.8	0
585	301	45.9	0
591	329	46	0
593	359	46.1	0
593	389	46.2	0
592	393	46.3	0
590	395	46.4	0
586	401	46.5	0
581	408	46.6	0
576	418	46.7	0
565	438	46.8	0
547	458	46.9	0
529	469	47	0
515	472	47.1	0
493	474	47.2	0
477	475	47.3	0
451	475	47.4	0
427	472	47.5	0
423	470	47.6	0
420	460	47.7	0
415	454	47.8	0
398	433	47.9	0
385	415	48	0
381	403	48.1	0
381	389	48.2	0
381	359	48.3	0
385	329	48.4	0
393	301	48.5	0
405	281	48.6	0
411	276	48.7	0
416	274	48.8	0
426	271	48.9	0
442	265	49	0
462	260	49.1	0
468	257	49.2	0
471	256	49.3	0
473	256	49.4	0
480	256	49.5	0
483	257	49.6	0
491	258	49.7	0
502	258	49.8	0
504	259	49.9	0
526	277	50	0
531	280	50.1	0
531	280	50.2	0
555	289	50.3	0
572	297	50.4	0
580	300	50.5	0
581	306	50.6	0
581	316	50.7	0
581	328	50.8	0
581	344	50.9	0
581	352	51	0
582	378	51.1	0
584	390	51.2	0
585	412	51.3	0
585	415	51.4	0
586	425	51.5	0
586	430	51.6	0
586	434	51.7	0
581	439	51.8	0
576	449	51.9	0
568	462	52	0
562	468	52.1	0
557	471	52.2	0
553	474	52.3	0
551	475	52.4	0
548	476	52.5	0
546	476	52.6	0
540	477	52.7	0
535	477	52.8	0
534	477	52.9	0
530	477	53	0
527	477	53.1	0
524	477	53.2	0
521	477	53.3	0
519	477	53.4	0
519	477	53.5	0
519	477	53.6	0
519	477	53.7	0
519	477	53.8	0
519	477	53.9	0
519	477	54	0
519	477	54.1	0
519	478	54.2	0
519	478	54.3	0
521	480	54.4	0
523	480	54.5	0
523	480	54.6	0
527	483	54.7	0
527	483	54.8	0
539	485	54.9	1
536	486	55	0
531	486	55.1	0
514	483	55.2	0
494	475	55.3	0
406	507	55.4	0
334	533	55.5	0
302	581	55.6	0
144	699	55.7	0
133	716	55.8	0
103	740	55.9	0
100	738	56	0
98	734	56.1	0
98	734	56.2	0
112	734	56.3	1
112	734	56.4	1
109	734	56.5	0
109	734	56.6	0
109	734	56.7	0
109	734	56.8	0
109	734	56.9	0
109	734	57	0
115	734	57.1	0
116	734	57.2	0
129	734	57.3	1
130	734	57.4	1
130	731	57.5	0
130	731	57.6	0
130	731	57.7	0
130	730	57.8	0
130	717	57.9	0
141	693	58	0
150	686	58.1	0
164	676	58.2	0
238	666	58.3	0
564	748	58.4	0
604	748	58.5	0
632	748	58.6	0
748	748	58.7	0
878	748	58.8	0
888	748	58.9	0
908	748	59	0
944	748	59.1	0
962	748	59.2	0
1023	748	59.3	0
1023	748	59.4	0
1003	747	59.5	0
991	735	59.6	0
991	735	59.7	0
991	735	59.8	0
991	735	59.9	0
991	735	60	0
