#EXP	Wed Mar 01 19:53:34 2000		
X	Y	TIME	CLICK
400	300	0	0
400	276	0.1	0
403	269	0.2	0
404	245	0.3	0
404	189	0.4	0
369	139	0.5	0
361	133	0.6	0
361	133	0.7	0
361	133	0.8	0
361	134	0.9	0
361	134	1	0
361	134	1.1	0
361	135	1.2	0
360	168	1.3	0
360	168	1.4	0
348	174	1.5	0
346	175	1.6	0
346	176	1.7	0
350	177	1.8	0
351	180	1.9	0
351	180	2	0
351	180	2.1	0
351	180	2.2	0
351	180	2.3	0
351	180	2.4	0
351	181	2.5	0
351	201	2.6	0
353	206	2.7	0
373	217	2.8	0
385	218	2.9	0
386	220	3	0
386	226	3.1	0
386	263	3.2	0
387	271	3.3	0
397	271	3.4	0
397	271	3.5	0
397	271	3.6	0
397	270	3.7	0
395	264	3.8	0
395	264	3.9	0
395	264	4	0
395	264	4.1	0
395	264	4.2	0
395	264	4.3	0
395	264	4.4	0
395	264	4.5	0
396	264	4.6	0
396	264	4.7	0
396	264	4.8	0
396	264	4.9	0
396	264	5	0
396	264	5.1	0
399	264	5.2	0
413	268	5.3	0
415	268	5.4	0
414	261	5.5	0
374	229	5.6	0
332	223	5.7	0
322	220	5.8	0
322	220	5.9	0
322	220	6	0
322	220	6.1	0
322	220	6.2	0
322	220	6.3	0
322	220	6.4	0
322	220	6.5	0
322	220	6.6	0
322	220	6.7	0
322	220	6.8	0
322	220	6.9	0
322	220	7	0
322	220	7.1	0
322	220	7.2	0
322	220	7.3	0
322	220	7.4	0
322	220	7.5	0
322	220	7.6	0
322	220	7.7	0
322	220	7.8	0
322	220	7.9	0
322	220	8	0
322	220	8.1	0
322	220	8.2	0
322	220	8.3	0
322	220	8.4	0
322	220	8.5	0
322	220	8.6	0
322	220	8.7	0
322	220	8.8	0
322	220	8.9	0
322	220	9	0
322	220	9.1	0
322	220	9.2	0
322	220	9.3	0
322	220	9.4	0
322	220	9.5	0
322	220	9.6	0
322	220	9.7	0
322	220	9.8	0
322	220	9.9	0
322	220	10	0
322	220	10.1	0
322	220	10.2	0
322	220	10.3	0
322	220	10.4	0
322	220	10.5	0
322	220	10.6	0
322	220	10.7	0
322	220	10.8	0
322	220	10.9	0
322	220	11	0
322	220	11.1	0
322	220	11.2	0
322	220	11.3	0
322	220	11.4	0
322	220	11.5	0
322	220	11.6	0
322	220	11.7	0
322	220	11.8	0
322	220	11.9	0
322	220	12	0
322	220	12.1	0
322	220	12.2	0
322	220	12.3	0
322	220	12.4	0
322	220	12.5	0
322	220	12.6	0
322	220	12.7	0
322	220	12.8	0
322	220	12.9	0
322	220	13	0
322	220	13.1	0
322	220	13.2	0
322	220	13.3	0
322	220	13.4	0
322	220	13.5	0
322	220	13.6	0
322	220	13.7	0
322	220	13.8	0
322	220	13.9	0
322	220	14	0
322	220	14.1	0
322	220	14.2	0
322	220	14.3	0
323	220	14.4	0
379	244	14.5	0
401	258	14.6	0
401	263	14.7	0
355	257	14.8	0
286	205	14.9	0
283	193	15	0
283	193	15.1	0
283	193	15.2	0
291	216	15.3	0
291	216	15.4	0
288	213	15.5	0
282	202	15.6	0
281	200	15.7	0
270	196	15.8	0
262	193	15.9	0
230	185	16	0
230	185	16.1	0
177	106	16.2	0
140	52	16.3	0
140	52	16.4	0
140	52	16.5	0
140	52	16.6	0
140	52	16.7	0
140	52	16.8	0
140	51	16.9	0
140	35	17	0
140	31	17.1	0
140	31	17.2	0
143	36	17.3	0
143	36	17.4	0
143	36	17.5	0
145	40	17.6	0
145	41	17.7	0
145	41	17.8	0
146	44	17.9	0
146	45	18	0
146	45	18.1	0
146	45	18.2	0
146	45	18.3	0
147	45	18.4	0
149	48	18.5	0
149	48	18.6	0
149	48	18.7	0
275	152	18.8	0
373	240	18.9	0
381	246	19	0
380	254	19.1	0
368	257	19.2	0
363	257	19.3	0
361	257	19.4	0
348	257	19.5	0
332	257	19.6	0
332	257	19.7	0
330	257	19.8	0
330	256	19.9	0
332	254	20	0
333	253	20.1	0
333	253	20.2	0
333	253	20.3	0
343	252	20.4	0
351	251	20.5	0
351	251	20.6	0
351	251	20.7	0
351	251	20.8	0
351	251	20.9	0
351	251	21	0
351	251	21.1	0
351	251	21.2	0
351	251	21.3	0
351	251	21.4	0
351	251	21.5	1
351	251	21.6	0
351	251	21.7	0
351	251	21.8	0
351	250	21.9	0
347	240	22	0
347	240	22.1	0
347	240	22.2	0
347	240	22.3	0
347	240	22.4	0
347	241	22.5	0
347	242	22.6	0
347	243	22.7	0
347	243	22.8	0
347	243	22.9	0
347	243	23	0
347	243	23.1	0
347	243	23.2	0
347	243	23.3	0
347	243	23.4	0
347	243	23.5	0
347	243	23.6	0
347	243	23.7	0
347	243	23.8	0
347	243	23.9	0
347	243	24	0
347	243	24.1	0
347	243	24.2	0
347	243	24.3	0
347	243	24.4	0
347	243	24.5	0
347	243	24.6	0
347	243	24.7	0
347	243	24.8	0
345	243	24.9	0
345	243	25	0
345	243	25.1	0
345	243	25.2	0
345	243	25.3	0
348	245	25.4	0
348	245	25.5	0
349	245	25.6	0
349	245	25.7	0
349	245	25.8	0
349	245	25.9	0
349	245	26	0
349	245	26.1	0
349	245	26.2	0
349	246	26.3	0
349	246	26.4	0
349	246	26.5	0
349	246	26.6	0
349	246	26.7	0
349	246	26.8	0
349	248	26.9	0
349	248	27	0
349	248	27.1	0
349	248	27.2	0
349	248	27.3	0
349	248	27.4	0
349	248	27.5	0
349	248	27.6	0
349	248	27.7	0
349	248	27.8	0
349	248	27.9	0
349	248	28	0
349	248	28.1	0
349	248	28.2	0
349	248	28.3	0
349	248	28.4	0
349	248	28.5	0
349	248	28.6	0
349	248	28.7	0
349	248	28.8	0
349	248	28.9	1
349	248	29	1
349	248	29.1	1
349	248	29.2	1
349	248	29.3	1
349	248	29.4	0
356	258	29.5	0
373	277	29.6	0
375	280	29.7	0
375	280	29.8	0
375	280	29.9	0
375	280	30	0
375	280	30.1	0
375	280	30.2	0
373	280	30.3	0
354	267	30.4	0
351	261	30.5	0
350	258	30.6	0
350	258	30.7	0
350	258	30.8	0
350	257	30.9	0
350	251	31	0
350	251	31.1	0
350	251	31.2	0
350	251	31.3	0
350	251	31.4	0
350	251	31.5	0
350	251	31.6	0
350	251	31.7	0
350	251	31.8	0
350	251	31.9	0
350	251	32	0
350	251	32.1	0
350	251	32.2	0
350	251	32.3	0
350	251	32.4	0
350	251	32.5	0
350	251	32.6	0
350	251	32.7	0
350	251	32.8	0
350	251	32.9	0
350	251	33	0
350	251	33.1	0
350	251	33.2	0
350	251	33.3	0
350	251	33.4	0
350	251	33.5	0
350	251	33.6	0
350	251	33.7	0
350	251	33.8	0
350	251	33.9	0
350	251	34	0
350	251	34.1	0
350	251	34.2	0
350	251	34.3	0
350	251	34.4	0
350	251	34.5	0
350	251	34.6	0
350	251	34.7	0
350	251	34.8	0
350	251	34.9	0
350	251	35	0
350	251	35.1	0
350	251	35.2	0
350	251	35.3	0
350	251	35.4	0
350	251	35.5	0
350	251	35.6	0
350	251	35.7	0
350	251	35.8	0
350	251	35.9	0
350	251	36	0
350	251	36.1	0
350	251	36.2	0
350	251	36.3	0
350	251	36.4	0
350	251	36.5	0
350	251	36.6	0
350	251	36.7	0
350	251	36.8	0
350	251	36.9	0
350	251	37	0
350	251	37.1	0
350	251	37.2	0
350	251	37.3	0
350	251	37.4	0
350	251	37.5	0
350	251	37.6	0
350	251	37.7	0
350	251	37.8	0
350	251	37.9	0
350	251	38	0
350	251	38.1	0
350	251	38.2	0
350	251	38.3	0
350	251	38.4	0
350	251	38.5	0
350	251	38.6	0
350	251	38.7	0
350	251	38.8	0
350	251	38.9	0
350	251	39	0
350	251	39.1	0
350	251	39.2	0
350	251	39.3	0
350	251	39.4	0
350	251	39.5	0
350	251	39.6	0
350	251	39.7	0
350	251	39.8	0
350	251	39.9	0
350	251	40	0
350	251	40.1	0
350	251	40.2	0
350	251	40.3	0
350	251	40.4	0
350	251	40.5	0
350	251	40.6	0
350	251	40.7	0
350	251	40.8	0
350	251	40.9	0
350	251	41	0
350	251	41.1	0
350	251	41.2	0
350	251	41.3	0
350	251	41.4	0
350	251	41.5	0
350	251	41.6	0
350	251	41.7	0
350	251	41.8	0
350	251	41.9	0
350	251	42	0
350	251	42.1	0
350	251	42.2	0
350	251	42.3	0
350	251	42.4	0
350	251	42.5	0
350	251	42.6	0
350	251	42.7	0
350	251	42.8	0
350	251	42.9	0
350	251	43	0
350	251	43.1	0
350	251	43.2	0
350	251	43.3	0
350	251	43.4	0
350	251	43.5	0
350	251	43.6	0
350	251	43.7	0
350	251	43.8	0
350	251	43.9	0
334	220	44	0
300	160	44.1	0
244	66	44.2	0
206	36	44.3	0
202	36	44.4	0
197	40	44.5	0
190	47	44.6	0
188	50	44.7	0
187	50	44.8	0
186	51	44.9	0
185	54	45	0
185	54	45.1	0
184	55	45.2	0
183	57	45.3	0
183	57	45.4	0
182	60	45.5	0
181	63	45.6	0
181	63	45.7	0
181	66	45.8	0
181	66	45.9	0
181	66	46	0
181	66	46.1	0
181	66	46.2	0
181	66	46.3	0
181	66	46.4	0
181	66	46.5	0
181	66	46.6	0
181	66	46.7	0
181	66	46.8	0
181	66	46.9	0
181	66	47	0
181	66	47.1	0
181	66	47.2	0
242	110	47.3	0
286	162	47.4	0
312	199	47.5	0
319	229	47.6	0
321	236	47.7	0
321	237	47.8	0
324	243	47.9	0
326	244	48	0
335	252	48.1	0
342	255	48.2	0
342	254	48.3	0
339	251	48.4	0
336	249	48.5	0
336	249	48.6	0
336	249	48.7	0
336	249	48.8	0
336	249	48.9	0
336	249	49	0
336	249	49.1	0
336	249	49.2	0
336	249	49.3	0
336	249	49.4	0
336	249	49.5	0
336	249	49.6	0
336	249	49.7	0
336	249	49.8	0
336	249	49.9	0
336	249	50	0
336	249	50.1	0
336	249	50.2	0
336	249	50.3	0
336	249	50.4	0
336	249	50.5	0
336	249	50.6	0
336	249	50.7	0
336	249	50.8	0
336	249	50.9	0
336	249	51	0
336	249	51.1	0
336	249	51.2	0
336	249	51.3	0
336	249	51.4	0
336	249	51.5	0
336	249	51.6	0
336	249	51.7	0
336	249	51.8	0
336	249	51.9	0
336	249	52	0
336	249	52.1	0
336	249	52.2	0
336	249	52.3	0
336	249	52.4	0
336	249	52.5	0
336	249	52.6	0
336	249	52.7	0
336	249	52.8	0
336	249	52.9	0
336	249	53	0
336	249	53.1	0
336	249	53.2	0
336	249	53.3	0
336	249	53.4	0
336	249	53.5	0
336	249	53.6	0
336	249	53.7	0
336	249	53.8	0
336	249	53.9	0
336	249	54	0
336	249	54.1	0
336	249	54.2	0
336	249	54.3	0
336	249	54.4	0
336	249	54.5	0
336	249	54.6	0
336	249	54.7	0
336	249	54.8	0
336	249	54.9	0
336	249	55	0
336	249	55.1	0
336	249	55.2	0
336	249	55.3	0
336	249	55.4	0
336	249	55.5	0
336	249	55.6	0
336	249	55.7	0
336	249	55.8	0
336	249	55.9	0
336	249	56	0
336	249	56.1	0
336	249	56.2	0
336	249	56.3	0
336	249	56.4	0
336	249	56.5	0
336	249	56.6	0
336	249	56.7	0
336	249	56.8	0
336	249	56.9	0
336	249	57	0
336	249	57.1	0
336	249	57.2	0
336	249	57.3	0
336	249	57.4	0
336	249	57.5	0
336	249	57.6	0
336	249	57.7	0
336	249	57.8	0
336	249	57.9	0
336	249	58	0
336	249	58.1	0
336	249	58.2	0
336	249	58.3	0
336	249	58.4	0
336	249	58.5	0
336	249	58.6	0
336	249	58.7	0
336	249	58.8	0
336	249	58.9	0
336	249	59	0
336	249	59.1	0
336	249	59.2	0
336	249	59.3	0
336	249	59.4	0
336	249	59.5	0
336	249	59.6	0
336	249	59.7	0
336	249	59.8	0
336	249	59.9	0
336	249	60	0
336	249	60.1	0
336	249	60.2	0
336	249	60.3	0
336	249	60.4	0
336	249	60.5	0
336	249	60.6	0
336	249	60.7	0
336	249	60.8	0
336	249	60.9	0
336	249	61	0
336	249	61.1	0
336	249	61.2	0
336	249	61.3	0
336	249	61.4	0
336	249	61.5	0
336	249	61.6	0
336	249	61.7	0
336	249	61.8	0
336	249	61.9	0
336	249	62	0
336	249	62.1	0
336	249	62.2	0
336	249	62.3	0
336	249	62.4	0
336	249	62.5	0
336	249	62.6	0
336	249	62.7	0
336	249	62.8	0
336	249	62.9	0
336	249	63	0
336	249	63.1	0
336	249	63.2	0
336	249	63.3	0
336	249	63.4	0
336	249	63.5	0
336	249	63.6	0
336	249	63.7	0
336	249	63.8	0
336	249	63.9	0
336	249	64	0
336	249	64.1	0
336	249	64.2	0
336	249	64.3	0
336	249	64.4	0
336	249	64.5	0
336	249	64.6	0
336	249	64.7	0
336	249	64.8	0
336	249	64.9	0
336	249	65	0
336	249	65.1	0
336	249	65.2	0
336	249	65.3	0
336	249	65.4	0
336	249	65.5	0
336	249	65.6	0
336	249	65.7	0
336	249	65.8	0
336	249	65.9	0
336	249	66	0
336	249	66.1	0
336	249	66.2	0
336	249	66.3	0
336	249	66.4	0
336	249	66.5	0
336	249	66.6	0
336	249	66.7	0
336	249	66.8	0
336	249	66.9	0
336	249	67	0
336	249	67.1	0
336	249	67.2	0
336	249	67.3	0
336	249	67.4	0
336	249	67.5	0
336	249	67.6	0
336	249	67.7	0
336	249	67.8	0
336	249	67.9	0
336	249	68	0
336	249	68.1	0
336	249	68.2	0
336	249	68.3	0
336	249	68.4	0
336	249	68.5	0
336	249	68.6	0
336	249	68.7	0
336	249	68.8	0
336	249	68.9	0
336	249	69	0
336	249	69.1	0
336	249	69.2	0
336	249	69.3	0
336	249	69.4	0
336	249	69.5	0
336	249	69.6	0
336	249	69.7	0
336	249	69.8	0
336	249	69.9	0
336	249	70	0
336	249	70.1	0
336	249	70.2	0
336	249	70.3	0
336	249	70.4	0
333	220	70.5	0
329	213	70.6	0
318	207	70.7	0
302	199	70.8	0
294	192	70.9	0
264	160	71	0
220	116	71.1	0
160	56	71.2	0
160	55	71.3	0
160	55	71.4	0
160	55	71.5	0
160	55	71.6	0
160	55	71.7	0
160	55	71.8	0
160	55	71.9	0
160	55	72	0
160	55	72.1	0
160	55	72.2	0
160	55	72.3	0
160	55	72.4	0
160	55	72.5	0
160	55	72.6	0
160	55	72.7	0
160	55	72.8	0
160	55	72.9	0
160	55	73	0
160	55	73.1	0
160	55	73.2	0
160	55	73.3	0
160	55	73.4	0
160	55	73.5	0
160	55	73.6	0
160	55	73.7	0
160	55	73.8	0
160	55	73.9	0
160	55	74	0
160	55	74.1	0
160	55	74.2	0
160	55	74.3	0
160	55	74.4	0
160	55	74.5	0
160	55	74.6	0
160	55	74.7	0
160	55	74.8	0
160	56	74.9	0
181	108	75	0
182	119	75.1	0
222	179	75.2	0
264	216	75.3	0
280	228	75.4	0
283	230	75.5	0
325	258	75.6	0
330	261	75.7	0
330	261	75.8	0
332	255	75.9	0
332	255	76	0
332	255	76.1	0
332	255	76.2	0
332	255	76.3	0
332	255	76.4	0
332	255	76.5	0
332	253	76.6	0
332	253	76.7	0
332	253	76.8	0
332	253	76.9	0
332	253	77	0
332	253	77.1	0
332	253	77.2	0
332	253	77.3	0
332	253	77.4	0
332	253	77.5	0
332	253	77.6	0
332	253	77.7	0
332	253	77.8	0
332	253	77.9	0
332	253	78	0
332	253	78.1	0
332	253	78.2	0
332	253	78.3	0
332	253	78.4	0
332	253	78.5	0
332	253	78.6	0
332	253	78.7	0
332	253	78.8	0
332	253	78.9	0
332	253	79	0
332	253	79.1	0
332	253	79.2	0
332	253	79.3	0
332	253	79.4	0
332	253	79.5	0
332	253	79.6	0
332	253	79.7	0
332	253	79.8	0
332	253	79.9	0
332	253	80	0
332	253	80.1	0
332	253	80.2	0
332	253	80.3	0
332	253	80.4	0
332	253	80.5	0
332	253	80.6	0
332	253	80.7	0
332	253	80.8	0
332	253	80.9	0
332	253	81	0
332	253	81.1	0
332	253	81.2	0
332	253	81.3	0
332	253	81.4	0
332	253	81.5	0
332	253	81.6	0
332	253	81.7	0
332	253	81.8	0
332	253	81.9	0
332	253	82	0
332	253	82.1	0
332	253	82.2	0
332	253	82.3	0
332	253	82.4	0
332	253	82.5	0
332	253	82.6	0
332	253	82.7	0
332	253	82.8	0
332	253	82.9	0
332	253	83	0
332	253	83.1	0
332	253	83.2	0
332	253	83.3	0
332	253	83.4	0
332	253	83.5	0
332	253	83.6	0
332	253	83.7	0
332	253	83.8	0
332	253	83.9	0
332	253	84	0
332	253	84.1	0
332	253	84.2	0
332	253	84.3	0
332	253	84.4	0
332	253	84.5	0
332	253	84.6	0
332	253	84.7	0
332	253	84.8	0
332	253	84.9	0
332	253	85	0
332	253	85.1	0
332	253	85.2	0
332	253	85.3	0
332	253	85.4	0
332	253	85.5	0
332	253	85.6	0
332	253	85.7	0
332	253	85.8	0
332	253	85.9	0
332	253	86	0
332	253	86.1	0
332	253	86.2	0
332	253	86.3	0
332	253	86.4	0
332	253	86.5	0
332	253	86.6	0
332	253	86.7	0
332	253	86.8	0
332	253	86.9	0
332	253	87	0
332	253	87.1	0
332	253	87.2	0
332	253	87.3	0
332	253	87.4	0
332	253	87.5	0
332	253	87.6	0
332	253	87.7	0
332	253	87.8	0
332	253	87.9	0
332	253	88	0
332	253	88.1	0
332	253	88.2	0
332	253	88.3	0
332	253	88.4	0
332	253	88.5	0
332	253	88.6	0
332	253	88.7	0
332	253	88.8	0
332	253	88.9	0
332	253	89	0
332	253	89.1	0
332	253	89.2	0
332	253	89.3	0
332	253	89.4	0
332	253	89.5	0
332	253	89.6	0
332	253	89.7	0
332	253	89.8	0
332	253	89.9	0
332	253	90	0
332	253	90.1	0
332	253	90.2	0
332	253	90.3	0
332	253	90.4	0
332	253	90.5	0
332	253	90.6	0
332	253	90.7	0
332	253	90.8	0
332	253	90.9	0
332	253	91	0
332	253	91.1	0
332	253	91.2	0
332	253	91.3	0
332	253	91.4	0
332	253	91.5	0
332	253	91.6	0
332	253	91.7	0
332	253	91.8	0
332	253	91.9	0
332	253	92	0
332	253	92.1	0
332	253	92.2	0
332	253	92.3	0
332	253	92.4	0
332	253	92.5	0
332	253	92.6	0
332	253	92.7	0
332	253	92.8	0
332	253	92.9	0
332	253	93	0
332	253	93.1	0
332	253	93.2	0
332	253	93.3	0
332	253	93.4	0
332	253	93.5	0
332	253	93.6	0
332	253	93.7	0
332	253	93.8	0
332	253	93.9	0
332	253	94	0
332	253	94.1	0
332	253	94.2	0
332	253	94.3	0
332	253	94.4	0
332	253	94.5	0
332	253	94.6	0
332	253	94.7	0
332	253	94.8	0
332	253	94.9	0
332	253	95	0
332	253	95.1	0
332	253	95.2	0
332	253	95.3	0
332	253	95.4	0
332	253	95.5	0
332	253	95.6	0
332	253	95.7	0
332	253	95.8	0
332	253	95.9	0
332	253	96	0
332	253	96.1	0
332	253	96.2	0
332	253	96.3	0
332	253	96.4	0
332	253	96.5	0
332	253	96.6	0
332	253	96.7	0
332	253	96.8	0
332	253	96.9	0
332	253	97	0
332	253	97.1	0
332	253	97.2	0
332	253	97.3	0
332	253	97.4	0
332	253	97.5	0
332	253	97.6	0
332	253	97.7	0
332	253	97.8	0
332	253	97.9	0
332	253	98	0
332	253	98.1	0
332	253	98.2	0
332	253	98.3	0
332	253	98.4	0
332	253	98.5	0
332	253	98.6	0
332	253	98.7	0
332	253	98.8	0
332	253	98.9	0
332	253	99	0
332	253	99.1	0
332	253	99.2	0
332	253	99.3	0
332	253	99.4	0
332	253	99.5	0
332	253	99.6	0
332	253	99.7	0
332	253	99.8	0
332	253	99.9	0
332	253	100	0
332	253	100.1	0
332	253	100.2	0
332	253	100.3	0
332	253	100.4	0
332	253	100.5	0
332	253	100.6	0
332	253	100.7	0
332	253	100.8	0
332	253	100.9	0
332	253	101	0
332	253	101.1	0
332	253	101.2	0
332	253	101.3	0
332	253	101.4	0
332	253	101.5	0
332	253	101.6	0
332	253	101.7	0
332	253	101.8	0
332	253	101.9	0
332	253	102	0
332	253	102.1	0
332	253	102.2	0
332	253	102.3	0
332	253	102.4	0
332	253	102.5	0
332	253	102.6	0
332	253	102.7	0
332	253	102.8	0
332	253	102.9	0
332	253	103	0
332	253	103.1	0
332	253	103.2	0
332	253	103.3	0
332	253	103.4	0
332	253	103.5	0
332	253	103.6	0
332	253	103.7	0
332	253	103.8	0
332	253	103.9	0
332	253	104	0
332	253	104.1	0
332	253	104.2	0
332	253	104.3	0
332	253	104.4	0
332	253	104.5	0
332	253	104.6	0
332	253	104.7	0
332	253	104.8	0
332	253	104.9	0
332	253	105	0
332	253	105.1	0
332	253	105.2	0
332	253	105.3	0
332	253	105.4	0
332	253	105.5	0
332	253	105.6	0
332	253	105.7	0
332	253	105.8	0
332	253	105.9	0
332	253	106	0
332	253	106.1	0
332	253	106.2	0
332	253	106.3	0
332	253	106.4	0
332	253	106.5	0
332	253	106.6	0
332	253	106.7	0
332	253	106.8	0
332	253	106.9	0
332	253	107	0
332	253	107.1	0
332	253	107.2	0
332	253	107.3	0
332	253	107.4	0
332	253	107.5	0
332	253	107.6	0
332	253	107.7	0
332	253	107.8	0
332	253	107.9	0
332	253	108	0
332	253	108.1	0
332	253	108.2	0
332	253	108.3	0
332	253	108.4	0
332	253	108.5	0
332	253	108.6	0
332	253	108.7	0
332	253	108.8	0
332	253	108.9	0
332	253	109	0
332	253	109.1	0
332	253	109.2	0
332	253	109.3	0
332	253	109.4	0
332	253	109.5	0
332	253	109.6	0
332	253	109.7	0
332	253	109.8	0
332	253	109.9	0
332	253	110	0
332	253	110.1	0
332	253	110.2	0
332	253	110.3	0
332	253	110.4	0
332	253	110.5	0
332	253	110.6	0
332	253	110.7	0
332	253	110.8	0
332	253	110.9	0
332	253	111	0
332	253	111.1	0
332	253	111.2	0
332	253	111.3	0
332	253	111.4	0
332	253	111.5	0
332	253	111.6	0
332	253	111.7	0
332	253	111.8	0
332	253	111.9	0
332	253	112	0
332	253	112.1	0
332	253	112.2	0
332	253	112.3	0
332	253	112.4	0
332	253	112.5	0
332	253	112.6	0
332	253	112.7	0
332	253	112.8	0
332	253	112.9	0
332	253	113	0
332	253	113.1	0
332	253	113.2	0
332	253	113.3	0
332	253	113.4	0
332	253	113.5	0
332	253	113.6	0
332	253	113.7	0
332	253	113.8	0
332	253	113.9	0
332	253	114	0
332	253	114.1	0
332	253	114.2	0
332	253	114.3	0
332	253	114.4	0
332	253	114.5	0
332	253	114.6	0
332	253	114.7	0
332	253	114.8	0
332	253	114.9	0
332	253	115	0
332	253	115.1	0
332	253	115.2	0
332	253	115.3	0
332	253	115.4	0
332	253	115.5	0
332	253	115.6	0
332	253	115.7	0
332	253	115.8	0
332	253	115.9	0
332	253	116	0
332	253	116.1	0
332	253	116.2	0
332	253	116.3	0
332	253	116.4	0
332	253	116.5	0
332	253	116.6	0
332	253	116.7	0
332	253	116.8	0
332	253	116.9	0
332	253	117	0
332	253	117.1	0
332	253	117.2	0
332	253	117.3	0
332	253	117.4	0
332	253	117.5	0
332	253	117.6	0
332	253	117.7	0
332	253	117.8	0
332	253	117.9	0
332	253	118	1
332	253	118.1	0
332	253	118.2	0
332	253	118.3	0
332	253	118.4	0
332	253	118.5	0
332	253	118.6	0
332	253	118.7	0
332	253	118.8	0
332	253	118.9	0
332	253	119	0
332	253	119.1	0
332	253	119.2	0
332	253	119.3	0
332	253	119.4	0
332	253	119.5	0
332	253	119.6	0
332	253	119.7	0
332	253	119.8	0
332	253	119.9	0
332	253	120	0
332	253	120.1	0
332	253	120.2	0
332	253	120.3	0
332	253	120.4	0
332	253	120.5	0
332	253	120.6	0
332	253	120.7	0
332	253	120.8	0
332	253	120.9	0
332	253	121	0
332	253	121.1	0
332	253	121.2	0
332	253	121.3	0
332	253	121.4	0
332	253	121.5	0
332	253	121.6	0
332	253	121.7	0
332	253	121.8	0
332	253	121.9	0
332	253	122	0
332	253	122.1	0
332	253	122.2	0
332	253	122.3	0
332	253	122.4	0
332	253	122.5	0
332	253	122.6	0
332	253	122.7	0
332	253	122.8	0
332	253	122.9	0
332	253	123	0
332	253	123.1	0
332	253	123.2	0
332	253	123.3	0
332	253	123.4	0
332	253	123.5	0
332	253	123.6	0
332	253	123.7	0
332	253	123.8	0
332	253	123.9	0
332	253	124	0
332	253	124.1	0
332	253	124.2	0
332	253	124.3	0
332	253	124.4	0
332	253	124.5	0
332	253	124.6	0
332	253	124.7	0
332	253	124.8	0
332	253	124.9	0
332	253	125	0
332	253	125.1	0
332	253	125.2	0
332	253	125.3	0
332	253	125.4	0
332	253	125.5	0
332	253	125.6	0
332	253	125.7	0
332	253	125.8	0
332	253	125.9	0
332	253	126	0
332	253	126.1	0
332	253	126.2	0
332	253	126.3	0
332	253	126.4	0
332	253	126.5	0
332	253	126.6	0
332	253	126.7	0
332	253	126.8	0
332	253	126.9	0
332	253	127	0
332	253	127.1	0
332	253	127.2	0
332	253	127.3	0
332	253	127.4	0
332	253	127.5	0
332	253	127.6	0
332	253	127.7	0
332	253	127.8	0
332	253	127.9	0
332	253	128	0
332	253	128.1	0
332	253	128.2	0
332	253	128.3	0
332	253	128.4	0
332	253	128.5	0
332	253	128.6	0
332	253	128.7	0
332	253	128.8	0
332	253	128.9	0
332	253	129	0
332	253	129.1	0
332	253	129.2	0
332	253	129.3	0
332	253	129.4	0
332	253	129.5	0
332	253	129.6	0
332	253	129.7	0
332	253	129.8	0
332	253	129.9	0
332	253	130	0
332	253	130.1	0
332	253	130.2	0
332	253	130.3	0
332	253	130.4	0
332	253	130.5	0
332	253	130.6	0
332	253	130.7	0
332	253	130.8	0
332	253	130.9	0
332	253	131	0
332	253	131.1	0
332	253	131.2	0
332	253	131.3	0
332	253	131.4	0
332	253	131.5	0
332	253	131.6	0
332	253	131.7	0
332	253	131.8	0
332	253	131.9	0
332	253	132	0
332	253	132.1	0
332	253	132.2	0
332	253	132.3	0
332	253	132.4	0
332	253	132.5	0
332	253	132.6	0
332	253	132.7	0
332	253	132.8	0
332	253	132.9	0
332	253	133	0
332	253	133.1	0
332	253	133.2	0
332	253	133.3	0
332	253	133.4	0
332	253	133.5	0
332	253	133.6	0
332	253	133.7	0
332	253	133.8	0
332	253	133.9	0
332	253	134	0
332	253	134.1	0
332	253	134.2	0
332	253	134.3	0
332	253	134.4	0
332	253	134.5	0
332	253	134.6	0
332	253	134.7	0
332	253	134.8	0
332	253	134.9	0
332	253	135	0
332	253	135.1	0
332	253	135.2	0
332	253	135.3	0
332	253	135.4	0
332	253	135.5	0
332	253	135.6	0
332	253	135.7	0
332	253	135.8	0
332	253	135.9	0
332	253	136	0
332	253	136.1	0
332	253	136.2	0
332	253	136.3	0
332	253	136.4	0
332	253	136.5	0
332	253	136.6	0
332	253	136.7	0
332	253	136.8	0
332	253	136.9	0
332	253	137	0
332	253	137.1	0
332	253	137.2	0
332	253	137.3	0
332	253	137.4	0
332	253	137.5	0
332	253	137.6	0
332	253	137.7	0
332	253	137.8	0
332	253	137.9	0
332	253	138	0
332	253	138.1	0
332	253	138.2	0
332	253	138.3	0
332	253	138.4	0
332	253	138.5	0
332	253	138.6	0
332	253	138.7	0
332	253	138.8	0
332	253	138.9	0
332	253	139	0
332	253	139.1	0
332	253	139.2	0
332	253	139.3	0
332	253	139.4	0
332	253	139.5	0
332	253	139.6	0
332	253	139.7	0
332	253	139.8	0
332	253	139.9	0
332	253	140	0
332	253	140.1	0
332	253	140.2	0
332	253	140.3	0
332	253	140.4	0
332	253	140.5	0
332	253	140.6	0
332	253	140.7	0
332	253	140.8	0
332	253	140.9	1
332	253	141	1
332	253	141.1	0
332	253	141.2	0
332	253	141.3	0
332	253	141.4	0
332	253	141.5	0
332	253	141.6	0
332	253	141.7	1
332	253	141.8	1
332	253	141.9	0
332	253	142	0
332	253	142.1	0
332	253	142.2	1
332	253	142.3	1
332	253	142.4	0
332	253	142.5	0
332	253	142.6	0
332	253	142.7	0
332	253	142.8	0
332	253	142.9	0
332	253	143	0
332	253	143.1	0
332	253	143.2	0
332	253	143.3	0
332	253	143.4	0
332	253	143.5	0
332	253	143.6	0
332	253	143.7	0
332	253	143.8	0
332	253	143.9	0
332	253	144	0
332	253	144.1	0
332	253	144.2	0
332	253	144.3	0
332	253	144.4	0
332	253	144.5	0
332	253	144.6	0
332	253	144.7	0
332	253	144.8	0
332	253	144.9	0
332	253	145	0
332	253	145.1	0
332	253	145.2	0
332	253	145.3	0
332	253	145.4	0
332	253	145.5	0
332	253	145.6	0
332	253	145.7	0
332	253	145.8	0
332	253	145.9	0
332	253	146	0
332	253	146.1	0
332	253	146.2	0
332	253	146.3	0
332	253	146.4	0
332	253	146.5	0
332	253	146.6	0
332	253	146.7	0
332	253	146.8	0
332	253	146.9	0
332	253	147	0
332	253	147.1	0
332	253	147.2	0
332	253	147.3	0
332	253	147.4	1
332	253	147.5	1
332	253	147.6	0
332	253	147.7	0
332	253	147.8	0
332	253	147.9	0
332	253	148	0
332	253	148.1	0
332	253	148.2	0
332	253	148.3	0
332	253	148.4	0
332	253	148.5	0
332	253	148.6	0
332	253	148.7	1
332	253	148.8	1
332	253	148.9	0
332	253	149	0
332	253	149.1	0
332	253	149.2	0
332	253	149.3	0
332	253	149.4	0
332	253	149.5	0
332	253	149.6	0
332	253	149.7	0
332	253	149.8	0
332	253	149.9	0
332	253	150	0
332	253	150.1	0
332	253	150.2	0
332	253	150.3	0
332	253	150.4	0
332	253	150.5	0
332	253	150.6	0
332	253	150.7	0
332	253	150.8	0
332	253	150.9	0
332	253	151	0
332	253	151.1	1
332	253	151.2	1
332	253	151.3	0
332	262	151.4	0
332	265	151.5	0
332	268	151.6	0
332	271	151.7	0
333	272	151.8	0
333	274	151.9	0
333	274	152	0
333	274	152.1	1
333	274	152.2	0
333	274	152.3	0
333	274	152.4	0
333	274	152.5	0
333	274	152.6	0
333	274	152.7	0
333	274	152.8	0
333	274	152.9	0
333	274	153	0
333	274	153.1	0
333	274	153.2	0
333	274	153.3	0
333	274	153.4	0
333	274	153.5	0
333	274	153.6	0
333	274	153.7	0
333	274	153.8	0
333	274	153.9	0
333	274	154	0
333	274	154.1	0
333	274	154.2	0
336	271	154.3	0
337	270	154.4	0
339	266	154.5	0
341	264	154.6	0
341	264	154.7	0
341	264	154.8	0
341	259	154.9	0
341	258	155	0
341	258	155.1	0
341	258	155.2	0
341	258	155.3	0
341	258	155.4	1
341	258	155.5	0
341	258	155.6	0
341	258	155.7	0
341	258	155.8	0
341	258	155.9	0
341	258	156	0
341	258	156.1	0
341	258	156.2	0
341	258	156.3	0
341	258	156.4	0
341	258	156.5	0
341	258	156.6	0
341	258	156.7	0
341	258	156.8	0
341	258	156.9	0
341	258	157	0
341	258	157.1	0
341	258	157.2	0
341	258	157.3	0
341	258	157.4	0
341	258	157.5	0
341	258	157.6	0
341	258	157.7	0
341	258	157.8	0
341	258	157.9	0
341	258	158	0
341	258	158.1	0
341	258	158.2	0
341	258	158.3	0
341	258	158.4	0
341	258	158.5	0
341	258	158.6	0
341	258	158.7	0
341	258	158.8	0
341	258	158.9	0
341	258	159	0
341	258	159.1	0
341	258	159.2	0
341	258	159.3	0
341	258	159.4	0
341	258	159.5	0
341	258	159.6	0
341	258	159.7	0
341	258	159.8	0
341	258	159.9	0
341	258	160	0
341	258	160.1	0
341	258	160.2	0
341	258	160.3	0
341	258	160.4	0
341	258	160.5	0
341	258	160.6	0
341	258	160.7	0
341	258	160.8	0
341	258	160.9	0
341	258	161	0
341	258	161.1	0
341	258	161.2	0
341	258	161.3	0
341	258	161.4	0
341	258	161.5	0
341	258	161.6	0
341	258	161.7	0
341	258	161.8	0
341	258	161.9	0
341	258	162	0
341	258	162.1	0
341	258	162.2	0
341	258	162.3	0
341	258	162.4	0
341	258	162.5	0
341	258	162.6	0
341	258	162.7	0
341	258	162.8	0
341	258	162.9	0
341	258	163	0
341	258	163.1	0
341	258	163.2	0
341	258	163.3	0
341	258	163.4	0
341	258	163.5	0
341	258	163.6	0
341	258	163.7	0
341	258	163.8	0
341	258	163.9	0
341	258	164	0
341	258	164.1	0
341	258	164.2	0
341	258	164.3	1
341	258	164.4	0
341	258	164.5	0
341	258	164.6	0
341	258	164.7	0
341	258	164.8	0
341	258	164.9	0
341	258	165	0
341	258	165.1	0
341	258	165.2	0
341	258	165.3	0
341	258	165.4	0
341	258	165.5	1
341	258	165.6	0
341	258	165.7	0
340	269	165.8	0
333	291	165.9	0
333	291	166	0
333	291	166.1	0
333	296	166.2	0
333	296	166.3	1
333	296	166.4	0
333	296	166.5	0
334	337	166.6	0
336	348	166.7	0
340	353	166.8	0
349	353	166.9	0
352	351	167	0
354	349	167.1	0
354	349	167.2	0
354	349	167.3	0
354	349	167.4	0
354	349	167.5	0
354	349	167.6	0
354	349	167.7	0
354	349	167.8	0
354	349	167.9	0
354	349	168	0
354	349	168.1	0
354	349	168.2	0
354	349	168.3	0
354	349	168.4	0
354	349	168.5	0
354	349	168.6	0
354	349	168.7	0
354	349	168.8	0
354	349	168.9	0
354	349	169	0
354	349	169.1	0
354	349	169.2	0
354	349	169.3	0
354	349	169.4	0
354	349	169.5	0
354	341	169.6	0
354	337	169.7	0
350	301	169.8	0
348	281	169.9	0
345	262	170	0
342	245	170.1	0
342	243	170.2	0
342	243	170.3	0
342	243	170.4	0
342	243	170.5	0
342	243	170.6	0
342	243	170.7	0
342	243	170.8	0
342	243	170.9	0
342	243	171	0
342	243	171.1	0
342	243	171.2	0
342	243	171.3	0
342	243	171.4	0
342	243	171.5	0
342	243	171.6	0
342	243	171.7	0
342	243	171.8	0
342	243	171.9	0
342	243	172	0
342	243	172.1	0
342	243	172.2	0
342	243	172.3	0
342	243	172.4	0
342	243	172.5	0
342	243	172.6	0
342	243	172.7	0
342	243	172.8	0
342	243	172.9	0
342	243	173	0
342	243	173.1	0
342	243	173.2	0
342	243	173.3	0
342	243	173.4	0
342	243	173.5	0
342	243	173.6	0
342	243	173.7	0
342	243	173.8	0
342	243	173.9	0
342	243	174	0
342	243	174.1	0
342	243	174.2	0
342	243	174.3	0
342	243	174.4	0
342	243	174.5	0
342	243	174.6	0
342	243	174.7	0
342	243	174.8	0
342	243	174.9	0
342	243	175	0
342	243	175.1	0
342	243	175.2	0
342	243	175.3	0
342	243	175.4	0
342	243	175.5	0
342	243	175.6	0
342	243	175.7	0
342	243	175.8	0
342	243	175.9	0
342	243	176	0
342	243	176.1	0
342	243	176.2	0
342	243	176.3	0
342	243	176.4	0
342	243	176.5	0
342	243	176.6	0
342	243	176.7	0
342	243	176.8	0
342	243	176.9	0
342	243	177	0
342	243	177.1	0
342	243	177.2	0
342	243	177.3	0
342	243	177.4	0
342	243	177.5	0
342	243	177.6	0
342	243	177.7	0
342	243	177.8	0
342	243	177.9	0
342	243	178	0
342	243	178.1	0
342	243	178.2	0
342	243	178.3	0
342	243	178.4	0
342	243	178.5	0
342	243	178.6	0
342	243	178.7	0
342	243	178.8	0
342	243	178.9	0
342	243	179	0
342	243	179.1	0
342	243	179.2	0
342	243	179.3	0
342	243	179.4	0
342	243	179.5	0
342	243	179.6	0
342	243	179.7	0
342	243	179.8	1
342	243	179.9	1
342	243	180	1
342	243	180.1	1
342	243	180.2	1
342	243	180.3	1
342	243	180.4	1
342	243	180.5	1
342	243	180.6	1
342	243	180.7	1
342	243	180.8	1
342	243	180.9	1
342	243	181	0
342	243	181.1	0
342	243	181.2	0
342	243	181.3	0
342	243	181.4	0
342	243	181.5	0
342	243	181.6	0
342	243	181.7	0
342	243	181.8	0
342	243	181.9	0
342	243	182	0
342	243	182.1	0
342	243	182.2	0
342	243	182.3	0
342	243	182.4	0
342	243	182.5	0
342	243	182.6	0
342	243	182.7	0
342	243	182.8	0
342	243	182.9	0
342	243	183	0
342	243	183.1	0
342	243	183.2	0
342	243	183.3	0
342	243	183.4	0
342	243	183.5	0
342	243	183.6	0
342	243	183.7	0
342	243	183.8	0
342	243	183.9	0
342	243	184	0
342	243	184.1	0
342	243	184.2	0
342	243	184.3	0
342	243	184.4	0
342	243	184.5	0
342	243	184.6	0
342	243	184.7	0
342	243	184.8	0
342	243	184.9	0
342	243	185	0
342	243	185.1	0
342	243	185.2	0
342	243	185.3	0
342	243	185.4	0
342	243	185.5	0
342	243	185.6	0
342	243	185.7	0
342	243	185.8	0
342	243	185.9	0
342	243	186	0
342	243	186.1	0
342	243	186.2	0
342	243	186.3	0
342	243	186.4	0
342	243	186.5	0
342	243	186.6	0
342	243	186.7	0
342	243	186.8	0
342	243	186.9	0
342	243	187	0
342	243	187.1	0
342	243	187.2	0
342	243	187.3	0
342	243	187.4	0
342	243	187.5	0
342	243	187.6	0
342	243	187.7	0
342	243	187.8	0
342	243	187.9	0
342	243	188	0
342	243	188.1	0
342	243	188.2	0
342	243	188.3	0
342	243	188.4	0
342	243	188.5	0
342	243	188.6	0
342	243	188.7	0
342	243	188.8	0
342	243	188.9	0
342	243	189	0
342	243	189.1	0
342	243	189.2	0
342	243	189.3	0
342	243	189.4	0
342	243	189.5	0
342	243	189.6	0
342	243	189.7	0
342	243	189.8	0
342	243	189.9	0
342	243	190	0
342	243	190.1	0
342	243	190.2	0
342	243	190.3	0
342	243	190.4	0
342	243	190.5	0
342	243	190.6	0
342	243	190.7	0
342	243	190.8	0
342	243	190.9	0
342	243	191	0
342	243	191.1	0
342	243	191.2	0
342	243	191.3	0
342	243	191.4	0
342	243	191.5	0
342	243	191.6	0
342	243	191.7	0
342	243	191.8	0
342	243	191.9	0
342	243	192	0
342	243	192.1	0
342	243	192.2	0
342	243	192.3	0
342	243	192.4	0
342	245	192.5	0
342	246	192.6	0
342	249	192.7	0
342	250	192.8	0
342	255	192.9	0
342	255	193	0
342	255	193.1	0
342	255	193.2	0
342	258	193.3	0
342	258	193.4	0
342	262	193.5	0
342	262	193.6	0
341	266	193.7	0
340	266	193.8	0
340	266	193.9	0
340	269	194	0
337	279	194.1	0
336	285	194.2	0
336	288	194.3	0
336	292	194.4	0
336	295	194.5	0
336	298	194.6	0
337	301	194.7	0
340	304	194.8	0
340	308	194.9	0
340	319	195	0
340	320	195.1	0
340	322	195.2	0
340	323	195.3	0
340	325	195.4	0
340	328	195.5	0
341	334	195.6	0
343	339	195.7	0
346	341	195.8	0
346	341	195.9	0
346	341	196	0
346	341	196.1	0
346	341	196.2	0
346	341	196.3	0
346	341	196.4	0
346	341	196.5	0
346	341	196.6	0
346	341	196.7	0
348	341	196.8	0
348	341	196.9	0
350	341	197	0
351	341	197.1	0
351	339	197.2	0
352	337	197.3	0
352	334	197.4	0
352	334	197.5	0
352	334	197.6	0
352	330	197.7	0
352	329	197.8	0
352	324	197.9	0
352	320	198	0
352	315	198.1	0
352	307	198.2	0
352	305	198.3	0
352	295	198.4	0
352	282	198.5	0
352	278	198.6	0
351	272	198.7	0
351	271	198.8	0
349	260	198.9	0
349	258	199	0
349	255	199.1	0
349	255	199.2	0
349	255	199.3	0
349	255	199.4	0
349	255	199.5	0
349	255	199.6	0
349	255	199.7	0
349	255	199.8	0
349	255	199.9	0
349	255	200	0
349	255	200.1	0
349	255	200.2	0
349	255	200.3	0
349	255	200.4	0
349	255	200.5	0
349	255	200.6	0
349	255	200.7	0
349	255	200.8	0
349	255	200.9	0
349	255	201	0
349	255	201.1	0
349	255	201.2	0
349	255	201.3	0
349	255	201.4	0
349	255	201.5	0
349	255	201.6	0
349	255	201.7	0
349	255	201.8	0
349	255	201.9	0
349	255	202	0
349	255	202.1	0
349	255	202.2	0
349	255	202.3	0
349	255	202.4	0
349	255	202.5	0
349	255	202.6	0
349	255	202.7	0
349	255	202.8	0
349	255	202.9	0
349	255	203	0
349	255	203.1	0
349	255	203.2	0
349	255	203.3	0
349	255	203.4	0
349	255	203.5	0
349	255	203.6	0
349	255	203.7	0
349	255	203.8	0
349	255	203.9	0
349	255	204	0
349	255	204.1	0
349	255	204.2	0
349	255	204.3	0
349	255	204.4	0
349	255	204.5	0
349	255	204.6	0
349	255	204.7	0
349	255	204.8	0
349	255	204.9	0
349	255	205	0
349	255	205.1	0
349	255	205.2	0
349	255	205.3	0
349	255	205.4	0
349	255	205.5	0
349	255	205.6	0
349	255	205.7	0
349	255	205.8	0
349	255	205.9	0
349	255	206	0
349	255	206.1	0
349	255	206.2	0
349	255	206.3	0
349	255	206.4	0
349	255	206.5	0
349	255	206.6	0
349	255	206.7	0
349	255	206.8	0
349	255	206.9	0
349	255	207	0
349	255	207.1	0
349	255	207.2	0
349	255	207.3	0
349	255	207.4	0
349	255	207.5	0
349	255	207.6	0
349	255	207.7	0
349	255	207.8	0
349	255	207.9	0
349	255	208	0
308	255	208.1	0
293	255	208.2	0
257	255	208.3	0
213	251	208.4	0
174	248	208.5	0
113	248	208.6	0
73	248	208.7	0
72	248	208.8	0
72	248	208.9	0
52	250	209	0
49	256	209.1	0
48	258	209.2	1
47	258	209.3	0
47	258	209.4	0
55	257	209.5	0
167	301	209.6	0
218	301	209.7	0
240	279	209.8	0
272	253	209.9	0
307	249	210	0
337	274	210.1	0
337	274	210.2	0
340	274	210.3	0
341	273	210.4	0
341	273	210.5	0
342	271	210.6	0
343	271	210.7	0
343	271	210.8	0
343	271	210.9	0
347	267	211	0
347	267	211.1	0
347	267	211.2	0
347	267	211.3	0
347	267	211.4	0
347	267	211.5	0
347	267	211.6	0
347	267	211.7	0
347	267	211.8	0
347	267	211.9	0
347	267	212	0
347	267	212.1	0
347	267	212.2	0
347	267	212.3	0
347	267	212.4	0
347	267	212.5	0
347	267	212.6	0
347	267	212.7	0
347	267	212.8	0
347	267	212.9	0
347	267	213	0
347	267	213.1	0
347	267	213.2	0
347	267	213.3	0
347	267	213.4	0
347	267	213.5	0
347	267	213.6	0
347	267	213.7	0
347	267	213.8	0
347	267	213.9	0
347	267	214	0
347	267	214.1	0
347	267	214.2	0
347	267	214.3	0
347	267	214.4	0
347	267	214.5	0
347	267	214.6	0
347	267	214.7	0
347	267	214.8	0
347	267	214.9	0
347	267	215	0
347	267	215.1	0
347	267	215.2	0
347	267	215.3	0
347	267	215.4	0
347	267	215.5	0
347	267	215.6	0
347	267	215.7	0
347	267	215.8	0
347	267	215.9	0
347	267	216	0
347	267	216.1	0
347	267	216.2	0
347	267	216.3	0
347	267	216.4	0
347	267	216.5	0
347	267	216.6	0
347	267	216.7	0
347	267	216.8	0
347	267	216.9	0
347	267	217	0
347	267	217.1	0
347	267	217.2	0
347	267	217.3	0
347	267	217.4	0
347	267	217.5	0
347	267	217.6	0
347	267	217.7	0
347	267	217.8	0
347	267	217.9	0
347	267	218	0
347	267	218.1	0
347	267	218.2	0
347	267	218.3	0
347	267	218.4	0
347	267	218.5	0
347	267	218.6	0
347	267	218.7	0
347	267	218.8	0
347	267	218.9	0
347	267	219	0
347	267	219.1	0
347	267	219.2	0
347	267	219.3	0
347	267	219.4	0
347	267	219.5	0
347	267	219.6	0
347	267	219.7	0
347	267	219.8	0
347	267	219.9	0
347	267	220	0
347	267	220.1	0
347	267	220.2	0
347	267	220.3	0
347	267	220.4	0
347	267	220.5	0
347	267	220.6	0
347	267	220.7	0
347	267	220.8	0
347	267	220.9	0
347	267	221	0
347	267	221.1	0
347	267	221.2	0
347	267	221.3	0
347	267	221.4	0
347	267	221.5	0
347	267	221.6	0
347	267	221.7	0
347	267	221.8	0
347	267	221.9	0
347	267	222	0
347	267	222.1	0
347	267	222.2	0
347	267	222.3	0
347	267	222.4	0
347	267	222.5	0
347	267	222.6	0
347	267	222.7	0
347	267	222.8	0
347	267	222.9	0
347	267	223	0
347	267	223.1	0
347	267	223.2	0
347	267	223.3	0
348	267	223.4	0
348	267	223.5	0
348	267	223.6	0
348	267	223.7	0
348	267	223.8	0
348	267	223.9	0
348	267	224	0
348	267	224.1	0
348	267	224.2	0
348	267	224.3	0
348	267	224.4	0
348	267	224.5	0
348	267	224.6	0
348	267	224.7	0
348	267	224.8	0
348	267	224.9	0
348	267	225	0
348	267	225.1	0
348	267	225.2	0
348	267	225.3	0
348	267	225.4	0
348	267	225.5	0
348	267	225.6	0
348	267	225.7	0
348	267	225.8	0
348	267	225.9	0
348	267	226	0
348	267	226.1	0
348	267	226.2	0
348	267	226.3	0
348	267	226.4	0
348	267	226.5	0
348	267	226.6	0
348	267	226.7	0
348	267	226.8	0
348	267	226.9	0
348	267	227	0
348	267	227.1	0
348	267	227.2	0
348	267	227.3	0
348	267	227.4	0
348	267	227.5	0
348	267	227.6	0
348	267	227.7	0
348	267	227.8	0
348	267	227.9	0
348	267	228	0
348	267	228.1	0
348	267	228.2	0
348	267	228.3	0
348	267	228.4	0
348	267	228.5	0
348	267	228.6	0
348	267	228.7	0
348	267	228.8	0
348	267	228.9	0
348	267	229	0
348	267	229.1	0
348	267	229.2	0
348	267	229.3	0
348	267	229.4	0
348	267	229.5	0
348	267	229.6	0
348	267	229.7	0
348	267	229.8	0
348	267	229.9	0
340	269	230	0
341	279	230.1	0
345	278	230.2	0
345	278	230.3	0
345	278	230.4	0
343	257	230.5	0
342	249	230.6	0
342	249	230.7	0
342	251	230.8	0
343	252	230.9	0
367	248	231	0
367	248	231.1	0
368	248	231.2	0
376	248	231.3	0
393	259	231.4	0
395	265	231.5	0
407	291	231.6	0
410	339	231.7	0
405	356	231.8	0
384	309	231.9	0
384	283	232	0
398	267	232.1	0
435	309	232.2	0
427	355	232.3	0
363	353	232.4	0
336	285	232.5	0
346	255	232.6	0
357	245	232.7	0
366	245	232.8	0
380	252	232.9	0
392	298	233	0
392	334	233.1	0
388	349	233.2	0
368	317	233.3	0
367	293	233.4	0
367	281	233.5	0
378	259	233.6	0
391	252	233.7	0
431	290	233.8	0
440	312	233.9	0
439	338	234	0
387	341	234.1	0
323	309	234.2	0
319	281	234.3	0
325	263	234.4	0
329	263	234.5	0
338	297	234.6	0
156	295	234.7	0
62	254	234.8	0
27	251	234.9	0
27	251	235	0
27	251	235.1	0
48	254	235.2	0
48	254	235.3	1
48	254	235.4	0
55	254	235.5	0
157	257	235.6	0
224	285	235.7	0
292	304	235.8	0
292	304	235.9	0
307	304	236	0
330	304	236.1	0
330	304	236.2	0
330	304	236.3	0
330	304	236.4	0
335	295	236.5	0
335	295	236.6	0
335	295	236.7	0
335	295	236.8	0
335	295	236.9	0
335	295	237	0
335	295	237.1	0
335	295	237.2	0
335	295	237.3	0
335	295	237.4	0
335	295	237.5	0
335	295	237.6	0
335	295	237.7	0
335	295	237.8	0
335	295	237.9	0
335	295	238	0
335	295	238.1	0
335	295	238.2	0
335	295	238.3	0
335	295	238.4	0
335	295	238.5	0
335	295	238.6	0
335	295	238.7	0
335	295	238.8	0
335	295	238.9	0
335	294	239	0
335	294	239.1	0
335	294	239.2	0
335	294	239.3	0
335	294	239.4	0
335	294	239.5	0
335	294	239.6	0
335	294	239.7	0
335	294	239.8	0
335	294	239.9	0
335	294	240	0
